Mensaje I / 00:00:00:000 / Root(00) para top(01)
Mensaje I / 00:00:00:000 / top(01) para application(02)
Mensaje D / 00:00:00:000 / application(02) / ... para top(01)
Mensaje D / 00:00:00:000 / top(01) / ... para Root(00)
Mensaje X / 00:00:10:000 / Root(00) / infromhttpuser /     11.00000 para top(01)
Mensaje X / 00:00:10:000 / top(01) / http_in /     11.00000 para application(02)
Mensaje D / 00:00:10:000 / application(02) / 00:00:05:000 para top(01)
Mensaje D / 00:00:10:000 / top(01) / 00:00:05:000 para Root(00)
Mensaje * / 00:00:15:000 / Root(00) para top(01)
Mensaje * / 00:00:15:000 / top(01) para application(02)
Mensaje Y / 00:00:15:000 / application(02) / applicationout /   1180.00000 para top(01)
Mensaje D / 00:00:15:000 / application(02) / ... para top(01)
Mensaje Y / 00:00:15:000 / top(01) / outtotransport /   1180.00000 para Root(00)
Mensaje D / 00:00:15:000 / top(01) / ... para Root(00)
Mensaje X / 00:00:16:000 / Root(00) / infromhttpuser /     12.00000 para top(01)
Mensaje X / 00:00:16:000 / top(01) / http_in /     12.00000 para application(02)
Mensaje D / 00:00:16:000 / application(02) / 00:00:05:000 para top(01)
Mensaje D / 00:00:16:000 / top(01) / 00:00:05:000 para Root(00)
Mensaje * / 00:00:21:000 / Root(00) para top(01)
Mensaje * / 00:00:21:000 / top(01) para application(02)
Mensaje Y / 00:00:21:000 / application(02) / applicationout /   1280.00000 para top(01)
Mensaje D / 00:00:21:000 / application(02) / ... para top(01)
Mensaje Y / 00:00:21:000 / top(01) / outtotransport /   1280.00000 para Root(00)
Mensaje D / 00:00:21:000 / top(01) / ... para Root(00)
Mensaje X / 00:00:22:000 / Root(00) / infromhttpuser /     13.00000 para top(01)
Mensaje X / 00:00:22:000 / top(01) / http_in /     13.00000 para application(02)
Mensaje D / 00:00:22:000 / application(02) / 00:00:05:000 para top(01)
Mensaje D / 00:00:22:000 / top(01) / 00:00:05:000 para Root(00)
Mensaje * / 00:00:27:000 / Root(00) para top(01)
Mensaje * / 00:00:27:000 / top(01) para application(02)
Mensaje Y / 00:00:27:000 / application(02) / applicationout /   1380.00000 para top(01)
Mensaje D / 00:00:27:000 / application(02) / ... para top(01)
Mensaje Y / 00:00:27:000 / top(01) / outtotransport /   1380.00000 para Root(00)
Mensaje D / 00:00:27:000 / top(01) / ... para Root(00)
Mensaje X / 00:00:28:000 / Root(00) / infromhttpuser /     14.00000 para top(01)
Mensaje X / 00:00:28:000 / top(01) / http_in /     14.00000 para application(02)
Mensaje D / 00:00:28:000 / application(02) / 00:00:05:000 para top(01)
Mensaje D / 00:00:28:000 / top(01) / 00:00:05:000 para Root(00)
Mensaje * / 00:00:33:000 / Root(00) para top(01)
Mensaje * / 00:00:33:000 / top(01) para application(02)
Mensaje Y / 00:00:33:000 / application(02) / applicationout /   1480.00000 para top(01)
Mensaje D / 00:00:33:000 / application(02) / ... para top(01)
Mensaje Y / 00:00:33:000 / top(01) / outtotransport /   1480.00000 para Root(00)
Mensaje D / 00:00:33:000 / top(01) / ... para Root(00)
Mensaje X / 00:00:35:000 / Root(00) / infromhttpuser /     15.00000 para top(01)
Mensaje X / 00:00:35:000 / top(01) / http_in /     15.00000 para application(02)
Mensaje D / 00:00:35:000 / application(02) / 00:00:05:000 para top(01)
Mensaje D / 00:00:35:000 / top(01) / 00:00:05:000 para Root(00)
Mensaje * / 00:00:40:000 / Root(00) para top(01)
Mensaje * / 00:00:40:000 / top(01) para application(02)
Mensaje Y / 00:00:40:000 / application(02) / applicationout /   1580.00000 para top(01)
Mensaje D / 00:00:40:000 / application(02) / ... para top(01)
Mensaje Y / 00:00:40:000 / top(01) / outtotransport /   1580.00000 para Root(00)
Mensaje D / 00:00:40:000 / top(01) / ... para Root(00)
Mensaje X / 00:00:41:000 / Root(00) / infromftpuser /     11.00000 para top(01)
Mensaje X / 00:00:41:000 / top(01) / ftp_in /     11.00000 para application(02)
Mensaje D / 00:00:41:000 / application(02) / 00:00:05:000 para top(01)
Mensaje D / 00:00:41:000 / top(01) / 00:00:05:000 para Root(00)
Mensaje * / 00:00:46:000 / Root(00) para top(01)
Mensaje * / 00:00:46:000 / top(01) para application(02)
Mensaje Y / 00:00:46:000 / application(02) / applicationout /   1121.00000 para top(01)
Mensaje D / 00:00:46:000 / application(02) / ... para top(01)
Mensaje Y / 00:00:46:000 / top(01) / outtotransport /   1121.00000 para Root(00)
Mensaje D / 00:00:46:000 / top(01) / ... para Root(00)
Mensaje X / 00:00:51:000 / Root(00) / infromftpuser /     12.00000 para top(01)
Mensaje X / 00:00:51:000 / top(01) / ftp_in /     12.00000 para application(02)
Mensaje D / 00:00:51:000 / application(02) / 00:00:05:000 para top(01)
Mensaje D / 00:00:51:000 / top(01) / 00:00:05:000 para Root(00)
Mensaje * / 00:00:56:000 / Root(00) para top(01)
Mensaje * / 00:00:56:000 / top(01) para application(02)
Mensaje Y / 00:00:56:000 / application(02) / applicationout /   1221.00000 para top(01)
Mensaje D / 00:00:56:000 / application(02) / ... para top(01)
Mensaje Y / 00:00:56:000 / top(01) / outtotransport /   1221.00000 para Root(00)
Mensaje D / 00:00:56:000 / top(01) / ... para Root(00)
Mensaje X / 00:01:00:000 / Root(00) / infromftpuser /     13.00000 para top(01)
Mensaje X / 00:01:00:000 / top(01) / ftp_in /     13.00000 para application(02)
Mensaje D / 00:01:00:000 / application(02) / 00:00:05:000 para top(01)
Mensaje D / 00:01:00:000 / top(01) / 00:00:05:000 para Root(00)
Mensaje X / 00:01:00:000 / Root(00) / infromftpuser /     14.00000 para top(01)
Mensaje X / 00:01:00:000 / top(01) / ftp_in /     14.00000 para application(02)
Mensaje D / 00:01:00:000 / application(02) / 00:00:05:000 para top(01)
Mensaje D / 00:01:00:000 / top(01) / 00:00:05:000 para Root(00)
Mensaje * / 00:01:05:000 / Root(00) para top(01)
Mensaje * / 00:01:05:000 / top(01) para application(02)
Mensaje Y / 00:01:05:000 / application(02) / applicationout /   1421.00000 para top(01)
Mensaje D / 00:01:05:000 / application(02) / ... para top(01)
Mensaje Y / 00:01:05:000 / top(01) / outtotransport /   1421.00000 para Root(00)
Mensaje D / 00:01:05:000 / top(01) / ... para Root(00)
Mensaje X / 00:01:10:000 / Root(00) / infromftpuser /     15.00000 para top(01)
Mensaje X / 00:01:10:000 / top(01) / ftp_in /     15.00000 para application(02)
Mensaje D / 00:01:10:000 / application(02) / 00:00:05:000 para top(01)
Mensaje D / 00:01:10:000 / top(01) / 00:00:05:000 para Root(00)
Mensaje * / 00:01:15:000 / Root(00) para top(01)
Mensaje * / 00:01:15:000 / top(01) para application(02)
Mensaje Y / 00:01:15:000 / application(02) / applicationout /   1521.00000 para top(01)
Mensaje D / 00:01:15:000 / application(02) / ... para top(01)
Mensaje Y / 00:01:15:000 / top(01) / outtotransport /   1521.00000 para Root(00)
Mensaje D / 00:01:15:000 / top(01) / ... para Root(00)
Mensaje X / 00:01:20:000 / Root(00) / infromtelnetuser /     11.00000 para top(01)
Mensaje X / 00:01:20:000 / top(01) / telnet_in /     11.00000 para application(02)
Mensaje D / 00:01:20:000 / application(02) / 00:00:05:000 para top(01)
Mensaje D / 00:01:20:000 / top(01) / 00:00:05:000 para Root(00)
Mensaje * / 00:01:25:000 / Root(00) para top(01)
Mensaje * / 00:01:25:000 / top(01) para application(02)
Mensaje Y / 00:01:25:000 / application(02) / applicationout /   1123.00000 para top(01)
Mensaje D / 00:01:25:000 / application(02) / ... para top(01)
Mensaje Y / 00:01:25:000 / top(01) / outtotransport /   1123.00000 para Root(00)
Mensaje D / 00:01:25:000 / top(01) / ... para Root(00)
Mensaje X / 00:01:30:000 / Root(00) / infromtelnetuser /     12.00000 para top(01)
Mensaje X / 00:01:30:000 / top(01) / telnet_in /     12.00000 para application(02)
Mensaje D / 00:01:30:000 / application(02) / 00:00:05:000 para top(01)
Mensaje D / 00:01:30:000 / top(01) / 00:00:05:000 para Root(00)
Mensaje * / 00:01:35:000 / Root(00) para top(01)
Mensaje * / 00:01:35:000 / top(01) para application(02)
Mensaje Y / 00:01:35:000 / application(02) / applicationout /   1223.00000 para top(01)
Mensaje D / 00:01:35:000 / application(02) / ... para top(01)
Mensaje Y / 00:01:35:000 / top(01) / outtotransport /   1223.00000 para Root(00)
Mensaje D / 00:01:35:000 / top(01) / ... para Root(00)
Mensaje X / 00:01:40:000 / Root(00) / infromtelnetuser /     13.00000 para top(01)
Mensaje X / 00:01:40:000 / top(01) / telnet_in /     13.00000 para application(02)
Mensaje D / 00:01:40:000 / application(02) / 00:00:05:000 para top(01)
Mensaje D / 00:01:40:000 / top(01) / 00:00:05:000 para Root(00)
Mensaje * / 00:01:45:000 / Root(00) para top(01)
Mensaje * / 00:01:45:000 / top(01) para application(02)
Mensaje Y / 00:01:45:000 / application(02) / applicationout /   1323.00000 para top(01)
Mensaje D / 00:01:45:000 / application(02) / ... para top(01)
Mensaje Y / 00:01:45:000 / top(01) / outtotransport /   1323.00000 para Root(00)
Mensaje D / 00:01:45:000 / top(01) / ... para Root(00)
Mensaje X / 00:01:50:000 / Root(00) / infromtelnetuser /     14.00000 para top(01)
Mensaje X / 00:01:50:000 / top(01) / telnet_in /     14.00000 para application(02)
Mensaje D / 00:01:50:000 / application(02) / 00:00:05:000 para top(01)
Mensaje D / 00:01:50:000 / top(01) / 00:00:05:000 para Root(00)
Mensaje * / 00:01:55:000 / Root(00) para top(01)
Mensaje * / 00:01:55:000 / top(01) para application(02)
Mensaje Y / 00:01:55:000 / application(02) / applicationout /   1423.00000 para top(01)
Mensaje D / 00:01:55:000 / application(02) / ... para top(01)
Mensaje Y / 00:01:55:000 / top(01) / outtotransport /   1423.00000 para Root(00)
Mensaje D / 00:01:55:000 / top(01) / ... para Root(00)
Mensaje X / 00:02:00:000 / Root(00) / infromtelnetuser /     15.00000 para top(01)
Mensaje X / 00:02:00:000 / top(01) / telnet_in /     15.00000 para application(02)
Mensaje D / 00:02:00:000 / application(02) / 00:00:05:000 para top(01)
Mensaje D / 00:02:00:000 / top(01) / 00:00:05:000 para Root(00)
Mensaje X / 00:02:00:000 / Root(00) / infromsnmpuser /     11.00000 para top(01)
Mensaje X / 00:02:00:000 / top(01) / snmp_in /     11.00000 para application(02)
Mensaje D / 00:02:00:000 / application(02) / 00:00:05:000 para top(01)
Mensaje D / 00:02:00:000 / top(01) / 00:00:05:000 para Root(00)
Mensaje * / 00:02:05:000 / Root(00) para top(01)
Mensaje * / 00:02:05:000 / top(01) para application(02)
Mensaje Y / 00:02:05:000 / application(02) / applicationout /   1123.00000 para top(01)
Mensaje D / 00:02:05:000 / application(02) / ... para top(01)
Mensaje Y / 00:02:05:000 / top(01) / outtotransport /   1123.00000 para Root(00)
Mensaje D / 00:02:05:000 / top(01) / ... para Root(00)
Mensaje X / 00:02:10:000 / Root(00) / infromsnmpuser /     12.00000 para top(01)
Mensaje X / 00:02:10:000 / top(01) / snmp_in /     12.00000 para application(02)
Mensaje D / 00:02:10:000 / application(02) / 00:00:05:000 para top(01)
Mensaje D / 00:02:10:000 / top(01) / 00:00:05:000 para Root(00)
Mensaje * / 00:02:15:000 / Root(00) para top(01)
Mensaje * / 00:02:15:000 / top(01) para application(02)
Mensaje Y / 00:02:15:000 / application(02) / applicationout /   1223.00000 para top(01)
Mensaje D / 00:02:15:000 / application(02) / ... para top(01)
Mensaje Y / 00:02:15:000 / top(01) / outtotransport /   1223.00000 para Root(00)
Mensaje D / 00:02:15:000 / top(01) / ... para Root(00)
Mensaje X / 00:02:20:000 / Root(00) / infromsnmpuser /     13.00000 para top(01)
Mensaje X / 00:02:20:000 / top(01) / snmp_in /     13.00000 para application(02)
Mensaje D / 00:02:20:000 / application(02) / 00:00:05:000 para top(01)
Mensaje D / 00:02:20:000 / top(01) / 00:00:05:000 para Root(00)
Mensaje * / 00:02:25:000 / Root(00) para top(01)
Mensaje * / 00:02:25:000 / top(01) para application(02)
Mensaje Y / 00:02:25:000 / application(02) / applicationout /   1323.00000 para top(01)
Mensaje D / 00:02:25:000 / application(02) / ... para top(01)
Mensaje Y / 00:02:25:000 / top(01) / outtotransport /   1323.00000 para Root(00)
Mensaje D / 00:02:25:000 / top(01) / ... para Root(00)
Mensaje X / 00:02:30:000 / Root(00) / infromsnmpuser /     14.00000 para top(01)
Mensaje X / 00:02:30:000 / top(01) / snmp_in /     14.00000 para application(02)
Mensaje D / 00:02:30:000 / application(02) / 00:00:05:000 para top(01)
Mensaje D / 00:02:30:000 / top(01) / 00:00:05:000 para Root(00)
Mensaje * / 00:02:35:000 / Root(00) para top(01)
Mensaje * / 00:02:35:000 / top(01) para application(02)
Mensaje Y / 00:02:35:000 / application(02) / applicationout /   1423.00000 para top(01)
Mensaje D / 00:02:35:000 / application(02) / ... para top(01)
Mensaje Y / 00:02:35:000 / top(01) / outtotransport /   1423.00000 para Root(00)
Mensaje D / 00:02:35:000 / top(01) / ... para Root(00)
Mensaje X / 00:02:40:000 / Root(00) / infromsnmpuser /     15.00000 para top(01)
Mensaje X / 00:02:40:000 / top(01) / snmp_in /     15.00000 para application(02)
Mensaje D / 00:02:40:000 / application(02) / 00:00:05:000 para top(01)
Mensaje D / 00:02:40:000 / top(01) / 00:00:05:000 para Root(00)
Mensaje * / 00:02:45:000 / Root(00) para top(01)
Mensaje * / 00:02:45:000 / top(01) para application(02)
Mensaje Y / 00:02:45:000 / application(02) / applicationout /   1523.00000 para top(01)
Mensaje D / 00:02:45:000 / application(02) / ... para top(01)
Mensaje Y / 00:02:45:000 / top(01) / outtotransport /   1523.00000 para Root(00)
Mensaje D / 00:02:45:000 / top(01) / ... para Root(00)
Mensaje X / 00:02:50:000 / Root(00) / infromsmtpuser /     11.00000 para top(01)
Mensaje X / 00:02:50:000 / top(01) / smtp_in /     11.00000 para application(02)
Mensaje D / 00:02:50:000 / application(02) / 00:00:05:000 para top(01)
Mensaje D / 00:02:50:000 / top(01) / 00:00:05:000 para Root(00)
Mensaje * / 00:02:55:000 / Root(00) para top(01)
Mensaje * / 00:02:55:000 / top(01) para application(02)
Mensaje Y / 00:02:55:000 / application(02) / applicationout /   1125.00000 para top(01)
Mensaje D / 00:02:55:000 / application(02) / ... para top(01)
Mensaje Y / 00:02:55:000 / top(01) / outtotransport /   1125.00000 para Root(00)
Mensaje D / 00:02:55:000 / top(01) / ... para Root(00)
Mensaje X / 00:03:00:000 / Root(00) / infromsmtpuser /     12.00000 para top(01)
Mensaje X / 00:03:00:000 / top(01) / smtp_in /     12.00000 para application(02)
Mensaje D / 00:03:00:000 / application(02) / 00:00:05:000 para top(01)
Mensaje D / 00:03:00:000 / top(01) / 00:00:05:000 para Root(00)
Mensaje X / 00:03:00:000 / Root(00) / infromsmtpuser /     13.00000 para top(01)
Mensaje X / 00:03:00:000 / top(01) / smtp_in /     13.00000 para application(02)
Mensaje D / 00:03:00:000 / application(02) / 00:00:05:000 para top(01)
Mensaje D / 00:03:00:000 / top(01) / 00:00:05:000 para Root(00)
Mensaje * / 00:03:05:000 / Root(00) para top(01)
Mensaje * / 00:03:05:000 / top(01) para application(02)
Mensaje Y / 00:03:05:000 / application(02) / applicationout /   1325.00000 para top(01)
Mensaje D / 00:03:05:000 / application(02) / ... para top(01)
Mensaje Y / 00:03:05:000 / top(01) / outtotransport /   1325.00000 para Root(00)
Mensaje D / 00:03:05:000 / top(01) / ... para Root(00)
Mensaje X / 00:03:10:000 / Root(00) / infromsmtpuser /     14.00000 para top(01)
Mensaje X / 00:03:10:000 / top(01) / smtp_in /     14.00000 para application(02)
Mensaje D / 00:03:10:000 / application(02) / 00:00:05:000 para top(01)
Mensaje D / 00:03:10:000 / top(01) / 00:00:05:000 para Root(00)
Mensaje * / 00:03:15:000 / Root(00) para top(01)
Mensaje * / 00:03:15:000 / top(01) para application(02)
Mensaje Y / 00:03:15:000 / application(02) / applicationout /   1425.00000 para top(01)
Mensaje D / 00:03:15:000 / application(02) / ... para top(01)
Mensaje Y / 00:03:15:000 / top(01) / outtotransport /   1425.00000 para Root(00)
Mensaje D / 00:03:15:000 / top(01) / ... para Root(00)
Mensaje X / 00:03:20:000 / Root(00) / infromsmtpuser /     15.00000 para top(01)
Mensaje X / 00:03:20:000 / top(01) / smtp_in /     15.00000 para application(02)
Mensaje D / 00:03:20:000 / application(02) / 00:00:05:000 para top(01)
Mensaje D / 00:03:20:000 / top(01) / 00:00:05:000 para Root(00)
Mensaje * / 00:03:25:000 / Root(00) para top(01)
Mensaje * / 00:03:25:000 / top(01) para application(02)
Mensaje Y / 00:03:25:000 / application(02) / applicationout /   1525.00000 para top(01)
Mensaje D / 00:03:25:000 / application(02) / ... para top(01)
Mensaje Y / 00:03:25:000 / top(01) / outtotransport /   1525.00000 para Root(00)
Mensaje D / 00:03:25:000 / top(01) / ... para Root(00)
