Mensaje I / 00:00:00:000 / Root(00) para top(01)
Mensaje I / 00:00:00:000 / top(01) para datagramcreator1(02)
Mensaje I / 00:00:00:000 / top(01) para datagramstripper1(03)
Mensaje I / 00:00:00:000 / top(01) para checksumcreator1(04)
Mensaje I / 00:00:00:000 / top(01) para checksumvalidator1(05)
Mensaje D / 00:00:00:000 / datagramcreator1(02) / ... para top(01)
Mensaje D / 00:00:00:000 / datagramstripper1(03) / ... para top(01)
Mensaje D / 00:00:00:000 / checksumcreator1(04) / ... para top(01)
Mensaje D / 00:00:00:000 / checksumvalidator1(05) / ... para top(01)
Mensaje D / 00:00:00:000 / top(01) / ... para Root(00)
Mensaje X / 00:00:10:000 / Root(00) / infromapplication /   1280.00000 para top(01)
Mensaje X / 00:00:10:000 / top(01) / in /   1280.00000 para datagramcreator1(02)
Mensaje D / 00:00:10:000 / datagramcreator1(02) / 00:00:00:005 para top(01)
Mensaje D / 00:00:10:000 / top(01) / 00:00:00:005 para Root(00)
Mensaje * / 00:00:10:005 / Root(00) para top(01)
Mensaje * / 00:00:10:005 / top(01) para datagramcreator1(02)
Mensaje Y / 00:00:10:005 / datagramcreator1(02) / gocheck / 1200000000080.00000 para top(01)
Mensaje D / 00:00:10:005 / datagramcreator1(02) / ... para top(01)
Mensaje X / 00:00:10:005 / top(01) / in / 1200000000080.00000 para checksumcreator1(04)
Mensaje D / 00:00:10:005 / checksumcreator1(04) / 00:00:00:005 para top(01)
Mensaje D / 00:00:10:005 / top(01) / 00:00:00:005 para Root(00)
Mensaje * / 00:00:10:010 / Root(00) para top(01)
Mensaje * / 00:00:10:010 / top(01) para checksumcreator1(04)
Mensaje Y / 00:00:10:010 / checksumcreator1(04) / checksumcreatorout / 1200000009280.00000 para top(01)
Mensaje D / 00:00:10:010 / checksumcreator1(04) / ... para top(01)
Mensaje X / 00:00:10:010 / top(01) / checkin / 1200000009280.00000 para datagramcreator1(02)
Mensaje D / 00:00:10:010 / datagramcreator1(02) / 00:00:00:005 para top(01)
Mensaje D / 00:00:10:010 / top(01) / 00:00:00:005 para Root(00)
Mensaje * / 00:00:10:015 / Root(00) para top(01)
Mensaje * / 00:00:10:015 / top(01) para datagramcreator1(02)
Mensaje Y / 00:00:10:015 / datagramcreator1(02) / datagramcreatorout / 1200000009280.00000 para top(01)
Mensaje D / 00:00:10:015 / datagramcreator1(02) / ... para top(01)
Mensaje Y / 00:00:10:015 / top(01) / outtonetwork / 1200000009280.00000 para Root(00)
Mensaje D / 00:00:10:015 / top(01) / ... para Root(00)
Mensaje X / 00:00:16:000 / Root(00) / infromapplication /   1280.00000 para top(01)
Mensaje X / 00:00:16:000 / top(01) / in /   1280.00000 para datagramcreator1(02)
Mensaje D / 00:00:16:000 / datagramcreator1(02) / 00:00:00:005 para top(01)
Mensaje D / 00:00:16:000 / top(01) / 00:00:00:005 para Root(00)
Mensaje * / 00:00:16:005 / Root(00) para top(01)
Mensaje * / 00:00:16:005 / top(01) para datagramcreator1(02)
Mensaje Y / 00:00:16:005 / datagramcreator1(02) / gocheck / 1200000000080.00000 para top(01)
Mensaje D / 00:00:16:005 / datagramcreator1(02) / ... para top(01)
Mensaje X / 00:00:16:005 / top(01) / in / 1200000000080.00000 para checksumcreator1(04)
Mensaje D / 00:00:16:005 / checksumcreator1(04) / 00:00:00:005 para top(01)
Mensaje D / 00:00:16:005 / top(01) / 00:00:00:005 para Root(00)
Mensaje * / 00:00:16:010 / Root(00) para top(01)
Mensaje * / 00:00:16:010 / top(01) para checksumcreator1(04)
Mensaje Y / 00:00:16:010 / checksumcreator1(04) / checksumcreatorout / 1200000009280.00000 para top(01)
Mensaje D / 00:00:16:010 / checksumcreator1(04) / ... para top(01)
Mensaje X / 00:00:16:010 / top(01) / checkin / 1200000009280.00000 para datagramcreator1(02)
Mensaje D / 00:00:16:010 / datagramcreator1(02) / 00:00:00:005 para top(01)
Mensaje D / 00:00:16:010 / top(01) / 00:00:00:005 para Root(00)
Mensaje * / 00:00:16:015 / Root(00) para top(01)
Mensaje * / 00:00:16:015 / top(01) para datagramcreator1(02)
Mensaje Y / 00:00:16:015 / datagramcreator1(02) / datagramcreatorout / 1200000009280.00000 para top(01)
Mensaje D / 00:00:16:015 / datagramcreator1(02) / ... para top(01)
Mensaje Y / 00:00:16:015 / top(01) / outtonetwork / 1200000009280.00000 para Root(00)
Mensaje D / 00:00:16:015 / top(01) / ... para Root(00)
Mensaje X / 00:01:22:000 / Root(00) / infromapplication /   1380.00000 para top(01)
Mensaje X / 00:01:22:000 / top(01) / in /   1380.00000 para datagramcreator1(02)
Mensaje D / 00:01:22:000 / datagramcreator1(02) / 00:00:00:005 para top(01)
Mensaje D / 00:01:22:000 / top(01) / 00:00:00:005 para Root(00)
Mensaje * / 00:01:22:005 / Root(00) para top(01)
Mensaje * / 00:01:22:005 / top(01) para datagramcreator1(02)
Mensaje Y / 00:01:22:005 / datagramcreator1(02) / gocheck / 1300000000080.00000 para top(01)
Mensaje D / 00:01:22:005 / datagramcreator1(02) / ... para top(01)
Mensaje X / 00:01:22:005 / top(01) / in / 1300000000080.00000 para checksumcreator1(04)
Mensaje D / 00:01:22:005 / checksumcreator1(04) / 00:00:00:005 para top(01)
Mensaje D / 00:01:22:005 / top(01) / 00:00:00:005 para Root(00)
Mensaje * / 00:01:22:010 / Root(00) para top(01)
Mensaje * / 00:01:22:010 / top(01) para checksumcreator1(04)
Mensaje Y / 00:01:22:010 / checksumcreator1(04) / checksumcreatorout / 1300000009380.00000 para top(01)
Mensaje D / 00:01:22:010 / checksumcreator1(04) / ... para top(01)
Mensaje X / 00:01:22:010 / top(01) / checkin / 1300000009380.00000 para datagramcreator1(02)
Mensaje D / 00:01:22:010 / datagramcreator1(02) / 00:00:00:005 para top(01)
Mensaje D / 00:01:22:010 / top(01) / 00:00:00:005 para Root(00)
Mensaje * / 00:01:22:015 / Root(00) para top(01)
Mensaje * / 00:01:22:015 / top(01) para datagramcreator1(02)
Mensaje Y / 00:01:22:015 / datagramcreator1(02) / datagramcreatorout / 1300000009380.00000 para top(01)
Mensaje D / 00:01:22:015 / datagramcreator1(02) / ... para top(01)
Mensaje Y / 00:01:22:015 / top(01) / outtonetwork / 1300000009380.00000 para Root(00)
Mensaje D / 00:01:22:015 / top(01) / ... para Root(00)
Mensaje X / 00:02:28:000 / Root(00) / infromapplication /   1480.00000 para top(01)
Mensaje X / 00:02:28:000 / top(01) / in /   1480.00000 para datagramcreator1(02)
Mensaje D / 00:02:28:000 / datagramcreator1(02) / 00:00:00:005 para top(01)
Mensaje D / 00:02:28:000 / top(01) / 00:00:00:005 para Root(00)
Mensaje * / 00:02:28:005 / Root(00) para top(01)
Mensaje * / 00:02:28:005 / top(01) para datagramcreator1(02)
Mensaje Y / 00:02:28:005 / datagramcreator1(02) / gocheck / 1400000000080.00000 para top(01)
Mensaje D / 00:02:28:005 / datagramcreator1(02) / ... para top(01)
Mensaje X / 00:02:28:005 / top(01) / in / 1400000000080.00000 para checksumcreator1(04)
Mensaje D / 00:02:28:005 / checksumcreator1(04) / 00:00:00:005 para top(01)
Mensaje D / 00:02:28:005 / top(01) / 00:00:00:005 para Root(00)
Mensaje * / 00:02:28:010 / Root(00) para top(01)
Mensaje * / 00:02:28:010 / top(01) para checksumcreator1(04)
Mensaje Y / 00:02:28:010 / checksumcreator1(04) / checksumcreatorout / 1400000009480.00000 para top(01)
Mensaje D / 00:02:28:010 / checksumcreator1(04) / ... para top(01)
Mensaje X / 00:02:28:010 / top(01) / checkin / 1400000009480.00000 para datagramcreator1(02)
Mensaje D / 00:02:28:010 / datagramcreator1(02) / 00:00:00:005 para top(01)
Mensaje D / 00:02:28:010 / top(01) / 00:00:00:005 para Root(00)
Mensaje * / 00:02:28:015 / Root(00) para top(01)
Mensaje * / 00:02:28:015 / top(01) para datagramcreator1(02)
Mensaje Y / 00:02:28:015 / datagramcreator1(02) / datagramcreatorout / 1400000009480.00000 para top(01)
Mensaje D / 00:02:28:015 / datagramcreator1(02) / ... para top(01)
Mensaje Y / 00:02:28:015 / top(01) / outtonetwork / 1400000009480.00000 para Root(00)
Mensaje D / 00:02:28:015 / top(01) / ... para Root(00)
Mensaje X / 00:03:35:000 / Root(00) / infromapplication /   1580.00000 para top(01)
Mensaje X / 00:03:35:000 / top(01) / in /   1580.00000 para datagramcreator1(02)
Mensaje D / 00:03:35:000 / datagramcreator1(02) / 00:00:00:005 para top(01)
Mensaje D / 00:03:35:000 / top(01) / 00:00:00:005 para Root(00)
Mensaje * / 00:03:35:005 / Root(00) para top(01)
Mensaje * / 00:03:35:005 / top(01) para datagramcreator1(02)
Mensaje Y / 00:03:35:005 / datagramcreator1(02) / gocheck / 1500000000080.00000 para top(01)
Mensaje D / 00:03:35:005 / datagramcreator1(02) / ... para top(01)
Mensaje X / 00:03:35:005 / top(01) / in / 1500000000080.00000 para checksumcreator1(04)
Mensaje D / 00:03:35:005 / checksumcreator1(04) / 00:00:00:005 para top(01)
Mensaje D / 00:03:35:005 / top(01) / 00:00:00:005 para Root(00)
Mensaje * / 00:03:35:010 / Root(00) para top(01)
Mensaje * / 00:03:35:010 / top(01) para checksumcreator1(04)
Mensaje Y / 00:03:35:010 / checksumcreator1(04) / checksumcreatorout / 1500000009580.00000 para top(01)
Mensaje D / 00:03:35:010 / checksumcreator1(04) / ... para top(01)
Mensaje X / 00:03:35:010 / top(01) / checkin / 1500000009580.00000 para datagramcreator1(02)
Mensaje D / 00:03:35:010 / datagramcreator1(02) / 00:00:00:005 para top(01)
Mensaje D / 00:03:35:010 / top(01) / 00:00:00:005 para Root(00)
Mensaje * / 00:03:35:015 / Root(00) para top(01)
Mensaje * / 00:03:35:015 / top(01) para datagramcreator1(02)
Mensaje Y / 00:03:35:015 / datagramcreator1(02) / datagramcreatorout / 1500000009580.00000 para top(01)
Mensaje D / 00:03:35:015 / datagramcreator1(02) / ... para top(01)
Mensaje Y / 00:03:35:015 / top(01) / outtonetwork / 1500000009580.00000 para Root(00)
Mensaje D / 00:03:35:015 / top(01) / ... para Root(00)
Mensaje X / 00:04:10:000 / Root(00) / infromapplication /   1680.00000 para top(01)
Mensaje X / 00:04:10:000 / top(01) / in /   1680.00000 para datagramcreator1(02)
Mensaje D / 00:04:10:000 / datagramcreator1(02) / 00:00:00:005 para top(01)
Mensaje D / 00:04:10:000 / top(01) / 00:00:00:005 para Root(00)
Mensaje * / 00:04:10:005 / Root(00) para top(01)
Mensaje * / 00:04:10:005 / top(01) para datagramcreator1(02)
Mensaje Y / 00:04:10:005 / datagramcreator1(02) / gocheck / 1600000000080.00000 para top(01)
Mensaje D / 00:04:10:005 / datagramcreator1(02) / ... para top(01)
Mensaje X / 00:04:10:005 / top(01) / in / 1600000000080.00000 para checksumcreator1(04)
Mensaje D / 00:04:10:005 / checksumcreator1(04) / 00:00:00:005 para top(01)
Mensaje D / 00:04:10:005 / top(01) / 00:00:00:005 para Root(00)
Mensaje * / 00:04:10:010 / Root(00) para top(01)
Mensaje * / 00:04:10:010 / top(01) para checksumcreator1(04)
Mensaje Y / 00:04:10:010 / checksumcreator1(04) / checksumcreatorout / 1600000009680.00000 para top(01)
Mensaje D / 00:04:10:010 / checksumcreator1(04) / ... para top(01)
Mensaje X / 00:04:10:010 / top(01) / checkin / 1600000009680.00000 para datagramcreator1(02)
Mensaje D / 00:04:10:010 / datagramcreator1(02) / 00:00:00:005 para top(01)
Mensaje D / 00:04:10:010 / top(01) / 00:00:00:005 para Root(00)
Mensaje * / 00:04:10:015 / Root(00) para top(01)
Mensaje * / 00:04:10:015 / top(01) para datagramcreator1(02)
Mensaje Y / 00:04:10:015 / datagramcreator1(02) / datagramcreatorout / 1600000009680.00000 para top(01)
Mensaje D / 00:04:10:015 / datagramcreator1(02) / ... para top(01)
Mensaje Y / 00:04:10:015 / top(01) / outtonetwork / 1600000009680.00000 para Root(00)
Mensaje D / 00:04:10:015 / top(01) / ... para Root(00)
Mensaje X / 00:06:16:000 / Root(00) / infromapplication /   1780.00000 para top(01)
Mensaje X / 00:06:16:000 / top(01) / in /   1780.00000 para datagramcreator1(02)
Mensaje D / 00:06:16:000 / datagramcreator1(02) / 00:00:00:005 para top(01)
Mensaje D / 00:06:16:000 / top(01) / 00:00:00:005 para Root(00)
Mensaje * / 00:06:16:005 / Root(00) para top(01)
Mensaje * / 00:06:16:005 / top(01) para datagramcreator1(02)
Mensaje Y / 00:06:16:005 / datagramcreator1(02) / gocheck / 1700000000080.00000 para top(01)
Mensaje D / 00:06:16:005 / datagramcreator1(02) / ... para top(01)
Mensaje X / 00:06:16:005 / top(01) / in / 1700000000080.00000 para checksumcreator1(04)
Mensaje D / 00:06:16:005 / checksumcreator1(04) / 00:00:00:005 para top(01)
Mensaje D / 00:06:16:005 / top(01) / 00:00:00:005 para Root(00)
Mensaje * / 00:06:16:010 / Root(00) para top(01)
Mensaje * / 00:06:16:010 / top(01) para checksumcreator1(04)
Mensaje Y / 00:06:16:010 / checksumcreator1(04) / checksumcreatorout / 1700000009780.00000 para top(01)
Mensaje D / 00:06:16:010 / checksumcreator1(04) / ... para top(01)
Mensaje X / 00:06:16:010 / top(01) / checkin / 1700000009780.00000 para datagramcreator1(02)
Mensaje D / 00:06:16:010 / datagramcreator1(02) / 00:00:00:005 para top(01)
Mensaje D / 00:06:16:010 / top(01) / 00:00:00:005 para Root(00)
Mensaje * / 00:06:16:015 / Root(00) para top(01)
Mensaje * / 00:06:16:015 / top(01) para datagramcreator1(02)
Mensaje Y / 00:06:16:015 / datagramcreator1(02) / datagramcreatorout / 1700000009780.00000 para top(01)
Mensaje D / 00:06:16:015 / datagramcreator1(02) / ... para top(01)
Mensaje Y / 00:06:16:015 / top(01) / outtonetwork / 1700000009780.00000 para Root(00)
Mensaje D / 00:06:16:015 / top(01) / ... para Root(00)
Mensaje X / 00:07:22:000 / Root(00) / infromapplication /   1880.00000 para top(01)
Mensaje X / 00:07:22:000 / top(01) / in /   1880.00000 para datagramcreator1(02)
Mensaje D / 00:07:22:000 / datagramcreator1(02) / 00:00:00:005 para top(01)
Mensaje D / 00:07:22:000 / top(01) / 00:00:00:005 para Root(00)
Mensaje * / 00:07:22:005 / Root(00) para top(01)
Mensaje * / 00:07:22:005 / top(01) para datagramcreator1(02)
Mensaje Y / 00:07:22:005 / datagramcreator1(02) / gocheck / 1800000000080.00000 para top(01)
Mensaje D / 00:07:22:005 / datagramcreator1(02) / ... para top(01)
Mensaje X / 00:07:22:005 / top(01) / in / 1800000000080.00000 para checksumcreator1(04)
Mensaje D / 00:07:22:005 / checksumcreator1(04) / 00:00:00:005 para top(01)
Mensaje D / 00:07:22:005 / top(01) / 00:00:00:005 para Root(00)
Mensaje * / 00:07:22:010 / Root(00) para top(01)
Mensaje * / 00:07:22:010 / top(01) para checksumcreator1(04)
Mensaje Y / 00:07:22:010 / checksumcreator1(04) / checksumcreatorout / 1800000009880.00000 para top(01)
Mensaje D / 00:07:22:010 / checksumcreator1(04) / ... para top(01)
Mensaje X / 00:07:22:010 / top(01) / checkin / 1800000009880.00000 para datagramcreator1(02)
Mensaje D / 00:07:22:010 / datagramcreator1(02) / 00:00:00:005 para top(01)
Mensaje D / 00:07:22:010 / top(01) / 00:00:00:005 para Root(00)
Mensaje * / 00:07:22:015 / Root(00) para top(01)
Mensaje * / 00:07:22:015 / top(01) para datagramcreator1(02)
Mensaje Y / 00:07:22:015 / datagramcreator1(02) / datagramcreatorout / 1800000009880.00000 para top(01)
Mensaje D / 00:07:22:015 / datagramcreator1(02) / ... para top(01)
Mensaje Y / 00:07:22:015 / top(01) / outtonetwork / 1800000009880.00000 para Root(00)
Mensaje D / 00:07:22:015 / top(01) / ... para Root(00)
Mensaje X / 00:08:28:000 / Root(00) / infromapplication /   1980.00000 para top(01)
Mensaje X / 00:08:28:000 / top(01) / in /   1980.00000 para datagramcreator1(02)
Mensaje D / 00:08:28:000 / datagramcreator1(02) / 00:00:00:005 para top(01)
Mensaje D / 00:08:28:000 / top(01) / 00:00:00:005 para Root(00)
Mensaje * / 00:08:28:005 / Root(00) para top(01)
Mensaje * / 00:08:28:005 / top(01) para datagramcreator1(02)
Mensaje Y / 00:08:28:005 / datagramcreator1(02) / gocheck / 1900000000080.00000 para top(01)
Mensaje D / 00:08:28:005 / datagramcreator1(02) / ... para top(01)
Mensaje X / 00:08:28:005 / top(01) / in / 1900000000080.00000 para checksumcreator1(04)
Mensaje D / 00:08:28:005 / checksumcreator1(04) / 00:00:00:005 para top(01)
Mensaje D / 00:08:28:005 / top(01) / 00:00:00:005 para Root(00)
Mensaje * / 00:08:28:010 / Root(00) para top(01)
Mensaje * / 00:08:28:010 / top(01) para checksumcreator1(04)
Mensaje Y / 00:08:28:010 / checksumcreator1(04) / checksumcreatorout / 1900000009980.00000 para top(01)
Mensaje D / 00:08:28:010 / checksumcreator1(04) / ... para top(01)
Mensaje X / 00:08:28:010 / top(01) / checkin / 1900000009980.00000 para datagramcreator1(02)
Mensaje D / 00:08:28:010 / datagramcreator1(02) / 00:00:00:005 para top(01)
Mensaje D / 00:08:28:010 / top(01) / 00:00:00:005 para Root(00)
Mensaje * / 00:08:28:015 / Root(00) para top(01)
Mensaje * / 00:08:28:015 / top(01) para datagramcreator1(02)
Mensaje Y / 00:08:28:015 / datagramcreator1(02) / datagramcreatorout / 1900000009980.00000 para top(01)
Mensaje D / 00:08:28:015 / datagramcreator1(02) / ... para top(01)
Mensaje Y / 00:08:28:015 / top(01) / outtonetwork / 1900000009980.00000 para Root(00)
Mensaje D / 00:08:28:015 / top(01) / ... para Root(00)
Mensaje X / 00:10:35:000 / Root(00) / infromapplication /   2580.00000 para top(01)
Mensaje X / 00:10:35:000 / top(01) / in /   2580.00000 para datagramcreator1(02)
Mensaje D / 00:10:35:000 / datagramcreator1(02) / 00:00:00:005 para top(01)
Mensaje D / 00:10:35:000 / top(01) / 00:00:00:005 para Root(00)
Mensaje * / 00:10:35:005 / Root(00) para top(01)
Mensaje * / 00:10:35:005 / top(01) para datagramcreator1(02)
Mensaje Y / 00:10:35:005 / datagramcreator1(02) / gocheck / 2500000000080.00000 para top(01)
Mensaje D / 00:10:35:005 / datagramcreator1(02) / ... para top(01)
Mensaje X / 00:10:35:005 / top(01) / in / 2500000000080.00000 para checksumcreator1(04)
Mensaje D / 00:10:35:005 / checksumcreator1(04) / 00:00:00:005 para top(01)
Mensaje D / 00:10:35:005 / top(01) / 00:00:00:005 para Root(00)
Mensaje * / 00:10:35:010 / Root(00) para top(01)
Mensaje * / 00:10:35:010 / top(01) para checksumcreator1(04)
Mensaje Y / 00:10:35:010 / checksumcreator1(04) / checksumcreatorout / 2500000010580.00000 para top(01)
Mensaje D / 00:10:35:010 / checksumcreator1(04) / ... para top(01)
Mensaje X / 00:10:35:010 / top(01) / checkin / 2500000010580.00000 para datagramcreator1(02)
Mensaje D / 00:10:35:010 / datagramcreator1(02) / 00:00:00:005 para top(01)
Mensaje D / 00:10:35:010 / top(01) / 00:00:00:005 para Root(00)
Mensaje * / 00:10:35:015 / Root(00) para top(01)
Mensaje * / 00:10:35:015 / top(01) para datagramcreator1(02)
Mensaje Y / 00:10:35:015 / datagramcreator1(02) / datagramcreatorout / 2500000010580.00000 para top(01)
Mensaje D / 00:10:35:015 / datagramcreator1(02) / ... para top(01)
Mensaje Y / 00:10:35:015 / top(01) / outtonetwork / 2500000010580.00000 para Root(00)
Mensaje D / 00:10:35:015 / top(01) / ... para Root(00)
Mensaje X / 00:11:10:000 / Root(00) / infromapplication /   3180.00000 para top(01)
Mensaje X / 00:11:10:000 / top(01) / in /   3180.00000 para datagramcreator1(02)
Mensaje D / 00:11:10:000 / datagramcreator1(02) / 00:00:00:005 para top(01)
Mensaje D / 00:11:10:000 / top(01) / 00:00:00:005 para Root(00)
Mensaje * / 00:11:10:005 / Root(00) para top(01)
Mensaje * / 00:11:10:005 / top(01) para datagramcreator1(02)
Mensaje Y / 00:11:10:005 / datagramcreator1(02) / gocheck / 3100000000080.00000 para top(01)
Mensaje D / 00:11:10:005 / datagramcreator1(02) / ... para top(01)
Mensaje X / 00:11:10:005 / top(01) / in / 3100000000080.00000 para checksumcreator1(04)
Mensaje D / 00:11:10:005 / checksumcreator1(04) / 00:00:00:005 para top(01)
Mensaje D / 00:11:10:005 / top(01) / 00:00:00:005 para Root(00)
Mensaje * / 00:11:10:010 / Root(00) para top(01)
Mensaje * / 00:11:10:010 / top(01) para checksumcreator1(04)
Mensaje Y / 00:11:10:010 / checksumcreator1(04) / checksumcreatorout / 3100000011180.00000 para top(01)
Mensaje D / 00:11:10:010 / checksumcreator1(04) / ... para top(01)
Mensaje X / 00:11:10:010 / top(01) / checkin / 3100000011180.00000 para datagramcreator1(02)
Mensaje D / 00:11:10:010 / datagramcreator1(02) / 00:00:00:005 para top(01)
Mensaje D / 00:11:10:010 / top(01) / 00:00:00:005 para Root(00)
Mensaje * / 00:11:10:015 / Root(00) para top(01)
Mensaje * / 00:11:10:015 / top(01) para datagramcreator1(02)
Mensaje Y / 00:11:10:015 / datagramcreator1(02) / datagramcreatorout / 3100000011180.00000 para top(01)
Mensaje D / 00:11:10:015 / datagramcreator1(02) / ... para top(01)
Mensaje Y / 00:11:10:015 / top(01) / outtonetwork / 3100000011180.00000 para Root(00)
Mensaje D / 00:11:10:015 / top(01) / ... para Root(00)
Mensaje X / 00:12:16:000 / Root(00) / infromapplication /   6280.00000 para top(01)
Mensaje X / 00:12:16:000 / top(01) / in /   6280.00000 para datagramcreator1(02)
Mensaje D / 00:12:16:000 / datagramcreator1(02) / 00:00:00:005 para top(01)
Mensaje D / 00:12:16:000 / top(01) / 00:00:00:005 para Root(00)
Mensaje * / 00:12:16:005 / Root(00) para top(01)
Mensaje * / 00:12:16:005 / top(01) para datagramcreator1(02)
Mensaje Y / 00:12:16:005 / datagramcreator1(02) / gocheck / 6200000000080.00000 para top(01)
Mensaje D / 00:12:16:005 / datagramcreator1(02) / ... para top(01)
Mensaje X / 00:12:16:005 / top(01) / in / 6200000000080.00000 para checksumcreator1(04)
Mensaje D / 00:12:16:005 / checksumcreator1(04) / 00:00:00:005 para top(01)
Mensaje D / 00:12:16:005 / top(01) / 00:00:00:005 para Root(00)
Mensaje * / 00:12:16:010 / Root(00) para top(01)
Mensaje * / 00:12:16:010 / top(01) para checksumcreator1(04)
Mensaje Y / 00:12:16:010 / checksumcreator1(04) / checksumcreatorout / 6200000014280.00000 para top(01)
Mensaje D / 00:12:16:010 / checksumcreator1(04) / ... para top(01)
Mensaje X / 00:12:16:010 / top(01) / checkin / 6200000014280.00000 para datagramcreator1(02)
Mensaje D / 00:12:16:010 / datagramcreator1(02) / 00:00:00:005 para top(01)
Mensaje D / 00:12:16:010 / top(01) / 00:00:00:005 para Root(00)
Mensaje * / 00:12:16:015 / Root(00) para top(01)
Mensaje * / 00:12:16:015 / top(01) para datagramcreator1(02)
Mensaje Y / 00:12:16:015 / datagramcreator1(02) / datagramcreatorout / 6200000014280.00000 para top(01)
Mensaje D / 00:12:16:015 / datagramcreator1(02) / ... para top(01)
Mensaje Y / 00:12:16:015 / top(01) / outtonetwork / 6200000014280.00000 para Root(00)
Mensaje D / 00:12:16:015 / top(01) / ... para Root(00)
Mensaje X / 00:13:22:000 / Root(00) / infromapplication /   7380.00000 para top(01)
Mensaje X / 00:13:22:000 / top(01) / in /   7380.00000 para datagramcreator1(02)
Mensaje D / 00:13:22:000 / datagramcreator1(02) / 00:00:00:005 para top(01)
Mensaje D / 00:13:22:000 / top(01) / 00:00:00:005 para Root(00)
Mensaje * / 00:13:22:005 / Root(00) para top(01)
Mensaje * / 00:13:22:005 / top(01) para datagramcreator1(02)
Mensaje Y / 00:13:22:005 / datagramcreator1(02) / gocheck / 7300000000080.00000 para top(01)
Mensaje D / 00:13:22:005 / datagramcreator1(02) / ... para top(01)
Mensaje X / 00:13:22:005 / top(01) / in / 7300000000080.00000 para checksumcreator1(04)
Mensaje D / 00:13:22:005 / checksumcreator1(04) / 00:00:00:005 para top(01)
Mensaje D / 00:13:22:005 / top(01) / 00:00:00:005 para Root(00)
Mensaje * / 00:13:22:010 / Root(00) para top(01)
Mensaje * / 00:13:22:010 / top(01) para checksumcreator1(04)
Mensaje Y / 00:13:22:010 / checksumcreator1(04) / checksumcreatorout / 7300000015380.00000 para top(01)
Mensaje D / 00:13:22:010 / checksumcreator1(04) / ... para top(01)
Mensaje X / 00:13:22:010 / top(01) / checkin / 7300000015380.00000 para datagramcreator1(02)
Mensaje D / 00:13:22:010 / datagramcreator1(02) / 00:00:00:005 para top(01)
Mensaje D / 00:13:22:010 / top(01) / 00:00:00:005 para Root(00)
Mensaje * / 00:13:22:015 / Root(00) para top(01)
Mensaje * / 00:13:22:015 / top(01) para datagramcreator1(02)
Mensaje Y / 00:13:22:015 / datagramcreator1(02) / datagramcreatorout / 7300000015380.00000 para top(01)
Mensaje D / 00:13:22:015 / datagramcreator1(02) / ... para top(01)
Mensaje Y / 00:13:22:015 / top(01) / outtonetwork / 7300000015380.00000 para Root(00)
Mensaje D / 00:13:22:015 / top(01) / ... para Root(00)
Mensaje X / 00:14:28:000 / Root(00) / infromapplication /   8480.00000 para top(01)
Mensaje X / 00:14:28:000 / top(01) / in /   8480.00000 para datagramcreator1(02)
Mensaje D / 00:14:28:000 / datagramcreator1(02) / 00:00:00:005 para top(01)
Mensaje D / 00:14:28:000 / top(01) / 00:00:00:005 para Root(00)
Mensaje * / 00:14:28:005 / Root(00) para top(01)
Mensaje * / 00:14:28:005 / top(01) para datagramcreator1(02)
Mensaje Y / 00:14:28:005 / datagramcreator1(02) / gocheck / 8400000000080.00000 para top(01)
Mensaje D / 00:14:28:005 / datagramcreator1(02) / ... para top(01)
Mensaje X / 00:14:28:005 / top(01) / in / 8400000000080.00000 para checksumcreator1(04)
Mensaje D / 00:14:28:005 / checksumcreator1(04) / 00:00:00:005 para top(01)
Mensaje D / 00:14:28:005 / top(01) / 00:00:00:005 para Root(00)
Mensaje * / 00:14:28:010 / Root(00) para top(01)
Mensaje * / 00:14:28:010 / top(01) para checksumcreator1(04)
Mensaje Y / 00:14:28:010 / checksumcreator1(04) / checksumcreatorout / 8400000016480.00000 para top(01)
Mensaje D / 00:14:28:010 / checksumcreator1(04) / ... para top(01)
Mensaje X / 00:14:28:010 / top(01) / checkin / 8400000016480.00000 para datagramcreator1(02)
Mensaje D / 00:14:28:010 / datagramcreator1(02) / 00:00:00:005 para top(01)
Mensaje D / 00:14:28:010 / top(01) / 00:00:00:005 para Root(00)
Mensaje * / 00:14:28:015 / Root(00) para top(01)
Mensaje * / 00:14:28:015 / top(01) para datagramcreator1(02)
Mensaje Y / 00:14:28:015 / datagramcreator1(02) / datagramcreatorout / 8400000016480.00000 para top(01)
Mensaje D / 00:14:28:015 / datagramcreator1(02) / ... para top(01)
Mensaje Y / 00:14:28:015 / top(01) / outtonetwork / 8400000016480.00000 para Root(00)
Mensaje D / 00:14:28:015 / top(01) / ... para Root(00)
Mensaje X / 00:15:35:000 / Root(00) / infromapplication /   9580.00000 para top(01)
Mensaje X / 00:15:35:000 / top(01) / in /   9580.00000 para datagramcreator1(02)
Mensaje D / 00:15:35:000 / datagramcreator1(02) / 00:00:00:005 para top(01)
Mensaje D / 00:15:35:000 / top(01) / 00:00:00:005 para Root(00)
Mensaje * / 00:15:35:005 / Root(00) para top(01)
Mensaje * / 00:15:35:005 / top(01) para datagramcreator1(02)
Mensaje Y / 00:15:35:005 / datagramcreator1(02) / gocheck / 9500000000080.00000 para top(01)
Mensaje D / 00:15:35:005 / datagramcreator1(02) / ... para top(01)
Mensaje X / 00:15:35:005 / top(01) / in / 9500000000080.00000 para checksumcreator1(04)
Mensaje D / 00:15:35:005 / checksumcreator1(04) / 00:00:00:005 para top(01)
Mensaje D / 00:15:35:005 / top(01) / 00:00:00:005 para Root(00)
Mensaje * / 00:15:35:010 / Root(00) para top(01)
Mensaje * / 00:15:35:010 / top(01) para checksumcreator1(04)
Mensaje Y / 00:15:35:010 / checksumcreator1(04) / checksumcreatorout / 9500000017580.00000 para top(01)
Mensaje D / 00:15:35:010 / checksumcreator1(04) / ... para top(01)
Mensaje X / 00:15:35:010 / top(01) / checkin / 9500000017580.00000 para datagramcreator1(02)
Mensaje D / 00:15:35:010 / datagramcreator1(02) / 00:00:00:005 para top(01)
Mensaje D / 00:15:35:010 / top(01) / 00:00:00:005 para Root(00)
Mensaje * / 00:15:35:015 / Root(00) para top(01)
Mensaje * / 00:15:35:015 / top(01) para datagramcreator1(02)
Mensaje Y / 00:15:35:015 / datagramcreator1(02) / datagramcreatorout / 9500000017580.00000 para top(01)
Mensaje D / 00:15:35:015 / datagramcreator1(02) / ... para top(01)
Mensaje Y / 00:15:35:015 / top(01) / outtonetwork / 9500000017580.00000 para Root(00)
Mensaje D / 00:15:35:015 / top(01) / ... para Root(00)
Mensaje X / 00:16:10:000 / Root(00) / infromnetwork / 112233439232.00000 para top(01)
Mensaje X / 00:16:10:000 / top(01) / in / 112233439232.00000 para datagramstripper1(03)
Mensaje X / 00:16:10:000 / top(01) / in / 112233439232.00000 para checksumvalidator1(05)
Mensaje D / 00:16:10:000 / datagramstripper1(03) / 00:00:00:005 para top(01)
Mensaje D / 00:16:10:000 / checksumvalidator1(05) / 00:00:00:005 para top(01)
Mensaje D / 00:16:10:000 / top(01) / 00:00:00:005 para Root(00)
Mensaje * / 00:16:10:005 / Root(00) para top(01)
Mensaje * / 00:16:10:005 / top(01) para datagramstripper1(03)
Mensaje D / 00:16:10:005 / datagramstripper1(03) / ... para top(01)
Mensaje D / 00:16:10:005 / top(01) / 00:00:00:000 para Root(00)
Mensaje * / 00:16:10:005 / Root(00) para top(01)
Mensaje * / 00:16:10:005 / top(01) para checksumvalidator1(05)
Mensaje Y / 00:16:10:005 / checksumvalidator1(05) / checksumvalidatorout /      0.00000 para top(01)
Mensaje D / 00:16:10:005 / checksumvalidator1(05) / ... para top(01)
Mensaje X / 00:16:10:005 / top(01) / checkin /      0.00000 para datagramstripper1(03)
Mensaje D / 00:16:10:005 / datagramstripper1(03) / 00:00:00:005 para top(01)
Mensaje D / 00:16:10:005 / top(01) / 00:00:00:005 para Root(00)
Mensaje * / 00:16:10:010 / Root(00) para top(01)
Mensaje * / 00:16:10:010 / top(01) para datagramstripper1(03)
Mensaje Y / 00:16:10:010 / datagramstripper1(03) / receiveack /      1.00000 para top(01)
Mensaje D / 00:16:10:010 / datagramstripper1(03) / ... para top(01)
Mensaje X / 00:16:10:010 / top(01) / ackport /      1.00000 para datagramcreator1(02)
Mensaje D / 00:16:10:010 / datagramcreator1(02) / 00:00:00:005 para top(01)
Mensaje D / 00:16:10:010 / top(01) / 00:00:00:005 para Root(00)
Mensaje * / 00:16:10:015 / Root(00) para top(01)
Mensaje * / 00:16:10:015 / top(01) para datagramcreator1(02)
Mensaje Y / 00:16:10:015 / datagramcreator1(02) / resendport / 1200000009280.00000 para top(01)
Mensaje D / 00:16:10:015 / datagramcreator1(02) / ... para top(01)
Mensaje D / 00:16:10:015 / top(01) / ... para Root(00)
Mensaje X / 00:17:10:000 / Root(00) / infromnetwork / 117755658240.00000 para top(01)
Mensaje X / 00:17:10:000 / top(01) / in / 117755658240.00000 para datagramstripper1(03)
Mensaje X / 00:17:10:000 / top(01) / in / 117755658240.00000 para checksumvalidator1(05)
Mensaje D / 00:17:10:000 / datagramstripper1(03) / 00:00:00:005 para top(01)
Mensaje D / 00:17:10:000 / checksumvalidator1(05) / 00:00:00:005 para top(01)
Mensaje D / 00:17:10:000 / top(01) / 00:00:00:005 para Root(00)
Mensaje * / 00:17:10:005 / Root(00) para top(01)
Mensaje * / 00:17:10:005 / top(01) para datagramstripper1(03)
Mensaje D / 00:17:10:005 / datagramstripper1(03) / ... para top(01)
Mensaje D / 00:17:10:005 / top(01) / 00:00:00:000 para Root(00)
Mensaje * / 00:17:10:005 / Root(00) para top(01)
Mensaje * / 00:17:10:005 / top(01) para checksumvalidator1(05)
Mensaje Y / 00:17:10:005 / checksumvalidator1(05) / checksumvalidatorout /      0.00000 para top(01)
Mensaje D / 00:17:10:005 / checksumvalidator1(05) / ... para top(01)
Mensaje X / 00:17:10:005 / top(01) / checkin /      0.00000 para datagramstripper1(03)
Mensaje D / 00:17:10:005 / datagramstripper1(03) / 00:00:00:005 para top(01)
Mensaje D / 00:17:10:005 / top(01) / 00:00:00:005 para Root(00)
Mensaje * / 00:17:10:010 / Root(00) para top(01)
Mensaje * / 00:17:10:010 / top(01) para datagramstripper1(03)
Mensaje Y / 00:17:10:010 / datagramstripper1(03) / receiveack /      1.00000 para top(01)
Mensaje D / 00:17:10:010 / datagramstripper1(03) / ... para top(01)
Mensaje X / 00:17:10:010 / top(01) / ackport /      1.00000 para datagramcreator1(02)
Mensaje D / 00:17:10:010 / datagramcreator1(02) / 00:00:00:005 para top(01)
Mensaje D / 00:17:10:010 / top(01) / 00:00:00:005 para Root(00)
Mensaje * / 00:17:10:015 / Root(00) para top(01)
Mensaje * / 00:17:10:015 / top(01) para datagramcreator1(02)
Mensaje Y / 00:17:10:015 / datagramcreator1(02) / resendport / 1200000009280.00000 para top(01)
Mensaje D / 00:17:10:015 / datagramcreator1(02) / ... para top(01)
Mensaje D / 00:17:10:015 / top(01) / ... para Root(00)
