Mensaje I / 00:00:00:000 / Root(00) para top(01)
Mensaje I / 00:00:00:000 / top(01) para datalink(02)
Mensaje I / 00:00:00:000 / top(01) para test2(03)
Mensaje D / 00:00:00:000 / datalink(02) / ... para top(01)
Mensaje D / 00:00:00:000 / test2(03) / ... para top(01)
Mensaje D / 00:00:00:000 / top(01) / ... para Root(00)
Mensaje X / 00:00:10:000 / Root(00) / framein /    101.00000 para top(01)
Mensaje X / 00:00:10:000 / top(01) / getframe /    101.00000 para datalink(02)
Mensaje D / 00:00:10:000 / datalink(02) / ... para top(01)
Mensaje D / 00:00:10:000 / top(01) / ... para Root(00)
Mensaje X / 00:00:10:000 / Root(00) / framein /    102.00000 para top(01)
Mensaje X / 00:00:10:000 / top(01) / getframe /    102.00000 para datalink(02)
Mensaje D / 00:00:10:000 / datalink(02) / ... para top(01)
Mensaje D / 00:00:10:000 / top(01) / ... para Root(00)
Mensaje X / 00:00:10:000 / Root(00) / framein /    103.00000 para top(01)
Mensaje X / 00:00:10:000 / top(01) / getframe /    103.00000 para datalink(02)
Mensaje D / 00:00:10:000 / datalink(02) / ... para top(01)
Mensaje D / 00:00:10:000 / top(01) / ... para Root(00)
Mensaje X / 00:00:10:000 / Root(00) / framein /    104.00000 para top(01)
Mensaje X / 00:00:10:000 / top(01) / getframe /    104.00000 para datalink(02)
Mensaje D / 00:00:10:000 / datalink(02) / ... para top(01)
Mensaje D / 00:00:10:000 / top(01) / ... para Root(00)
Mensaje X / 00:00:10:000 / Root(00) / framein /    410.00000 para top(01)
Mensaje X / 00:00:10:000 / top(01) / getframe /    410.00000 para datalink(02)
Mensaje D / 00:00:10:000 / datalink(02) / 00:00:00:000 para top(01)
Mensaje D / 00:00:10:000 / top(01) / 00:00:00:000 para Root(00)
Mensaje * / 00:00:10:000 / Root(00) para top(01)
Mensaje * / 00:00:10:000 / top(01) para datalink(02)
Mensaje Y / 00:00:10:000 / datalink(02) / sendpacket /    101.00000 para top(01)
Mensaje Y / 00:00:10:000 / datalink(02) / sendpacket /    102.00000 para top(01)
Mensaje Y / 00:00:10:000 / datalink(02) / sendpacket /    103.00000 para top(01)
Mensaje Y / 00:00:10:000 / datalink(02) / sendpacket /    104.00000 para top(01)
Mensaje D / 00:00:10:000 / datalink(02) / ... para top(01)
Mensaje Y / 00:00:10:000 / top(01) / packetout /    101.00000 para Root(00)
Mensaje Y / 00:00:10:000 / top(01) / packetout /    102.00000 para Root(00)
Mensaje Y / 00:00:10:000 / top(01) / packetout /    103.00000 para Root(00)
Mensaje Y / 00:00:10:000 / top(01) / packetout /    104.00000 para Root(00)
Mensaje D / 00:00:10:000 / top(01) / ... para Root(00)
Mensaje X / 00:00:20:000 / Root(00) / packetin /    201.00000 para top(01)
Mensaje X / 00:00:20:000 / top(01) / getpacket /    201.00000 para datalink(02)
Mensaje D / 00:00:20:000 / datalink(02) / ... para top(01)
Mensaje D / 00:00:20:000 / top(01) / ... para Root(00)
Mensaje X / 00:00:20:000 / Root(00) / packetin /    202.00000 para top(01)
Mensaje X / 00:00:20:000 / top(01) / getpacket /    202.00000 para datalink(02)
Mensaje D / 00:00:20:000 / datalink(02) / ... para top(01)
Mensaje D / 00:00:20:000 / top(01) / ... para Root(00)
Mensaje X / 00:00:20:000 / Root(00) / packetin /    203.00000 para top(01)
Mensaje X / 00:00:20:000 / top(01) / getpacket /    203.00000 para datalink(02)
Mensaje D / 00:00:20:000 / datalink(02) / ... para top(01)
Mensaje D / 00:00:20:000 / top(01) / ... para Root(00)
Mensaje X / 00:00:20:000 / Root(00) / packetin /    204.00000 para top(01)
Mensaje X / 00:00:20:000 / top(01) / getpacket /    204.00000 para datalink(02)
Mensaje D / 00:00:20:000 / datalink(02) / 00:00:00:000 para top(01)
Mensaje D / 00:00:20:000 / top(01) / 00:00:00:000 para Root(00)
Mensaje * / 00:00:20:000 / Root(00) para top(01)
Mensaje * / 00:00:20:000 / top(01) para datalink(02)
Mensaje Y / 00:00:20:000 / datalink(02) / sensecarrier /      0.00000 para top(01)
Mensaje D / 00:00:20:000 / datalink(02) / ... para top(01)
Mensaje X / 00:00:20:000 / top(01) / poll /      0.00000 para test2(03)
Mensaje D / 00:00:20:000 / test2(03) / ... para top(01)
Mensaje D / 00:00:20:000 / top(01) / ... para Root(00)
