Mensaje I / 00:00:00:000 / Root(00) para top(01)
Mensaje I / 00:00:00:000 / top(01) para receiver1(02)
Mensaje D / 00:00:00:000 / receiver1(02) / ... para top(01)
Mensaje D / 00:00:00:000 / top(01) / ... para Root(00)
Mensaje X / 00:00:00:001 / Root(00) / sourceip / 192168116224.00000 para top(01)
Mensaje X / 00:00:00:001 / top(01) / sip / 192168116224.00000 para receiver1(02)
Mensaje D / 00:00:00:001 / receiver1(02) / ... para top(01)
Mensaje D / 00:00:00:001 / top(01) / ... para Root(00)
Mensaje X / 00:00:00:010 / Root(00) / infromtransport / 11223334649856.00000 para top(01)
Mensaje D / 00:00:00:010 / top(01) / ... para Root(00)
Mensaje X / 00:00:00:020 / Root(00) / destinationip / 192168116224.00000 para top(01)
Mensaje D / 00:00:00:020 / top(01) / ... para Root(00)
Mensaje X / 00:00:04:010 / Root(00) / infromtransport / 12223334318080.00000 para top(01)
Mensaje D / 00:00:04:010 / top(01) / ... para Root(00)
Mensaje X / 00:00:08:020 / Root(00) / destinationip / 192168116224.00000 para top(01)
Mensaje D / 00:00:08:020 / top(01) / ... para Root(00)
Mensaje X / 00:00:15:010 / Root(00) / infromtransport / 13223333986304.00000 para top(01)
Mensaje D / 00:00:15:010 / top(01) / ... para Root(00)
Mensaje X / 00:00:20:020 / Root(00) / destinationip / 192168116224.00000 para top(01)
Mensaje D / 00:00:20:020 / top(01) / ... para Root(00)
Mensaje X / 00:00:29:010 / Root(00) / infromtransport / 14223334703104.00000 para top(01)
Mensaje D / 00:00:29:010 / top(01) / ... para Root(00)
Mensaje X / 00:00:33:020 / Root(00) / destinationip / 192168116224.00000 para top(01)
Mensaje D / 00:00:33:020 / top(01) / ... para Root(00)
Mensaje X / 00:00:39:010 / Root(00) / infromtransport / 15223334371328.00000 para top(01)
Mensaje D / 00:00:39:010 / top(01) / ... para Root(00)
Mensaje X / 00:00:50:020 / Root(00) / destinationip / 192168116224.00000 para top(01)
Mensaje D / 00:00:50:020 / top(01) / ... para Root(00)
Mensaje X / 00:01:00:010 / Root(00) / infromtransport / 16223334039552.00000 para top(01)
Mensaje D / 00:01:00:010 / top(01) / ... para Root(00)
Mensaje X / 00:01:05:020 / Root(00) / destinationip / 192168116224.00000 para top(01)
Mensaje D / 00:01:05:020 / top(01) / ... para Root(00)
