Mensaje I / 00:00:00:000 / Root(00) para top(01)
Mensaje I / 00:00:00:000 / top(01) para ri(02)
Mensaje D / 00:00:00:000 / ri(02) / 00:00:00:010 para top(01)
Mensaje D / 00:00:00:000 / top(01) / 00:00:00:010 para Root(00)
Mensaje * / 00:00:00:010 / Root(00) para top(01)
Mensaje * / 00:00:00:010 / top(01) para ri(02)
Mensaje Y / 00:00:00:010 / ri(02) / interfacenum /      2.00000 para top(01)
Mensaje D / 00:00:00:010 / ri(02) / ... para top(01)
Mensaje Y / 00:00:00:010 / top(01) / interfacenum /      2.00000 para Root(00)
Mensaje D / 00:00:00:010 / top(01) / ... para Root(00)
Mensaje X / 00:00:05:000 / Root(00) / in /      1.10000 para top(01)
Mensaje X / 00:00:05:000 / top(01) / in /      1.10000 para ri(02)
Mensaje D / 00:00:05:000 / ri(02) / ... para top(01)
Mensaje D / 00:00:05:000 / top(01) / ... para Root(00)
Mensaje X / 00:00:05:001 / Root(00) / in /      1.20000 para top(01)
Mensaje X / 00:00:05:001 / top(01) / in /      1.20000 para ri(02)
Mensaje D / 00:00:05:001 / ri(02) / ... para top(01)
Mensaje D / 00:00:05:001 / top(01) / ... para Root(00)
Mensaje X / 00:00:05:002 / Root(00) / in /      1.30000 para top(01)
Mensaje X / 00:00:05:002 / top(01) / in /      1.30000 para ri(02)
Mensaje D / 00:00:05:002 / ri(02) / ... para top(01)
Mensaje D / 00:00:05:002 / top(01) / ... para Root(00)
Mensaje X / 00:00:05:002 / Root(00) / in /      1.40000 para top(01)
Mensaje X / 00:00:05:002 / top(01) / in /      1.40000 para ri(02)
Mensaje D / 00:00:05:002 / ri(02) / 00:00:00:010 para top(01)
Mensaje D / 00:00:05:002 / top(01) / 00:00:00:010 para Root(00)
Mensaje * / 00:00:05:012 / Root(00) para top(01)
Mensaje * / 00:00:05:012 / top(01) para ri(02)
Mensaje Y / 00:00:05:012 / ri(02) / flag /      2.00000 para top(01)
Mensaje D / 00:00:05:012 / ri(02) / ... para top(01)
Mensaje Y / 00:00:05:012 / top(01) / flag /      2.00000 para Root(00)
Mensaje D / 00:00:05:012 / top(01) / ... para Root(00)
Mensaje X / 00:00:06:000 / Root(00) / in /      2.10000 para top(01)
Mensaje X / 00:00:06:000 / top(01) / in /      2.10000 para ri(02)
Mensaje D / 00:00:06:000 / ri(02) / ... para top(01)
Mensaje D / 00:00:06:000 / top(01) / ... para Root(00)
Mensaje X / 00:00:06:001 / Root(00) / in /      2.20000 para top(01)
Mensaje X / 00:00:06:001 / top(01) / in /      2.20000 para ri(02)
Mensaje D / 00:00:06:001 / ri(02) / ... para top(01)
Mensaje D / 00:00:06:001 / top(01) / ... para Root(00)
Mensaje X / 00:00:06:002 / Root(00) / in /      2.30000 para top(01)
Mensaje X / 00:00:06:002 / top(01) / in /      2.30000 para ri(02)
Mensaje D / 00:00:06:002 / ri(02) / ... para top(01)
Mensaje D / 00:00:06:002 / top(01) / ... para Root(00)
Mensaje X / 00:00:06:003 / Root(00) / in /      2.40000 para top(01)
Mensaje X / 00:00:06:003 / top(01) / in /      2.40000 para ri(02)
Mensaje D / 00:00:06:003 / ri(02) / 00:00:00:010 para top(01)
Mensaje D / 00:00:06:003 / top(01) / 00:00:00:010 para Root(00)
Mensaje * / 00:00:06:013 / Root(00) para top(01)
Mensaje * / 00:00:06:013 / top(01) para ri(02)
Mensaje Y / 00:00:06:013 / ri(02) / flag /      2.00000 para top(01)
Mensaje D / 00:00:06:013 / ri(02) / ... para top(01)
Mensaje Y / 00:00:06:013 / top(01) / flag /      2.00000 para Root(00)
Mensaje D / 00:00:06:013 / top(01) / ... para Root(00)
Mensaje X / 00:00:07:000 / Root(00) / ready /      3.00000 para top(01)
Mensaje X / 00:00:07:000 / top(01) / ready /      3.00000 para ri(02)
Mensaje D / 00:00:07:000 / ri(02) / ... para top(01)
Mensaje D / 00:00:07:000 / top(01) / ... para Root(00)
Mensaje X / 00:00:08:000 / Root(00) / ready /      4.00000 para top(01)
Mensaje X / 00:00:08:000 / top(01) / ready /      4.00000 para ri(02)
Mensaje D / 00:00:08:000 / ri(02) / ... para top(01)
Mensaje D / 00:00:08:000 / top(01) / ... para Root(00)
Mensaje X / 00:00:09:000 / Root(00) / ready /      2.00000 para top(01)
Mensaje X / 00:00:09:000 / top(01) / ready /      2.00000 para ri(02)
Mensaje D / 00:00:09:000 / ri(02) / 00:00:00:010 para top(01)
Mensaje D / 00:00:09:000 / top(01) / 00:00:00:010 para Root(00)
Mensaje * / 00:00:09:010 / Root(00) para top(01)
Mensaje * / 00:00:09:010 / top(01) para ri(02)
Mensaje Y / 00:00:09:010 / ri(02) / to_rpu /      1.10000 para top(01)
Mensaje Y / 00:00:09:010 / ri(02) / to_rpu /      1.20000 para top(01)
Mensaje Y / 00:00:09:010 / ri(02) / to_rpu /      1.30000 para top(01)
Mensaje Y / 00:00:09:010 / ri(02) / to_rpu /      1.40000 para top(01)
Mensaje D / 00:00:09:010 / ri(02) / ... para top(01)
Mensaje Y / 00:00:09:010 / top(01) / to_rpu /      1.10000 para Root(00)
Mensaje Y / 00:00:09:010 / top(01) / to_rpu /      1.20000 para Root(00)
Mensaje Y / 00:00:09:010 / top(01) / to_rpu /      1.30000 para Root(00)
Mensaje Y / 00:00:09:010 / top(01) / to_rpu /      1.40000 para Root(00)
Mensaje D / 00:00:09:010 / top(01) / ... para Root(00)
Mensaje X / 00:00:09:100 / Root(00) / ready /      2.00000 para top(01)
Mensaje X / 00:00:09:100 / top(01) / ready /      2.00000 para ri(02)
Mensaje D / 00:00:09:100 / ri(02) / 00:00:00:010 para top(01)
Mensaje D / 00:00:09:100 / top(01) / 00:00:00:010 para Root(00)
Mensaje * / 00:00:09:110 / Root(00) para top(01)
Mensaje * / 00:00:09:110 / top(01) para ri(02)
Mensaje Y / 00:00:09:110 / ri(02) / to_rpu /      2.10000 para top(01)
Mensaje Y / 00:00:09:110 / ri(02) / to_rpu /      2.20000 para top(01)
Mensaje Y / 00:00:09:110 / ri(02) / to_rpu /      2.30000 para top(01)
Mensaje Y / 00:00:09:110 / ri(02) / to_rpu /      2.40000 para top(01)
Mensaje D / 00:00:09:110 / ri(02) / ... para top(01)
Mensaje Y / 00:00:09:110 / top(01) / to_rpu /      2.10000 para Root(00)
Mensaje Y / 00:00:09:110 / top(01) / to_rpu /      2.20000 para Root(00)
Mensaje Y / 00:00:09:110 / top(01) / to_rpu /      2.30000 para Root(00)
Mensaje Y / 00:00:09:110 / top(01) / to_rpu /      2.40000 para Root(00)
Mensaje D / 00:00:09:110 / top(01) / ... para Root(00)
