Mensaje I / 00:00:00:000 / Root(00) para top(01)
Mensaje I / 00:00:00:000 / top(01) para interface1(02)
Mensaje I / 00:00:00:000 / top(01) para interface2(05)
Mensaje I / 00:00:00:000 / top(01) para rpu(08)
Mensaje I / 00:00:00:000 / top(01) para rip(11)
Mensaje I / 00:00:00:000 / interface1(02) para ro1(03)
Mensaje I / 00:00:00:000 / interface1(02) para ri1(04)
Mensaje I / 00:00:00:000 / interface2(05) para ro2(06)
Mensaje I / 00:00:00:000 / interface2(05) para ri2(07)
Mensaje I / 00:00:00:000 / rpu(08) para pp(09)
Mensaje I / 00:00:00:000 / rpu(08) para q(10)
Mensaje D / 00:00:00:000 / rip(11) / ... para top(01)
Mensaje D / 00:00:00:000 / ro1(03) / ... para interface1(02)
Mensaje D / 00:00:00:000 / ri1(04) / 00:00:00:002 para interface1(02)
Mensaje D / 00:00:00:000 / ro2(06) / ... para interface2(05)
Mensaje D / 00:00:00:000 / ri2(07) / 00:00:00:002 para interface2(05)
Mensaje D / 00:00:00:000 / pp(09) / ... para rpu(08)
Mensaje D / 00:00:00:000 / q(10) / ... para rpu(08)
Mensaje D / 00:00:00:000 / interface1(02) / 00:00:00:002 para top(01)
Mensaje D / 00:00:00:000 / interface2(05) / 00:00:00:002 para top(01)
Mensaje D / 00:00:00:000 / rpu(08) / ... para top(01)
Mensaje D / 00:00:00:000 / top(01) / 00:00:00:002 para Root(00)
Mensaje * / 00:00:00:002 / Root(00) para top(01)
Mensaje * / 00:00:00:002 / top(01) para interface1(02)
Mensaje * / 00:00:00:002 / interface1(02) para ri1(04)
Mensaje Y / 00:00:00:002 / ri1(04) / interfacenum /      4.00000 para interface1(02)
Mensaje D / 00:00:00:002 / ri1(04) / ... para interface1(02)
Mensaje X / 00:00:00:002 / interface1(02) / interfacenum /      4.00000 para ro1(03)
Mensaje D / 00:00:00:002 / ro1(03) / ... para interface1(02)
Mensaje D / 00:00:00:002 / interface1(02) / ... para top(01)
Mensaje D / 00:00:00:002 / top(01) / 00:00:00:000 para Root(00)
Mensaje * / 00:00:00:002 / Root(00) para top(01)
Mensaje * / 00:00:00:002 / top(01) para interface2(05)
Mensaje * / 00:00:00:002 / interface2(05) para ri2(07)
Mensaje Y / 00:00:00:002 / ri2(07) / interfacenum /      7.00000 para interface2(05)
Mensaje D / 00:00:00:002 / ri2(07) / ... para interface2(05)
Mensaje X / 00:00:00:002 / interface2(05) / interfacenum /      7.00000 para ro2(06)
Mensaje D / 00:00:00:002 / ro2(06) / ... para interface2(05)
Mensaje D / 00:00:00:002 / interface2(05) / ... para top(01)
Mensaje D / 00:00:00:002 / top(01) / ... para Root(00)
Mensaje X / 00:00:00:010 / Root(00) / in1 / 2000001.00000 para top(01)
Mensaje X / 00:00:00:010 / top(01) / in_packet / 2000001.00000 para interface1(02)
Mensaje X / 00:00:00:010 / interface1(02) / in / 2000001.00000 para ri1(04)
Mensaje D / 00:00:00:010 / ri1(04) / ... para interface1(02)
Mensaje D / 00:00:00:010 / interface1(02) / ... para top(01)
Mensaje D / 00:00:00:010 / top(01) / ... para Root(00)
Mensaje X / 00:00:00:010 / Root(00) / in1 / 111101104.00000 para top(01)
Mensaje X / 00:00:00:010 / top(01) / in_packet / 111101104.00000 para interface1(02)
Mensaje X / 00:00:00:010 / interface1(02) / in / 111101104.00000 para ri1(04)
Mensaje D / 00:00:00:010 / ri1(04) / ... para interface1(02)
Mensaje D / 00:00:00:010 / interface1(02) / ... para top(01)
Mensaje D / 00:00:00:010 / top(01) / ... para Root(00)
Mensaje X / 00:00:00:010 / Root(00) / in1 /      0.00000 para top(01)
Mensaje X / 00:00:00:010 / top(01) / in_packet /      0.00000 para interface1(02)
Mensaje X / 00:00:00:010 / interface1(02) / in /      0.00000 para ri1(04)
Mensaje D / 00:00:00:010 / ri1(04) / ... para interface1(02)
Mensaje D / 00:00:00:010 / interface1(02) / ... para top(01)
Mensaje D / 00:00:00:010 / top(01) / ... para Root(00)
Mensaje X / 00:00:00:010 / Root(00) / in1 /      0.00000 para top(01)
Mensaje X / 00:00:00:010 / top(01) / in_packet /      0.00000 para interface1(02)
Mensaje X / 00:00:00:010 / interface1(02) / in /      0.00000 para ri1(04)
Mensaje D / 00:00:00:010 / ri1(04) / 00:00:00:002 para interface1(02)
Mensaje D / 00:00:00:010 / interface1(02) / 00:00:00:002 para top(01)
Mensaje D / 00:00:00:010 / top(01) / 00:00:00:002 para Root(00)
Mensaje X / 00:00:00:011 / Root(00) / in2 / 2000003.00000 para top(01)
Mensaje X / 00:00:00:011 / top(01) / in_packet / 2000003.00000 para interface2(05)
Mensaje X / 00:00:00:011 / interface2(05) / in / 2000003.00000 para ri2(07)
Mensaje D / 00:00:00:011 / ri2(07) / ... para interface2(05)
Mensaje D / 00:00:00:011 / interface2(05) / ... para top(01)
Mensaje D / 00:00:00:011 / top(01) / 00:00:00:001 para Root(00)
Mensaje X / 00:00:00:011 / Root(00) / in2 / 133303304.00000 para top(01)
Mensaje X / 00:00:00:011 / top(01) / in_packet / 133303304.00000 para interface2(05)
Mensaje X / 00:00:00:011 / interface2(05) / in / 133303304.00000 para ri2(07)
Mensaje D / 00:00:00:011 / ri2(07) / ... para interface2(05)
Mensaje D / 00:00:00:011 / interface2(05) / ... para top(01)
Mensaje D / 00:00:00:011 / top(01) / 00:00:00:001 para Root(00)
Mensaje X / 00:00:00:011 / Root(00) / in2 /      0.00000 para top(01)
Mensaje X / 00:00:00:011 / top(01) / in_packet /      0.00000 para interface2(05)
Mensaje X / 00:00:00:011 / interface2(05) / in /      0.00000 para ri2(07)
Mensaje D / 00:00:00:011 / ri2(07) / ... para interface2(05)
Mensaje D / 00:00:00:011 / interface2(05) / ... para top(01)
Mensaje D / 00:00:00:011 / top(01) / 00:00:00:001 para Root(00)
Mensaje X / 00:00:00:011 / Root(00) / in2 /      0.00000 para top(01)
Mensaje X / 00:00:00:011 / top(01) / in_packet /      0.00000 para interface2(05)
Mensaje X / 00:00:00:011 / interface2(05) / in /      0.00000 para ri2(07)
Mensaje D / 00:00:00:011 / ri2(07) / 00:00:00:002 para interface2(05)
Mensaje D / 00:00:00:011 / interface2(05) / 00:00:00:002 para top(01)
Mensaje D / 00:00:00:011 / top(01) / 00:00:00:001 para Root(00)
Mensaje * / 00:00:00:012 / Root(00) para top(01)
Mensaje * / 00:00:00:012 / top(01) para interface1(02)
Mensaje * / 00:00:00:012 / interface1(02) para ri1(04)
Mensaje Y / 00:00:00:012 / ri1(04) / flag /      4.00000 para interface1(02)
Mensaje D / 00:00:00:012 / ri1(04) / ... para interface1(02)
Mensaje Y / 00:00:00:012 / interface1(02) / flag_rpu /      4.00000 para top(01)
Mensaje D / 00:00:00:012 / interface1(02) / ... para top(01)
Mensaje X / 00:00:00:012 / top(01) / flag /      4.00000 para rpu(08)
Mensaje X / 00:00:00:012 / rpu(08) / in /      4.00000 para q(10)
Mensaje D / 00:00:00:012 / q(10) / 00:00:00:001 para rpu(08)
Mensaje D / 00:00:00:012 / rpu(08) / 00:00:00:001 para top(01)
Mensaje D / 00:00:00:012 / top(01) / 00:00:00:001 para Root(00)
Mensaje * / 00:00:00:013 / Root(00) para top(01)
Mensaje * / 00:00:00:013 / top(01) para interface2(05)
Mensaje * / 00:00:00:013 / interface2(05) para ri2(07)
Mensaje Y / 00:00:00:013 / ri2(07) / flag /      7.00000 para interface2(05)
Mensaje D / 00:00:00:013 / ri2(07) / ... para interface2(05)
Mensaje Y / 00:00:00:013 / interface2(05) / flag_rpu /      7.00000 para top(01)
Mensaje D / 00:00:00:013 / interface2(05) / ... para top(01)
Mensaje X / 00:00:00:013 / top(01) / flag /      7.00000 para rpu(08)
Mensaje X / 00:00:00:013 / rpu(08) / in /      7.00000 para q(10)
Mensaje D / 00:00:00:013 / q(10) / 00:00:00:000 para rpu(08)
Mensaje D / 00:00:00:013 / rpu(08) / 00:00:00:000 para top(01)
Mensaje D / 00:00:00:013 / top(01) / 00:00:00:000 para Root(00)
Mensaje * / 00:00:00:013 / Root(00) para top(01)
Mensaje * / 00:00:00:013 / top(01) para rpu(08)
Mensaje * / 00:00:00:013 / rpu(08) para q(10)
Mensaje Y / 00:00:00:013 / q(10) / out /      4.00000 para rpu(08)
Mensaje D / 00:00:00:013 / q(10) / ... para rpu(08)
Mensaje X / 00:00:00:013 / rpu(08) / in /      4.00000 para pp(09)
Mensaje Y / 00:00:00:013 / pp(09) / getpacket /      4.00000 para rpu(08)
Mensaje D / 00:00:00:013 / pp(09) / ... para rpu(08)
Mensaje Y / 00:00:00:013 / rpu(08) / get_packet /      4.00000 para top(01)
Mensaje D / 00:00:00:013 / rpu(08) / ... para top(01)
Mensaje X / 00:00:00:013 / top(01) / ready /      4.00000 para interface1(02)
Mensaje X / 00:00:00:013 / top(01) / ready /      4.00000 para interface2(05)
Mensaje X / 00:00:00:013 / interface1(02) / ready /      4.00000 para ri1(04)
Mensaje X / 00:00:00:013 / interface2(05) / ready /      4.00000 para ri2(07)
Mensaje D / 00:00:00:013 / ri1(04) / 00:00:00:002 para interface1(02)
Mensaje D / 00:00:00:013 / ri2(07) / ... para interface2(05)
Mensaje D / 00:00:00:013 / interface1(02) / 00:00:00:002 para top(01)
Mensaje D / 00:00:00:013 / interface2(05) / ... para top(01)
Mensaje D / 00:00:00:013 / top(01) / 00:00:00:002 para Root(00)
Mensaje * / 00:00:00:015 / Root(00) para top(01)
Mensaje * / 00:00:00:015 / top(01) para interface1(02)
Mensaje * / 00:00:00:015 / interface1(02) para ri1(04)
Mensaje Y / 00:00:00:015 / ri1(04) / to_rpu / 2000001.00000 para interface1(02)
Mensaje Y / 00:00:00:015 / ri1(04) / to_rpu / 111101104.00000 para interface1(02)
Mensaje Y / 00:00:00:015 / ri1(04) / to_rpu /      0.00000 para interface1(02)
Mensaje Y / 00:00:00:015 / ri1(04) / to_rpu /      0.00000 para interface1(02)
Mensaje D / 00:00:00:015 / ri1(04) / ... para interface1(02)
Mensaje Y / 00:00:00:015 / interface1(02) / packet_to_rpu / 2000001.00000 para top(01)
Mensaje Y / 00:00:00:015 / interface1(02) / packet_to_rpu / 111101104.00000 para top(01)
Mensaje Y / 00:00:00:015 / interface1(02) / packet_to_rpu /      0.00000 para top(01)
Mensaje Y / 00:00:00:015 / interface1(02) / packet_to_rpu /      0.00000 para top(01)
Mensaje D / 00:00:00:015 / interface1(02) / ... para top(01)
Mensaje X / 00:00:00:015 / top(01) / in_packet / 2000001.00000 para rpu(08)
Mensaje X / 00:00:00:015 / top(01) / in_packet / 111101104.00000 para rpu(08)
Mensaje X / 00:00:00:015 / top(01) / in_packet /      0.00000 para rpu(08)
Mensaje X / 00:00:00:015 / top(01) / in_packet /      0.00000 para rpu(08)
Mensaje X / 00:00:00:015 / rpu(08) / packet / 2000001.00000 para pp(09)
Mensaje X / 00:00:00:015 / rpu(08) / packet / 111101104.00000 para pp(09)
Mensaje X / 00:00:00:015 / rpu(08) / packet /      0.00000 para pp(09)
Mensaje X / 00:00:00:015 / rpu(08) / packet /      0.00000 para pp(09)
Mensaje D / 00:00:00:015 / pp(09) / ... para rpu(08)
Mensaje D / 00:00:00:015 / pp(09) / ... para rpu(08)
Mensaje D / 00:00:00:015 / pp(09) / ... para rpu(08)
Mensaje D / 00:00:00:015 / pp(09) / 00:00:00:001 para rpu(08)
Mensaje D / 00:00:00:015 / rpu(08) / 00:00:00:001 para top(01)
Mensaje D / 00:00:00:015 / rpu(08) / 00:00:00:001 para top(01)
Mensaje D / 00:00:00:015 / rpu(08) / 00:00:00:001 para top(01)
Mensaje D / 00:00:00:015 / rpu(08) / 00:00:00:001 para top(01)
Mensaje D / 00:00:00:015 / top(01) / 00:00:00:001 para Root(00)
Mensaje * / 00:00:00:016 / Root(00) para top(01)
Mensaje * / 00:00:00:016 / top(01) para rpu(08)
Mensaje * / 00:00:00:016 / rpu(08) para pp(09)
Mensaje Y / 00:00:00:016 / pp(09) / updatetable / 111101104.00000 para rpu(08)
Mensaje Y / 00:00:00:016 / pp(09) / updatetable /      1.00000 para rpu(08)
Mensaje Y / 00:00:00:016 / pp(09) / updatetable /      4.00000 para rpu(08)
Mensaje D / 00:00:00:016 / pp(09) / ... para rpu(08)
Mensaje Y / 00:00:00:016 / rpu(08) / update / 111101104.00000 para top(01)
Mensaje Y / 00:00:00:016 / rpu(08) / update /      1.00000 para top(01)
Mensaje Y / 00:00:00:016 / rpu(08) / update /      4.00000 para top(01)
Mensaje D / 00:00:00:016 / rpu(08) / ... para top(01)
Mensaje X / 00:00:00:016 / top(01) / update / 111101104.00000 para rip(11)
Mensaje X / 00:00:00:016 / top(01) / update /      1.00000 para rip(11)
Mensaje X / 00:00:00:016 / top(01) / update /      4.00000 para rip(11)
Mensaje D / 00:00:00:016 / rip(11) / ... para top(01)
Mensaje D / 00:00:00:016 / rip(11) / ... para top(01)
Mensaje D / 00:00:00:016 / rip(11) / 00:00:00:001 para top(01)
Mensaje D / 00:00:00:016 / top(01) / 00:00:00:001 para Root(00)
Mensaje * / 00:00:00:017 / Root(00) para top(01)
Mensaje * / 00:00:00:017 / top(01) para rip(11)
Mensaje Y / 00:00:00:017 / rip(11) / done /      0.00000 para top(01)
Mensaje D / 00:00:00:017 / rip(11) / ... para top(01)
Mensaje X / 00:00:00:017 / top(01) / cont /      0.00000 para rpu(08)
Mensaje X / 00:00:00:017 / rpu(08) / cont /      0.00000 para pp(09)
Mensaje Y / 00:00:00:017 / pp(09) / next /      0.00000 para rpu(08)
Mensaje D / 00:00:00:017 / pp(09) / ... para rpu(08)
Mensaje X / 00:00:00:017 / rpu(08) / done /      0.00000 para q(10)
Mensaje D / 00:00:00:017 / q(10) / 00:00:00:001 para rpu(08)
Mensaje D / 00:00:00:017 / rpu(08) / 00:00:00:001 para top(01)
Mensaje D / 00:00:00:017 / top(01) / 00:00:00:001 para Root(00)
Mensaje * / 00:00:00:018 / Root(00) para top(01)
Mensaje * / 00:00:00:018 / top(01) para rpu(08)
Mensaje * / 00:00:00:018 / rpu(08) para q(10)
Mensaje Y / 00:00:00:018 / q(10) / out /      7.00000 para rpu(08)
Mensaje D / 00:00:00:018 / q(10) / ... para rpu(08)
Mensaje X / 00:00:00:018 / rpu(08) / in /      7.00000 para pp(09)
Mensaje Y / 00:00:00:018 / pp(09) / getpacket /      7.00000 para rpu(08)
Mensaje D / 00:00:00:018 / pp(09) / ... para rpu(08)
Mensaje Y / 00:00:00:018 / rpu(08) / get_packet /      7.00000 para top(01)
Mensaje D / 00:00:00:018 / rpu(08) / ... para top(01)
Mensaje X / 00:00:00:018 / top(01) / ready /      7.00000 para interface1(02)
Mensaje X / 00:00:00:018 / top(01) / ready /      7.00000 para interface2(05)
Mensaje X / 00:00:00:018 / interface1(02) / ready /      7.00000 para ri1(04)
Mensaje X / 00:00:00:018 / interface2(05) / ready /      7.00000 para ri2(07)
Mensaje D / 00:00:00:018 / ri1(04) / ... para interface1(02)
Mensaje D / 00:00:00:018 / ri2(07) / 00:00:00:002 para interface2(05)
Mensaje D / 00:00:00:018 / interface1(02) / ... para top(01)
Mensaje D / 00:00:00:018 / interface2(05) / 00:00:00:002 para top(01)
Mensaje D / 00:00:00:018 / top(01) / 00:00:00:002 para Root(00)
Mensaje X / 00:00:00:020 / Root(00) / in1 / 2000002.00000 para top(01)
Mensaje X / 00:00:00:020 / top(01) / in_packet / 2000002.00000 para interface1(02)
Mensaje X / 00:00:00:020 / interface1(02) / in / 2000002.00000 para ri1(04)
Mensaje D / 00:00:00:020 / ri1(04) / ... para interface1(02)
Mensaje D / 00:00:00:020 / interface1(02) / ... para top(01)
Mensaje D / 00:00:00:020 / top(01) / 00:00:00:000 para Root(00)
Mensaje X / 00:00:00:020 / Root(00) / in1 / 122202200.00000 para top(01)
Mensaje X / 00:00:00:020 / top(01) / in_packet / 122202200.00000 para interface1(02)
Mensaje X / 00:00:00:020 / interface1(02) / in / 122202200.00000 para ri1(04)
Mensaje D / 00:00:00:020 / ri1(04) / ... para interface1(02)
Mensaje D / 00:00:00:020 / interface1(02) / ... para top(01)
Mensaje D / 00:00:00:020 / top(01) / 00:00:00:000 para Root(00)
Mensaje X / 00:00:00:020 / Root(00) / in1 /      0.00000 para top(01)
Mensaje X / 00:00:00:020 / top(01) / in_packet /      0.00000 para interface1(02)
Mensaje X / 00:00:00:020 / interface1(02) / in /      0.00000 para ri1(04)
Mensaje D / 00:00:00:020 / ri1(04) / ... para interface1(02)
Mensaje D / 00:00:00:020 / interface1(02) / ... para top(01)
Mensaje D / 00:00:00:020 / top(01) / 00:00:00:000 para Root(00)
Mensaje X / 00:00:00:020 / Root(00) / in1 /      0.00000 para top(01)
Mensaje X / 00:00:00:020 / top(01) / in_packet /      0.00000 para interface1(02)
Mensaje X / 00:00:00:020 / interface1(02) / in /      0.00000 para ri1(04)
Mensaje D / 00:00:00:020 / ri1(04) / 00:00:00:002 para interface1(02)
Mensaje D / 00:00:00:020 / interface1(02) / 00:00:00:002 para top(01)
Mensaje D / 00:00:00:020 / top(01) / 00:00:00:000 para Root(00)
Mensaje * / 00:00:00:020 / Root(00) para top(01)
Mensaje * / 00:00:00:020 / top(01) para interface2(05)
Mensaje * / 00:00:00:020 / interface2(05) para ri2(07)
Mensaje Y / 00:00:00:020 / ri2(07) / to_rpu / 2000003.00000 para interface2(05)
Mensaje Y / 00:00:00:020 / ri2(07) / to_rpu / 133303304.00000 para interface2(05)
Mensaje Y / 00:00:00:020 / ri2(07) / to_rpu /      0.00000 para interface2(05)
Mensaje Y / 00:00:00:020 / ri2(07) / to_rpu /      0.00000 para interface2(05)
Mensaje D / 00:00:00:020 / ri2(07) / ... para interface2(05)
Mensaje Y / 00:00:00:020 / interface2(05) / packet_to_rpu / 2000003.00000 para top(01)
Mensaje Y / 00:00:00:020 / interface2(05) / packet_to_rpu / 133303304.00000 para top(01)
Mensaje Y / 00:00:00:020 / interface2(05) / packet_to_rpu /      0.00000 para top(01)
Mensaje Y / 00:00:00:020 / interface2(05) / packet_to_rpu /      0.00000 para top(01)
Mensaje D / 00:00:00:020 / interface2(05) / ... para top(01)
Mensaje X / 00:00:00:020 / top(01) / in_packet / 2000003.00000 para rpu(08)
Mensaje X / 00:00:00:020 / top(01) / in_packet / 133303304.00000 para rpu(08)
Mensaje X / 00:00:00:020 / top(01) / in_packet /      0.00000 para rpu(08)
Mensaje X / 00:00:00:020 / top(01) / in_packet /      0.00000 para rpu(08)
Mensaje X / 00:00:00:020 / rpu(08) / packet / 2000003.00000 para pp(09)
Mensaje X / 00:00:00:020 / rpu(08) / packet / 133303304.00000 para pp(09)
Mensaje X / 00:00:00:020 / rpu(08) / packet /      0.00000 para pp(09)
Mensaje X / 00:00:00:020 / rpu(08) / packet /      0.00000 para pp(09)
Mensaje D / 00:00:00:020 / pp(09) / ... para rpu(08)
Mensaje D / 00:00:00:020 / pp(09) / ... para rpu(08)
Mensaje D / 00:00:00:020 / pp(09) / ... para rpu(08)
Mensaje D / 00:00:00:020 / pp(09) / 00:00:00:001 para rpu(08)
Mensaje D / 00:00:00:020 / rpu(08) / 00:00:00:001 para top(01)
Mensaje D / 00:00:00:020 / rpu(08) / 00:00:00:001 para top(01)
Mensaje D / 00:00:00:020 / rpu(08) / 00:00:00:001 para top(01)
Mensaje D / 00:00:00:020 / rpu(08) / 00:00:00:001 para top(01)
Mensaje D / 00:00:00:020 / top(01) / 00:00:00:001 para Root(00)
Mensaje * / 00:00:00:021 / Root(00) para top(01)
Mensaje * / 00:00:00:021 / top(01) para rpu(08)
Mensaje * / 00:00:00:021 / rpu(08) para pp(09)
Mensaje Y / 00:00:00:021 / pp(09) / updatetable / 133303304.00000 para rpu(08)
Mensaje Y / 00:00:00:021 / pp(09) / updatetable /      3.00000 para rpu(08)
Mensaje Y / 00:00:00:021 / pp(09) / updatetable /      7.00000 para rpu(08)
Mensaje D / 00:00:00:021 / pp(09) / ... para rpu(08)
Mensaje Y / 00:00:00:021 / rpu(08) / update / 133303304.00000 para top(01)
Mensaje Y / 00:00:00:021 / rpu(08) / update /      3.00000 para top(01)
Mensaje Y / 00:00:00:021 / rpu(08) / update /      7.00000 para top(01)
Mensaje D / 00:00:00:021 / rpu(08) / ... para top(01)
Mensaje X / 00:00:00:021 / top(01) / update / 133303304.00000 para rip(11)
Mensaje X / 00:00:00:021 / top(01) / update /      3.00000 para rip(11)
Mensaje X / 00:00:00:021 / top(01) / update /      7.00000 para rip(11)
Mensaje D / 00:00:00:021 / rip(11) / ... para top(01)
Mensaje D / 00:00:00:021 / rip(11) / ... para top(01)
Mensaje D / 00:00:00:021 / rip(11) / 00:00:00:001 para top(01)
Mensaje D / 00:00:00:021 / top(01) / 00:00:00:001 para Root(00)
Mensaje * / 00:00:00:022 / Root(00) para top(01)
Mensaje * / 00:00:00:022 / top(01) para interface1(02)
Mensaje * / 00:00:00:022 / interface1(02) para ri1(04)
Mensaje Y / 00:00:00:022 / ri1(04) / flag /      4.00000 para interface1(02)
Mensaje D / 00:00:00:022 / ri1(04) / ... para interface1(02)
Mensaje Y / 00:00:00:022 / interface1(02) / flag_rpu /      4.00000 para top(01)
Mensaje D / 00:00:00:022 / interface1(02) / ... para top(01)
Mensaje X / 00:00:00:022 / top(01) / flag /      4.00000 para rpu(08)
Mensaje X / 00:00:00:022 / rpu(08) / in /      4.00000 para q(10)
Mensaje D / 00:00:00:022 / q(10) / ... para rpu(08)
Mensaje D / 00:00:00:022 / rpu(08) / ... para top(01)
Mensaje D / 00:00:00:022 / top(01) / 00:00:00:000 para Root(00)
Mensaje * / 00:00:00:022 / Root(00) para top(01)
Mensaje * / 00:00:00:022 / top(01) para rip(11)
Mensaje Y / 00:00:00:022 / rip(11) / done /      0.00000 para top(01)
Mensaje D / 00:00:00:022 / rip(11) / ... para top(01)
Mensaje X / 00:00:00:022 / top(01) / cont /      0.00000 para rpu(08)
Mensaje X / 00:00:00:022 / rpu(08) / cont /      0.00000 para pp(09)
Mensaje Y / 00:00:00:022 / pp(09) / next /      0.00000 para rpu(08)
Mensaje D / 00:00:00:022 / pp(09) / ... para rpu(08)
Mensaje X / 00:00:00:022 / rpu(08) / done /      0.00000 para q(10)
Mensaje D / 00:00:00:022 / q(10) / 00:00:00:001 para rpu(08)
Mensaje D / 00:00:00:022 / rpu(08) / 00:00:00:001 para top(01)
Mensaje D / 00:00:00:022 / top(01) / 00:00:00:001 para Root(00)
Mensaje * / 00:00:00:023 / Root(00) para top(01)
Mensaje * / 00:00:00:023 / top(01) para rpu(08)
Mensaje * / 00:00:00:023 / rpu(08) para q(10)
Mensaje Y / 00:00:00:023 / q(10) / out /      4.00000 para rpu(08)
Mensaje D / 00:00:00:023 / q(10) / ... para rpu(08)
Mensaje X / 00:00:00:023 / rpu(08) / in /      4.00000 para pp(09)
Mensaje Y / 00:00:00:023 / pp(09) / getpacket /      4.00000 para rpu(08)
Mensaje D / 00:00:00:023 / pp(09) / ... para rpu(08)
Mensaje Y / 00:00:00:023 / rpu(08) / get_packet /      4.00000 para top(01)
Mensaje D / 00:00:00:023 / rpu(08) / ... para top(01)
Mensaje X / 00:00:00:023 / top(01) / ready /      4.00000 para interface1(02)
Mensaje X / 00:00:00:023 / top(01) / ready /      4.00000 para interface2(05)
Mensaje X / 00:00:00:023 / interface1(02) / ready /      4.00000 para ri1(04)
Mensaje X / 00:00:00:023 / interface2(05) / ready /      4.00000 para ri2(07)
Mensaje D / 00:00:00:023 / ri1(04) / 00:00:00:002 para interface1(02)
Mensaje D / 00:00:00:023 / ri2(07) / ... para interface2(05)
Mensaje D / 00:00:00:023 / interface1(02) / 00:00:00:002 para top(01)
Mensaje D / 00:00:00:023 / interface2(05) / ... para top(01)
Mensaje D / 00:00:00:023 / top(01) / 00:00:00:002 para Root(00)
Mensaje * / 00:00:00:025 / Root(00) para top(01)
Mensaje * / 00:00:00:025 / top(01) para interface1(02)
Mensaje * / 00:00:00:025 / interface1(02) para ri1(04)
Mensaje Y / 00:00:00:025 / ri1(04) / to_rpu / 2000002.00000 para interface1(02)
Mensaje Y / 00:00:00:025 / ri1(04) / to_rpu / 122202200.00000 para interface1(02)
Mensaje Y / 00:00:00:025 / ri1(04) / to_rpu /      0.00000 para interface1(02)
Mensaje Y / 00:00:00:025 / ri1(04) / to_rpu /      0.00000 para interface1(02)
Mensaje D / 00:00:00:025 / ri1(04) / ... para interface1(02)
Mensaje Y / 00:00:00:025 / interface1(02) / packet_to_rpu / 2000002.00000 para top(01)
Mensaje Y / 00:00:00:025 / interface1(02) / packet_to_rpu / 122202200.00000 para top(01)
Mensaje Y / 00:00:00:025 / interface1(02) / packet_to_rpu /      0.00000 para top(01)
Mensaje Y / 00:00:00:025 / interface1(02) / packet_to_rpu /      0.00000 para top(01)
Mensaje D / 00:00:00:025 / interface1(02) / ... para top(01)
Mensaje X / 00:00:00:025 / top(01) / in_packet / 2000002.00000 para rpu(08)
Mensaje X / 00:00:00:025 / top(01) / in_packet / 122202200.00000 para rpu(08)
Mensaje X / 00:00:00:025 / top(01) / in_packet /      0.00000 para rpu(08)
Mensaje X / 00:00:00:025 / top(01) / in_packet /      0.00000 para rpu(08)
Mensaje X / 00:00:00:025 / rpu(08) / packet / 2000002.00000 para pp(09)
Mensaje X / 00:00:00:025 / rpu(08) / packet / 122202200.00000 para pp(09)
Mensaje X / 00:00:00:025 / rpu(08) / packet /      0.00000 para pp(09)
Mensaje X / 00:00:00:025 / rpu(08) / packet /      0.00000 para pp(09)
Mensaje D / 00:00:00:025 / pp(09) / ... para rpu(08)
Mensaje D / 00:00:00:025 / pp(09) / ... para rpu(08)
Mensaje D / 00:00:00:025 / pp(09) / ... para rpu(08)
Mensaje D / 00:00:00:025 / pp(09) / 00:00:00:001 para rpu(08)
Mensaje D / 00:00:00:025 / rpu(08) / 00:00:00:001 para top(01)
Mensaje D / 00:00:00:025 / rpu(08) / 00:00:00:001 para top(01)
Mensaje D / 00:00:00:025 / rpu(08) / 00:00:00:001 para top(01)
Mensaje D / 00:00:00:025 / rpu(08) / 00:00:00:001 para top(01)
Mensaje D / 00:00:00:025 / top(01) / 00:00:00:001 para Root(00)
Mensaje * / 00:00:00:026 / Root(00) para top(01)
Mensaje * / 00:00:00:026 / top(01) para rpu(08)
Mensaje * / 00:00:00:026 / rpu(08) para pp(09)
Mensaje Y / 00:00:00:026 / pp(09) / updatetable / 122202200.00000 para rpu(08)
Mensaje Y / 00:00:00:026 / pp(09) / updatetable /      2.00000 para rpu(08)
Mensaje Y / 00:00:00:026 / pp(09) / updatetable /      4.00000 para rpu(08)
Mensaje D / 00:00:00:026 / pp(09) / ... para rpu(08)
Mensaje Y / 00:00:00:026 / rpu(08) / update / 122202200.00000 para top(01)
Mensaje Y / 00:00:00:026 / rpu(08) / update /      2.00000 para top(01)
Mensaje Y / 00:00:00:026 / rpu(08) / update /      4.00000 para top(01)
Mensaje D / 00:00:00:026 / rpu(08) / ... para top(01)
Mensaje X / 00:00:00:026 / top(01) / update / 122202200.00000 para rip(11)
Mensaje X / 00:00:00:026 / top(01) / update /      2.00000 para rip(11)
Mensaje X / 00:00:00:026 / top(01) / update /      4.00000 para rip(11)
Mensaje D / 00:00:00:026 / rip(11) / ... para top(01)
Mensaje D / 00:00:00:026 / rip(11) / ... para top(01)
Mensaje D / 00:00:00:026 / rip(11) / 00:00:00:001 para top(01)
Mensaje D / 00:00:00:026 / top(01) / 00:00:00:001 para Root(00)
Mensaje * / 00:00:00:027 / Root(00) para top(01)
Mensaje * / 00:00:00:027 / top(01) para rip(11)
Mensaje Y / 00:00:00:027 / rip(11) / done /      0.00000 para top(01)
Mensaje D / 00:00:00:027 / rip(11) / ... para top(01)
Mensaje X / 00:00:00:027 / top(01) / cont /      0.00000 para rpu(08)
Mensaje X / 00:00:00:027 / rpu(08) / cont /      0.00000 para pp(09)
Mensaje Y / 00:00:00:027 / pp(09) / next /      0.00000 para rpu(08)
Mensaje D / 00:00:00:027 / pp(09) / ... para rpu(08)
Mensaje X / 00:00:00:027 / rpu(08) / done /      0.00000 para q(10)
Mensaje D / 00:00:00:027 / q(10) / ... para rpu(08)
Mensaje D / 00:00:00:027 / rpu(08) / ... para top(01)
Mensaje D / 00:00:00:027 / top(01) / ... para Root(00)
Mensaje X / 00:00:00:030 / Root(00) / in2 / 2000004.00000 para top(01)
Mensaje X / 00:00:00:030 / top(01) / in_packet / 2000004.00000 para interface2(05)
Mensaje X / 00:00:00:030 / interface2(05) / in / 2000004.00000 para ri2(07)
Mensaje D / 00:00:00:030 / ri2(07) / ... para interface2(05)
Mensaje D / 00:00:00:030 / interface2(05) / ... para top(01)
Mensaje D / 00:00:00:030 / top(01) / ... para Root(00)
Mensaje X / 00:00:00:030 / Root(00) / in2 / 145525056.00000 para top(01)
Mensaje X / 00:00:00:030 / top(01) / in_packet / 145525056.00000 para interface2(05)
Mensaje X / 00:00:00:030 / interface2(05) / in / 145525056.00000 para ri2(07)
Mensaje D / 00:00:00:030 / ri2(07) / ... para interface2(05)
Mensaje D / 00:00:00:030 / interface2(05) / ... para top(01)
Mensaje D / 00:00:00:030 / top(01) / ... para Root(00)
Mensaje X / 00:00:00:030 / Root(00) / in2 /      0.00000 para top(01)
Mensaje X / 00:00:00:030 / top(01) / in_packet /      0.00000 para interface2(05)
Mensaje X / 00:00:00:030 / interface2(05) / in /      0.00000 para ri2(07)
Mensaje D / 00:00:00:030 / ri2(07) / ... para interface2(05)
Mensaje D / 00:00:00:030 / interface2(05) / ... para top(01)
Mensaje D / 00:00:00:030 / top(01) / ... para Root(00)
Mensaje X / 00:00:00:030 / Root(00) / in2 /      0.00000 para top(01)
Mensaje X / 00:00:00:030 / top(01) / in_packet /      0.00000 para interface2(05)
Mensaje X / 00:00:00:030 / interface2(05) / in /      0.00000 para ri2(07)
Mensaje D / 00:00:00:030 / ri2(07) / 00:00:00:002 para interface2(05)
Mensaje D / 00:00:00:030 / interface2(05) / 00:00:00:002 para top(01)
Mensaje D / 00:00:00:030 / top(01) / 00:00:00:002 para Root(00)
Mensaje * / 00:00:00:032 / Root(00) para top(01)
Mensaje * / 00:00:00:032 / top(01) para interface2(05)
Mensaje * / 00:00:00:032 / interface2(05) para ri2(07)
Mensaje Y / 00:00:00:032 / ri2(07) / flag /      7.00000 para interface2(05)
Mensaje D / 00:00:00:032 / ri2(07) / ... para interface2(05)
Mensaje Y / 00:00:00:032 / interface2(05) / flag_rpu /      7.00000 para top(01)
Mensaje D / 00:00:00:032 / interface2(05) / ... para top(01)
Mensaje X / 00:00:00:032 / top(01) / flag /      7.00000 para rpu(08)
Mensaje X / 00:00:00:032 / rpu(08) / in /      7.00000 para q(10)
Mensaje D / 00:00:00:032 / q(10) / 00:00:00:001 para rpu(08)
Mensaje D / 00:00:00:032 / rpu(08) / 00:00:00:001 para top(01)
Mensaje D / 00:00:00:032 / top(01) / 00:00:00:001 para Root(00)
Mensaje * / 00:00:00:033 / Root(00) para top(01)
Mensaje * / 00:00:00:033 / top(01) para rpu(08)
Mensaje * / 00:00:00:033 / rpu(08) para q(10)
Mensaje Y / 00:00:00:033 / q(10) / out /      7.00000 para rpu(08)
Mensaje D / 00:00:00:033 / q(10) / ... para rpu(08)
Mensaje X / 00:00:00:033 / rpu(08) / in /      7.00000 para pp(09)
Mensaje Y / 00:00:00:033 / pp(09) / getpacket /      7.00000 para rpu(08)
Mensaje D / 00:00:00:033 / pp(09) / ... para rpu(08)
Mensaje Y / 00:00:00:033 / rpu(08) / get_packet /      7.00000 para top(01)
Mensaje D / 00:00:00:033 / rpu(08) / ... para top(01)
Mensaje X / 00:00:00:033 / top(01) / ready /      7.00000 para interface1(02)
Mensaje X / 00:00:00:033 / top(01) / ready /      7.00000 para interface2(05)
Mensaje X / 00:00:00:033 / interface1(02) / ready /      7.00000 para ri1(04)
Mensaje X / 00:00:00:033 / interface2(05) / ready /      7.00000 para ri2(07)
Mensaje D / 00:00:00:033 / ri1(04) / ... para interface1(02)
Mensaje D / 00:00:00:033 / ri2(07) / 00:00:00:002 para interface2(05)
Mensaje D / 00:00:00:033 / interface1(02) / ... para top(01)
Mensaje D / 00:00:00:033 / interface2(05) / 00:00:00:002 para top(01)
Mensaje D / 00:00:00:033 / top(01) / 00:00:00:002 para Root(00)
Mensaje * / 00:00:00:035 / Root(00) para top(01)
Mensaje * / 00:00:00:035 / top(01) para interface2(05)
Mensaje * / 00:00:00:035 / interface2(05) para ri2(07)
Mensaje Y / 00:00:00:035 / ri2(07) / to_rpu / 2000004.00000 para interface2(05)
Mensaje Y / 00:00:00:035 / ri2(07) / to_rpu / 145525056.00000 para interface2(05)
Mensaje Y / 00:00:00:035 / ri2(07) / to_rpu /      0.00000 para interface2(05)
Mensaje Y / 00:00:00:035 / ri2(07) / to_rpu /      0.00000 para interface2(05)
Mensaje D / 00:00:00:035 / ri2(07) / ... para interface2(05)
Mensaje Y / 00:00:00:035 / interface2(05) / packet_to_rpu / 2000004.00000 para top(01)
Mensaje Y / 00:00:00:035 / interface2(05) / packet_to_rpu / 145525056.00000 para top(01)
Mensaje Y / 00:00:00:035 / interface2(05) / packet_to_rpu /      0.00000 para top(01)
Mensaje Y / 00:00:00:035 / interface2(05) / packet_to_rpu /      0.00000 para top(01)
Mensaje D / 00:00:00:035 / interface2(05) / ... para top(01)
Mensaje X / 00:00:00:035 / top(01) / in_packet / 2000004.00000 para rpu(08)
Mensaje X / 00:00:00:035 / top(01) / in_packet / 145525056.00000 para rpu(08)
Mensaje X / 00:00:00:035 / top(01) / in_packet /      0.00000 para rpu(08)
Mensaje X / 00:00:00:035 / top(01) / in_packet /      0.00000 para rpu(08)
Mensaje X / 00:00:00:035 / rpu(08) / packet / 2000004.00000 para pp(09)
Mensaje X / 00:00:00:035 / rpu(08) / packet / 145525056.00000 para pp(09)
Mensaje X / 00:00:00:035 / rpu(08) / packet /      0.00000 para pp(09)
Mensaje X / 00:00:00:035 / rpu(08) / packet /      0.00000 para pp(09)
Mensaje D / 00:00:00:035 / pp(09) / ... para rpu(08)
Mensaje D / 00:00:00:035 / pp(09) / ... para rpu(08)
Mensaje D / 00:00:00:035 / pp(09) / ... para rpu(08)
Mensaje D / 00:00:00:035 / pp(09) / 00:00:00:001 para rpu(08)
Mensaje D / 00:00:00:035 / rpu(08) / 00:00:00:001 para top(01)
Mensaje D / 00:00:00:035 / rpu(08) / 00:00:00:001 para top(01)
Mensaje D / 00:00:00:035 / rpu(08) / 00:00:00:001 para top(01)
Mensaje D / 00:00:00:035 / rpu(08) / 00:00:00:001 para top(01)
Mensaje D / 00:00:00:035 / top(01) / 00:00:00:001 para Root(00)
Mensaje * / 00:00:00:036 / Root(00) para top(01)
Mensaje * / 00:00:00:036 / top(01) para rpu(08)
Mensaje * / 00:00:00:036 / rpu(08) para pp(09)
Mensaje Y / 00:00:00:036 / pp(09) / updatetable / 145525056.00000 para rpu(08)
Mensaje Y / 00:00:00:036 / pp(09) / updatetable /      4.00000 para rpu(08)
Mensaje Y / 00:00:00:036 / pp(09) / updatetable /      7.00000 para rpu(08)
Mensaje D / 00:00:00:036 / pp(09) / ... para rpu(08)
Mensaje Y / 00:00:00:036 / rpu(08) / update / 145525056.00000 para top(01)
Mensaje Y / 00:00:00:036 / rpu(08) / update /      4.00000 para top(01)
Mensaje Y / 00:00:00:036 / rpu(08) / update /      7.00000 para top(01)
Mensaje D / 00:00:00:036 / rpu(08) / ... para top(01)
Mensaje X / 00:00:00:036 / top(01) / update / 145525056.00000 para rip(11)
Mensaje X / 00:00:00:036 / top(01) / update /      4.00000 para rip(11)
Mensaje X / 00:00:00:036 / top(01) / update /      7.00000 para rip(11)
Mensaje D / 00:00:00:036 / rip(11) / ... para top(01)
Mensaje D / 00:00:00:036 / rip(11) / ... para top(01)
Mensaje D / 00:00:00:036 / rip(11) / 00:00:00:001 para top(01)
Mensaje D / 00:00:00:036 / top(01) / 00:00:00:001 para Root(00)
Mensaje * / 00:00:00:037 / Root(00) para top(01)
Mensaje * / 00:00:00:037 / top(01) para rip(11)
Mensaje Y / 00:00:00:037 / rip(11) / done /      0.00000 para top(01)
Mensaje D / 00:00:00:037 / rip(11) / ... para top(01)
Mensaje X / 00:00:00:037 / top(01) / cont /      0.00000 para rpu(08)
Mensaje X / 00:00:00:037 / rpu(08) / cont /      0.00000 para pp(09)
Mensaje Y / 00:00:00:037 / pp(09) / next /      0.00000 para rpu(08)
Mensaje D / 00:00:00:037 / pp(09) / ... para rpu(08)
Mensaje X / 00:00:00:037 / rpu(08) / done /      0.00000 para q(10)
Mensaje D / 00:00:00:037 / q(10) / ... para rpu(08)
Mensaje D / 00:00:00:037 / rpu(08) / ... para top(01)
Mensaje D / 00:00:00:037 / top(01) / ... para Root(00)
Mensaje X / 00:00:00:040 / Root(00) / in1 / 2000005.00000 para top(01)
Mensaje X / 00:00:00:040 / top(01) / in_packet / 2000005.00000 para interface1(02)
Mensaje X / 00:00:00:040 / interface1(02) / in / 2000005.00000 para ri1(04)
Mensaje D / 00:00:00:040 / ri1(04) / ... para interface1(02)
Mensaje D / 00:00:00:040 / interface1(02) / ... para top(01)
Mensaje D / 00:00:00:040 / top(01) / ... para Root(00)
Mensaje X / 00:00:00:040 / Root(00) / in1 / 115001152.00000 para top(01)
Mensaje X / 00:00:00:040 / top(01) / in_packet / 115001152.00000 para interface1(02)
Mensaje X / 00:00:00:040 / interface1(02) / in / 115001152.00000 para ri1(04)
Mensaje D / 00:00:00:040 / ri1(04) / ... para interface1(02)
Mensaje D / 00:00:00:040 / interface1(02) / ... para top(01)
Mensaje D / 00:00:00:040 / top(01) / ... para Root(00)
Mensaje X / 00:00:00:040 / Root(00) / in1 /      0.00000 para top(01)
Mensaje X / 00:00:00:040 / top(01) / in_packet /      0.00000 para interface1(02)
Mensaje X / 00:00:00:040 / interface1(02) / in /      0.00000 para ri1(04)
Mensaje D / 00:00:00:040 / ri1(04) / ... para interface1(02)
Mensaje D / 00:00:00:040 / interface1(02) / ... para top(01)
Mensaje D / 00:00:00:040 / top(01) / ... para Root(00)
Mensaje X / 00:00:00:040 / Root(00) / in1 /      0.00000 para top(01)
Mensaje X / 00:00:00:040 / top(01) / in_packet /      0.00000 para interface1(02)
Mensaje X / 00:00:00:040 / interface1(02) / in /      0.00000 para ri1(04)
Mensaje D / 00:00:00:040 / ri1(04) / 00:00:00:002 para interface1(02)
Mensaje D / 00:00:00:040 / interface1(02) / 00:00:00:002 para top(01)
Mensaje D / 00:00:00:040 / top(01) / 00:00:00:002 para Root(00)
Mensaje * / 00:00:00:042 / Root(00) para top(01)
Mensaje * / 00:00:00:042 / top(01) para interface1(02)
Mensaje * / 00:00:00:042 / interface1(02) para ri1(04)
Mensaje Y / 00:00:00:042 / ri1(04) / flag /      4.00000 para interface1(02)
Mensaje D / 00:00:00:042 / ri1(04) / ... para interface1(02)
Mensaje Y / 00:00:00:042 / interface1(02) / flag_rpu /      4.00000 para top(01)
Mensaje D / 00:00:00:042 / interface1(02) / ... para top(01)
Mensaje X / 00:00:00:042 / top(01) / flag /      4.00000 para rpu(08)
Mensaje X / 00:00:00:042 / rpu(08) / in /      4.00000 para q(10)
Mensaje D / 00:00:00:042 / q(10) / 00:00:00:001 para rpu(08)
Mensaje D / 00:00:00:042 / rpu(08) / 00:00:00:001 para top(01)
Mensaje D / 00:00:00:042 / top(01) / 00:00:00:001 para Root(00)
Mensaje * / 00:00:00:043 / Root(00) para top(01)
Mensaje * / 00:00:00:043 / top(01) para rpu(08)
Mensaje * / 00:00:00:043 / rpu(08) para q(10)
Mensaje Y / 00:00:00:043 / q(10) / out /      4.00000 para rpu(08)
Mensaje D / 00:00:00:043 / q(10) / ... para rpu(08)
Mensaje X / 00:00:00:043 / rpu(08) / in /      4.00000 para pp(09)
Mensaje Y / 00:00:00:043 / pp(09) / getpacket /      4.00000 para rpu(08)
Mensaje D / 00:00:00:043 / pp(09) / ... para rpu(08)
Mensaje Y / 00:00:00:043 / rpu(08) / get_packet /      4.00000 para top(01)
Mensaje D / 00:00:00:043 / rpu(08) / ... para top(01)
Mensaje X / 00:00:00:043 / top(01) / ready /      4.00000 para interface1(02)
Mensaje X / 00:00:00:043 / top(01) / ready /      4.00000 para interface2(05)
Mensaje X / 00:00:00:043 / interface1(02) / ready /      4.00000 para ri1(04)
Mensaje X / 00:00:00:043 / interface2(05) / ready /      4.00000 para ri2(07)
Mensaje D / 00:00:00:043 / ri1(04) / 00:00:00:002 para interface1(02)
Mensaje D / 00:00:00:043 / ri2(07) / ... para interface2(05)
Mensaje D / 00:00:00:043 / interface1(02) / 00:00:00:002 para top(01)
Mensaje D / 00:00:00:043 / interface2(05) / ... para top(01)
Mensaje D / 00:00:00:043 / top(01) / 00:00:00:002 para Root(00)
Mensaje * / 00:00:00:045 / Root(00) para top(01)
Mensaje * / 00:00:00:045 / top(01) para interface1(02)
Mensaje * / 00:00:00:045 / interface1(02) para ri1(04)
Mensaje Y / 00:00:00:045 / ri1(04) / to_rpu / 2000005.00000 para interface1(02)
Mensaje Y / 00:00:00:045 / ri1(04) / to_rpu / 115001152.00000 para interface1(02)
Mensaje Y / 00:00:00:045 / ri1(04) / to_rpu /      0.00000 para interface1(02)
Mensaje Y / 00:00:00:045 / ri1(04) / to_rpu /      0.00000 para interface1(02)
Mensaje D / 00:00:00:045 / ri1(04) / ... para interface1(02)
Mensaje Y / 00:00:00:045 / interface1(02) / packet_to_rpu / 2000005.00000 para top(01)
Mensaje Y / 00:00:00:045 / interface1(02) / packet_to_rpu / 115001152.00000 para top(01)
Mensaje Y / 00:00:00:045 / interface1(02) / packet_to_rpu /      0.00000 para top(01)
Mensaje Y / 00:00:00:045 / interface1(02) / packet_to_rpu /      0.00000 para top(01)
Mensaje D / 00:00:00:045 / interface1(02) / ... para top(01)
Mensaje X / 00:00:00:045 / top(01) / in_packet / 2000005.00000 para rpu(08)
Mensaje X / 00:00:00:045 / top(01) / in_packet / 115001152.00000 para rpu(08)
Mensaje X / 00:00:00:045 / top(01) / in_packet /      0.00000 para rpu(08)
Mensaje X / 00:00:00:045 / top(01) / in_packet /      0.00000 para rpu(08)
Mensaje X / 00:00:00:045 / rpu(08) / packet / 2000005.00000 para pp(09)
Mensaje X / 00:00:00:045 / rpu(08) / packet / 115001152.00000 para pp(09)
Mensaje X / 00:00:00:045 / rpu(08) / packet /      0.00000 para pp(09)
Mensaje X / 00:00:00:045 / rpu(08) / packet /      0.00000 para pp(09)
Mensaje D / 00:00:00:045 / pp(09) / ... para rpu(08)
Mensaje D / 00:00:00:045 / pp(09) / ... para rpu(08)
Mensaje D / 00:00:00:045 / pp(09) / ... para rpu(08)
Mensaje D / 00:00:00:045 / pp(09) / 00:00:00:001 para rpu(08)
Mensaje D / 00:00:00:045 / rpu(08) / 00:00:00:001 para top(01)
Mensaje D / 00:00:00:045 / rpu(08) / 00:00:00:001 para top(01)
Mensaje D / 00:00:00:045 / rpu(08) / 00:00:00:001 para top(01)
Mensaje D / 00:00:00:045 / rpu(08) / 00:00:00:001 para top(01)
Mensaje D / 00:00:00:045 / top(01) / 00:00:00:001 para Root(00)
Mensaje * / 00:00:00:046 / Root(00) para top(01)
Mensaje * / 00:00:00:046 / top(01) para rpu(08)
Mensaje * / 00:00:00:046 / rpu(08) para pp(09)
Mensaje Y / 00:00:00:046 / pp(09) / updatetable / 115001152.00000 para rpu(08)
Mensaje Y / 00:00:00:046 / pp(09) / updatetable /      5.00000 para rpu(08)
Mensaje Y / 00:00:00:046 / pp(09) / updatetable /      4.00000 para rpu(08)
Mensaje D / 00:00:00:046 / pp(09) / ... para rpu(08)
Mensaje Y / 00:00:00:046 / rpu(08) / update / 115001152.00000 para top(01)
Mensaje Y / 00:00:00:046 / rpu(08) / update /      5.00000 para top(01)
Mensaje Y / 00:00:00:046 / rpu(08) / update /      4.00000 para top(01)
Mensaje D / 00:00:00:046 / rpu(08) / ... para top(01)
Mensaje X / 00:00:00:046 / top(01) / update / 115001152.00000 para rip(11)
Mensaje X / 00:00:00:046 / top(01) / update /      5.00000 para rip(11)
Mensaje X / 00:00:00:046 / top(01) / update /      4.00000 para rip(11)
Mensaje D / 00:00:00:046 / rip(11) / ... para top(01)
Mensaje D / 00:00:00:046 / rip(11) / ... para top(01)
Mensaje D / 00:00:00:046 / rip(11) / 00:00:00:001 para top(01)
Mensaje D / 00:00:00:046 / top(01) / 00:00:00:001 para Root(00)
Mensaje * / 00:00:00:047 / Root(00) para top(01)
Mensaje * / 00:00:00:047 / top(01) para rip(11)
Mensaje Y / 00:00:00:047 / rip(11) / done /      0.00000 para top(01)
Mensaje D / 00:00:00:047 / rip(11) / ... para top(01)
Mensaje X / 00:00:00:047 / top(01) / cont /      0.00000 para rpu(08)
Mensaje X / 00:00:00:047 / rpu(08) / cont /      0.00000 para pp(09)
Mensaje Y / 00:00:00:047 / pp(09) / next /      0.00000 para rpu(08)
Mensaje D / 00:00:00:047 / pp(09) / ... para rpu(08)
Mensaje X / 00:00:00:047 / rpu(08) / done /      0.00000 para q(10)
Mensaje D / 00:00:00:047 / q(10) / ... para rpu(08)
Mensaje D / 00:00:00:047 / rpu(08) / ... para top(01)
Mensaje D / 00:00:00:047 / top(01) / ... para Root(00)
Mensaje X / 00:00:00:100 / Root(00) / in1 / 3010012.00000 para top(01)
Mensaje X / 00:00:00:100 / top(01) / in_packet / 3010012.00000 para interface1(02)
Mensaje X / 00:00:00:100 / interface1(02) / in / 3010012.00000 para ri1(04)
Mensaje D / 00:00:00:100 / ri1(04) / ... para interface1(02)
Mensaje D / 00:00:00:100 / interface1(02) / ... para top(01)
Mensaje D / 00:00:00:100 / top(01) / ... para Root(00)
Mensaje X / 00:00:00:100 / Root(00) / in1 / 121117000.00000 para top(01)
Mensaje X / 00:00:00:100 / top(01) / in_packet / 121117000.00000 para interface1(02)
Mensaje X / 00:00:00:100 / interface1(02) / in / 121117000.00000 para ri1(04)
Mensaje D / 00:00:00:100 / ri1(04) / ... para interface1(02)
Mensaje D / 00:00:00:100 / interface1(02) / ... para top(01)
Mensaje D / 00:00:00:100 / top(01) / ... para Root(00)
Mensaje X / 00:00:00:100 / Root(00) / in1 / 133303304.00000 para top(01)
Mensaje X / 00:00:00:100 / top(01) / in_packet / 133303304.00000 para interface1(02)
Mensaje X / 00:00:00:100 / interface1(02) / in / 133303304.00000 para ri1(04)
Mensaje D / 00:00:00:100 / ri1(04) / ... para interface1(02)
Mensaje D / 00:00:00:100 / interface1(02) / ... para top(01)
Mensaje D / 00:00:00:100 / top(01) / ... para Root(00)
Mensaje X / 00:00:00:100 / Root(00) / in1 /     15.00000 para top(01)
Mensaje X / 00:00:00:100 / top(01) / in_packet /     15.00000 para interface1(02)
Mensaje X / 00:00:00:100 / interface1(02) / in /     15.00000 para ri1(04)
Mensaje D / 00:00:00:100 / ri1(04) / 00:00:00:002 para interface1(02)
Mensaje D / 00:00:00:100 / interface1(02) / 00:00:00:002 para top(01)
Mensaje D / 00:00:00:100 / top(01) / 00:00:00:002 para Root(00)
Mensaje * / 00:00:00:102 / Root(00) para top(01)
Mensaje * / 00:00:00:102 / top(01) para interface1(02)
Mensaje * / 00:00:00:102 / interface1(02) para ri1(04)
Mensaje Y / 00:00:00:102 / ri1(04) / flag /      4.00000 para interface1(02)
Mensaje D / 00:00:00:102 / ri1(04) / ... para interface1(02)
Mensaje Y / 00:00:00:102 / interface1(02) / flag_rpu /      4.00000 para top(01)
Mensaje D / 00:00:00:102 / interface1(02) / ... para top(01)
Mensaje X / 00:00:00:102 / top(01) / flag /      4.00000 para rpu(08)
Mensaje X / 00:00:00:102 / rpu(08) / in /      4.00000 para q(10)
Mensaje D / 00:00:00:102 / q(10) / 00:00:00:001 para rpu(08)
Mensaje D / 00:00:00:102 / rpu(08) / 00:00:00:001 para top(01)
Mensaje D / 00:00:00:102 / top(01) / 00:00:00:001 para Root(00)
Mensaje * / 00:00:00:103 / Root(00) para top(01)
Mensaje * / 00:00:00:103 / top(01) para rpu(08)
Mensaje * / 00:00:00:103 / rpu(08) para q(10)
Mensaje Y / 00:00:00:103 / q(10) / out /      4.00000 para rpu(08)
Mensaje D / 00:00:00:103 / q(10) / ... para rpu(08)
Mensaje X / 00:00:00:103 / rpu(08) / in /      4.00000 para pp(09)
Mensaje Y / 00:00:00:103 / pp(09) / getpacket /      4.00000 para rpu(08)
Mensaje D / 00:00:00:103 / pp(09) / ... para rpu(08)
Mensaje Y / 00:00:00:103 / rpu(08) / get_packet /      4.00000 para top(01)
Mensaje D / 00:00:00:103 / rpu(08) / ... para top(01)
Mensaje X / 00:00:00:103 / top(01) / ready /      4.00000 para interface1(02)
Mensaje X / 00:00:00:103 / top(01) / ready /      4.00000 para interface2(05)
Mensaje X / 00:00:00:103 / interface1(02) / ready /      4.00000 para ri1(04)
Mensaje X / 00:00:00:103 / interface2(05) / ready /      4.00000 para ri2(07)
Mensaje D / 00:00:00:103 / ri1(04) / 00:00:00:002 para interface1(02)
Mensaje D / 00:00:00:103 / ri2(07) / ... para interface2(05)
Mensaje D / 00:00:00:103 / interface1(02) / 00:00:00:002 para top(01)
Mensaje D / 00:00:00:103 / interface2(05) / ... para top(01)
Mensaje D / 00:00:00:103 / top(01) / 00:00:00:002 para Root(00)
Mensaje * / 00:00:00:105 / Root(00) para top(01)
Mensaje * / 00:00:00:105 / top(01) para interface1(02)
Mensaje * / 00:00:00:105 / interface1(02) para ri1(04)
Mensaje Y / 00:00:00:105 / ri1(04) / to_rpu / 3010012.00000 para interface1(02)
Mensaje Y / 00:00:00:105 / ri1(04) / to_rpu / 121117000.00000 para interface1(02)
Mensaje Y / 00:00:00:105 / ri1(04) / to_rpu / 133303304.00000 para interface1(02)
Mensaje Y / 00:00:00:105 / ri1(04) / to_rpu /     15.00000 para interface1(02)
Mensaje D / 00:00:00:105 / ri1(04) / ... para interface1(02)
Mensaje Y / 00:00:00:105 / interface1(02) / packet_to_rpu / 3010012.00000 para top(01)
Mensaje Y / 00:00:00:105 / interface1(02) / packet_to_rpu / 121117000.00000 para top(01)
Mensaje Y / 00:00:00:105 / interface1(02) / packet_to_rpu / 133303304.00000 para top(01)
Mensaje Y / 00:00:00:105 / interface1(02) / packet_to_rpu /     15.00000 para top(01)
Mensaje D / 00:00:00:105 / interface1(02) / ... para top(01)
Mensaje X / 00:00:00:105 / top(01) / in_packet / 3010012.00000 para rpu(08)
Mensaje X / 00:00:00:105 / top(01) / in_packet / 121117000.00000 para rpu(08)
Mensaje X / 00:00:00:105 / top(01) / in_packet / 133303304.00000 para rpu(08)
Mensaje X / 00:00:00:105 / top(01) / in_packet /     15.00000 para rpu(08)
Mensaje X / 00:00:00:105 / rpu(08) / packet / 3010012.00000 para pp(09)
Mensaje X / 00:00:00:105 / rpu(08) / packet / 121117000.00000 para pp(09)
Mensaje X / 00:00:00:105 / rpu(08) / packet / 133303304.00000 para pp(09)
Mensaje X / 00:00:00:105 / rpu(08) / packet /     15.00000 para pp(09)
Mensaje D / 00:00:00:105 / pp(09) / ... para rpu(08)
Mensaje D / 00:00:00:105 / pp(09) / ... para rpu(08)
Mensaje D / 00:00:00:105 / pp(09) / ... para rpu(08)
Mensaje D / 00:00:00:105 / pp(09) / 00:00:00:001 para rpu(08)
Mensaje D / 00:00:00:105 / rpu(08) / 00:00:00:001 para top(01)
Mensaje D / 00:00:00:105 / rpu(08) / 00:00:00:001 para top(01)
Mensaje D / 00:00:00:105 / rpu(08) / 00:00:00:001 para top(01)
Mensaje D / 00:00:00:105 / rpu(08) / 00:00:00:001 para top(01)
Mensaje D / 00:00:00:105 / top(01) / 00:00:00:001 para Root(00)
Mensaje * / 00:00:00:106 / Root(00) para top(01)
Mensaje * / 00:00:00:106 / top(01) para rpu(08)
Mensaje * / 00:00:00:106 / rpu(08) para pp(09)
Mensaje Y / 00:00:00:106 / pp(09) / destination / 133303304.00000 para rpu(08)
Mensaje D / 00:00:00:106 / pp(09) / ... para rpu(08)
Mensaje Y / 00:00:00:106 / rpu(08) / destination / 133303304.00000 para top(01)
Mensaje D / 00:00:00:106 / rpu(08) / ... para top(01)
Mensaje X / 00:00:00:106 / top(01) / address / 133303304.00000 para rip(11)
Mensaje D / 00:00:00:106 / rip(11) / 00:00:00:001 para top(01)
Mensaje D / 00:00:00:106 / top(01) / 00:00:00:001 para Root(00)
Mensaje * / 00:00:00:107 / Root(00) para top(01)
Mensaje * / 00:00:00:107 / top(01) para rip(11)
Mensaje Y / 00:00:00:107 / rip(11) / interfaceport /      7.00000 para top(01)
Mensaje D / 00:00:00:107 / rip(11) / ... para top(01)
Mensaje X / 00:00:00:107 / top(01) / packet_from_rpu /      7.00000 para interface1(02)
Mensaje X / 00:00:00:107 / top(01) / packet_from_rpu /      7.00000 para interface2(05)
Mensaje X / 00:00:00:107 / top(01) / outinterface /      7.00000 para rpu(08)
Mensaje X / 00:00:00:107 / interface1(02) / from_rpu /      7.00000 para ro1(03)
Mensaje X / 00:00:00:107 / interface2(05) / from_rpu /      7.00000 para ro2(06)
Mensaje X / 00:00:00:107 / rpu(08) / outinterface /      7.00000 para pp(09)
Mensaje D / 00:00:00:107 / ro1(03) / ... para interface1(02)
Mensaje D / 00:00:00:107 / ro2(06) / ... para interface2(05)
Mensaje D / 00:00:00:107 / pp(09) / 00:00:00:001 para rpu(08)
Mensaje D / 00:00:00:107 / interface1(02) / ... para top(01)
Mensaje D / 00:00:00:107 / interface2(05) / ... para top(01)
Mensaje D / 00:00:00:107 / rpu(08) / 00:00:00:001 para top(01)
Mensaje D / 00:00:00:107 / top(01) / 00:00:00:001 para Root(00)
Mensaje * / 00:00:00:108 / Root(00) para top(01)
Mensaje * / 00:00:00:108 / top(01) para rpu(08)
Mensaje * / 00:00:00:108 / rpu(08) para pp(09)
Mensaje Y / 00:00:00:108 / pp(09) / out / 3009012.00000 para rpu(08)
Mensaje Y / 00:00:00:108 / pp(09) / out / 121117000.00000 para rpu(08)
Mensaje Y / 00:00:00:108 / pp(09) / out / 133303304.00000 para rpu(08)
Mensaje Y / 00:00:00:108 / pp(09) / out /     15.00000 para rpu(08)
Mensaje Y / 00:00:00:108 / pp(09) / out /      7.00000 para rpu(08)
Mensaje Y / 00:00:00:108 / pp(09) / next /      0.00000 para rpu(08)
Mensaje D / 00:00:00:108 / pp(09) / ... para rpu(08)
Mensaje Y / 00:00:00:108 / rpu(08) / out_packet / 3009012.00000 para top(01)
Mensaje Y / 00:00:00:108 / rpu(08) / out_packet / 121117000.00000 para top(01)
Mensaje Y / 00:00:00:108 / rpu(08) / out_packet / 133303304.00000 para top(01)
Mensaje Y / 00:00:00:108 / rpu(08) / out_packet /     15.00000 para top(01)
Mensaje Y / 00:00:00:108 / rpu(08) / out_packet /      7.00000 para top(01)
Mensaje X / 00:00:00:108 / rpu(08) / done /      0.00000 para q(10)
Mensaje X / 00:00:00:108 / top(01) / packet_from_rpu / 3009012.00000 para interface1(02)
Mensaje X / 00:00:00:108 / top(01) / packet_from_rpu / 3009012.00000 para interface2(05)
Mensaje X / 00:00:00:108 / top(01) / packet_from_rpu / 121117000.00000 para interface1(02)
Mensaje X / 00:00:00:108 / top(01) / packet_from_rpu / 121117000.00000 para interface2(05)
Mensaje X / 00:00:00:108 / top(01) / packet_from_rpu / 133303304.00000 para interface1(02)
Mensaje X / 00:00:00:108 / top(01) / packet_from_rpu / 133303304.00000 para interface2(05)
Mensaje X / 00:00:00:108 / top(01) / packet_from_rpu /     15.00000 para interface1(02)
Mensaje X / 00:00:00:108 / top(01) / packet_from_rpu /     15.00000 para interface2(05)
Mensaje X / 00:00:00:108 / top(01) / packet_from_rpu /      7.00000 para interface1(02)
Mensaje X / 00:00:00:108 / top(01) / packet_from_rpu /      7.00000 para interface2(05)
Mensaje D / 00:00:00:108 / q(10) / ... para rpu(08)
Mensaje X / 00:00:00:108 / interface1(02) / from_rpu / 3009012.00000 para ro1(03)
Mensaje X / 00:00:00:108 / interface2(05) / from_rpu / 3009012.00000 para ro2(06)
Mensaje X / 00:00:00:108 / interface1(02) / from_rpu / 121117000.00000 para ro1(03)
Mensaje X / 00:00:00:108 / interface2(05) / from_rpu / 121117000.00000 para ro2(06)
Mensaje X / 00:00:00:108 / interface1(02) / from_rpu / 133303304.00000 para ro1(03)
Mensaje X / 00:00:00:108 / interface2(05) / from_rpu / 133303304.00000 para ro2(06)
Mensaje X / 00:00:00:108 / interface1(02) / from_rpu /     15.00000 para ro1(03)
Mensaje X / 00:00:00:108 / interface2(05) / from_rpu /     15.00000 para ro2(06)
Mensaje X / 00:00:00:108 / interface1(02) / from_rpu /      7.00000 para ro1(03)
Mensaje X / 00:00:00:108 / interface2(05) / from_rpu /      7.00000 para ro2(06)
Mensaje D / 00:00:00:108 / rpu(08) / ... para top(01)
Mensaje D / 00:00:00:108 / ro1(03) / ... para interface1(02)
Mensaje D / 00:00:00:108 / ro2(06) / ... para interface2(05)
Mensaje D / 00:00:00:108 / ro1(03) / ... para interface1(02)
Mensaje D / 00:00:00:108 / ro2(06) / ... para interface2(05)
Mensaje D / 00:00:00:108 / ro1(03) / ... para interface1(02)
Mensaje D / 00:00:00:108 / ro2(06) / ... para interface2(05)
Mensaje D / 00:00:00:108 / ro1(03) / ... para interface1(02)
Mensaje D / 00:00:00:108 / ro2(06) / ... para interface2(05)
Mensaje D / 00:00:00:108 / ro1(03) / ... para interface1(02)
Mensaje D / 00:00:00:108 / ro2(06) / ... para interface2(05)
Mensaje D / 00:00:00:108 / interface1(02) / ... para top(01)
Mensaje D / 00:00:00:108 / interface1(02) / ... para top(01)
Mensaje D / 00:00:00:108 / interface1(02) / ... para top(01)
Mensaje D / 00:00:00:108 / interface1(02) / ... para top(01)
Mensaje D / 00:00:00:108 / interface1(02) / ... para top(01)
Mensaje D / 00:00:00:108 / interface2(05) / ... para top(01)
Mensaje D / 00:00:00:108 / interface2(05) / ... para top(01)
Mensaje D / 00:00:00:108 / interface2(05) / ... para top(01)
Mensaje D / 00:00:00:108 / interface2(05) / ... para top(01)
Mensaje D / 00:00:00:108 / interface2(05) / ... para top(01)
Mensaje D / 00:00:00:108 / top(01) / ... para Root(00)
Mensaje X / 00:00:01:010 / Root(00) / in1 / 2000000.00000 para top(01)
Mensaje X / 00:00:01:010 / top(01) / in_packet / 2000000.00000 para interface1(02)
Mensaje X / 00:00:01:010 / interface1(02) / in / 2000000.00000 para ri1(04)
Mensaje D / 00:00:01:010 / ri1(04) / ... para interface1(02)
Mensaje D / 00:00:01:010 / interface1(02) / ... para top(01)
Mensaje D / 00:00:01:010 / top(01) / ... para Root(00)
Mensaje X / 00:00:01:010 / Root(00) / in1 / 133303304.00000 para top(01)
Mensaje X / 00:00:01:010 / top(01) / in_packet / 133303304.00000 para interface1(02)
Mensaje X / 00:00:01:010 / interface1(02) / in / 133303304.00000 para ri1(04)
Mensaje D / 00:00:01:010 / ri1(04) / ... para interface1(02)
Mensaje D / 00:00:01:010 / interface1(02) / ... para top(01)
Mensaje D / 00:00:01:010 / top(01) / ... para Root(00)
Mensaje X / 00:00:01:010 / Root(00) / in1 /      0.00000 para top(01)
Mensaje X / 00:00:01:010 / top(01) / in_packet /      0.00000 para interface1(02)
Mensaje X / 00:00:01:010 / interface1(02) / in /      0.00000 para ri1(04)
Mensaje D / 00:00:01:010 / ri1(04) / ... para interface1(02)
Mensaje D / 00:00:01:010 / interface1(02) / ... para top(01)
Mensaje D / 00:00:01:010 / top(01) / ... para Root(00)
Mensaje X / 00:00:01:010 / Root(00) / in1 /      0.00000 para top(01)
Mensaje X / 00:00:01:010 / top(01) / in_packet /      0.00000 para interface1(02)
Mensaje X / 00:00:01:010 / interface1(02) / in /      0.00000 para ri1(04)
Mensaje D / 00:00:01:010 / ri1(04) / 00:00:00:002 para interface1(02)
Mensaje D / 00:00:01:010 / interface1(02) / 00:00:00:002 para top(01)
Mensaje D / 00:00:01:010 / top(01) / 00:00:00:002 para Root(00)
Mensaje * / 00:00:01:012 / Root(00) para top(01)
Mensaje * / 00:00:01:012 / top(01) para interface1(02)
Mensaje * / 00:00:01:012 / interface1(02) para ri1(04)
Mensaje Y / 00:00:01:012 / ri1(04) / flag /      4.00000 para interface1(02)
Mensaje D / 00:00:01:012 / ri1(04) / ... para interface1(02)
Mensaje Y / 00:00:01:012 / interface1(02) / flag_rpu /      4.00000 para top(01)
Mensaje D / 00:00:01:012 / interface1(02) / ... para top(01)
Mensaje X / 00:00:01:012 / top(01) / flag /      4.00000 para rpu(08)
Mensaje X / 00:00:01:012 / rpu(08) / in /      4.00000 para q(10)
Mensaje D / 00:00:01:012 / q(10) / 00:00:00:001 para rpu(08)
Mensaje D / 00:00:01:012 / rpu(08) / 00:00:00:001 para top(01)
Mensaje D / 00:00:01:012 / top(01) / 00:00:00:001 para Root(00)
Mensaje * / 00:00:01:013 / Root(00) para top(01)
Mensaje * / 00:00:01:013 / top(01) para rpu(08)
Mensaje * / 00:00:01:013 / rpu(08) para q(10)
Mensaje Y / 00:00:01:013 / q(10) / out /      4.00000 para rpu(08)
Mensaje D / 00:00:01:013 / q(10) / ... para rpu(08)
Mensaje X / 00:00:01:013 / rpu(08) / in /      4.00000 para pp(09)
Mensaje Y / 00:00:01:013 / pp(09) / getpacket /      4.00000 para rpu(08)
Mensaje D / 00:00:01:013 / pp(09) / ... para rpu(08)
Mensaje Y / 00:00:01:013 / rpu(08) / get_packet /      4.00000 para top(01)
Mensaje D / 00:00:01:013 / rpu(08) / ... para top(01)
Mensaje X / 00:00:01:013 / top(01) / ready /      4.00000 para interface1(02)
Mensaje X / 00:00:01:013 / top(01) / ready /      4.00000 para interface2(05)
Mensaje X / 00:00:01:013 / interface1(02) / ready /      4.00000 para ri1(04)
Mensaje X / 00:00:01:013 / interface2(05) / ready /      4.00000 para ri2(07)
Mensaje D / 00:00:01:013 / ri1(04) / 00:00:00:002 para interface1(02)
Mensaje D / 00:00:01:013 / ri2(07) / ... para interface2(05)
Mensaje D / 00:00:01:013 / interface1(02) / 00:00:00:002 para top(01)
Mensaje D / 00:00:01:013 / interface2(05) / ... para top(01)
Mensaje D / 00:00:01:013 / top(01) / 00:00:00:002 para Root(00)
Mensaje * / 00:00:01:015 / Root(00) para top(01)
Mensaje * / 00:00:01:015 / top(01) para interface1(02)
Mensaje * / 00:00:01:015 / interface1(02) para ri1(04)
Mensaje Y / 00:00:01:015 / ri1(04) / to_rpu / 2000000.00000 para interface1(02)
Mensaje Y / 00:00:01:015 / ri1(04) / to_rpu / 133303304.00000 para interface1(02)
Mensaje Y / 00:00:01:015 / ri1(04) / to_rpu /      0.00000 para interface1(02)
Mensaje Y / 00:00:01:015 / ri1(04) / to_rpu /      0.00000 para interface1(02)
Mensaje D / 00:00:01:015 / ri1(04) / ... para interface1(02)
Mensaje Y / 00:00:01:015 / interface1(02) / packet_to_rpu / 2000000.00000 para top(01)
Mensaje Y / 00:00:01:015 / interface1(02) / packet_to_rpu / 133303304.00000 para top(01)
Mensaje Y / 00:00:01:015 / interface1(02) / packet_to_rpu /      0.00000 para top(01)
Mensaje Y / 00:00:01:015 / interface1(02) / packet_to_rpu /      0.00000 para top(01)
Mensaje D / 00:00:01:015 / interface1(02) / ... para top(01)
Mensaje X / 00:00:01:015 / top(01) / in_packet / 2000000.00000 para rpu(08)
Mensaje X / 00:00:01:015 / top(01) / in_packet / 133303304.00000 para rpu(08)
Mensaje X / 00:00:01:015 / top(01) / in_packet /      0.00000 para rpu(08)
Mensaje X / 00:00:01:015 / top(01) / in_packet /      0.00000 para rpu(08)
Mensaje X / 00:00:01:015 / rpu(08) / packet / 2000000.00000 para pp(09)
Mensaje X / 00:00:01:015 / rpu(08) / packet / 133303304.00000 para pp(09)
Mensaje X / 00:00:01:015 / rpu(08) / packet /      0.00000 para pp(09)
Mensaje X / 00:00:01:015 / rpu(08) / packet /      0.00000 para pp(09)
Mensaje D / 00:00:01:015 / pp(09) / ... para rpu(08)
Mensaje D / 00:00:01:015 / pp(09) / ... para rpu(08)
Mensaje D / 00:00:01:015 / pp(09) / ... para rpu(08)
Mensaje D / 00:00:01:015 / pp(09) / 00:00:00:001 para rpu(08)
Mensaje D / 00:00:01:015 / rpu(08) / 00:00:00:001 para top(01)
Mensaje D / 00:00:01:015 / rpu(08) / 00:00:00:001 para top(01)
Mensaje D / 00:00:01:015 / rpu(08) / 00:00:00:001 para top(01)
Mensaje D / 00:00:01:015 / rpu(08) / 00:00:00:001 para top(01)
Mensaje D / 00:00:01:015 / top(01) / 00:00:00:001 para Root(00)
Mensaje * / 00:00:01:016 / Root(00) para top(01)
Mensaje * / 00:00:01:016 / top(01) para rpu(08)
Mensaje * / 00:00:01:016 / rpu(08) para pp(09)
Mensaje Y / 00:00:01:016 / pp(09) / updatetable / 133303304.00000 para rpu(08)
Mensaje Y / 00:00:01:016 / pp(09) / updatetable /      0.00000 para rpu(08)
Mensaje Y / 00:00:01:016 / pp(09) / updatetable /      4.00000 para rpu(08)
Mensaje D / 00:00:01:016 / pp(09) / ... para rpu(08)
Mensaje Y / 00:00:01:016 / rpu(08) / update / 133303304.00000 para top(01)
Mensaje Y / 00:00:01:016 / rpu(08) / update /      0.00000 para top(01)
Mensaje Y / 00:00:01:016 / rpu(08) / update /      4.00000 para top(01)
Mensaje D / 00:00:01:016 / rpu(08) / ... para top(01)
Mensaje X / 00:00:01:016 / top(01) / update / 133303304.00000 para rip(11)
Mensaje X / 00:00:01:016 / top(01) / update /      0.00000 para rip(11)
Mensaje X / 00:00:01:016 / top(01) / update /      4.00000 para rip(11)
Mensaje D / 00:00:01:016 / rip(11) / ... para top(01)
Mensaje D / 00:00:01:016 / rip(11) / ... para top(01)
Mensaje D / 00:00:01:016 / rip(11) / 00:00:00:001 para top(01)
Mensaje D / 00:00:01:016 / top(01) / 00:00:00:001 para Root(00)
Mensaje * / 00:00:01:017 / Root(00) para top(01)
Mensaje * / 00:00:01:017 / top(01) para rip(11)
Mensaje Y / 00:00:01:017 / rip(11) / done /      0.00000 para top(01)
Mensaje D / 00:00:01:017 / rip(11) / ... para top(01)
Mensaje X / 00:00:01:017 / top(01) / cont /      0.00000 para rpu(08)
Mensaje X / 00:00:01:017 / rpu(08) / cont /      0.00000 para pp(09)
Mensaje Y / 00:00:01:017 / pp(09) / next /      0.00000 para rpu(08)
Mensaje D / 00:00:01:017 / pp(09) / ... para rpu(08)
Mensaje X / 00:00:01:017 / rpu(08) / done /      0.00000 para q(10)
Mensaje D / 00:00:01:017 / q(10) / ... para rpu(08)
Mensaje D / 00:00:01:017 / rpu(08) / ... para top(01)
Mensaje D / 00:00:01:017 / top(01) / ... para Root(00)
Mensaje X / 00:00:01:220 / Root(00) / in1 / 1000000.00000 para top(01)
Mensaje X / 00:00:01:220 / top(01) / in_packet / 1000000.00000 para interface1(02)
Mensaje X / 00:00:01:220 / interface1(02) / in / 1000000.00000 para ri1(04)
Mensaje D / 00:00:01:220 / ri1(04) / ... para interface1(02)
Mensaje D / 00:00:01:220 / interface1(02) / ... para top(01)
Mensaje D / 00:00:01:220 / top(01) / ... para Root(00)
Mensaje X / 00:00:01:220 / Root(00) / in1 /      0.00000 para top(01)
Mensaje X / 00:00:01:220 / top(01) / in_packet /      0.00000 para interface1(02)
Mensaje X / 00:00:01:220 / interface1(02) / in /      0.00000 para ri1(04)
Mensaje D / 00:00:01:220 / ri1(04) / ... para interface1(02)
Mensaje D / 00:00:01:220 / interface1(02) / ... para top(01)
Mensaje D / 00:00:01:220 / top(01) / ... para Root(00)
Mensaje X / 00:00:01:220 / Root(00) / in1 /      0.00000 para top(01)
Mensaje X / 00:00:01:220 / top(01) / in_packet /      0.00000 para interface1(02)
Mensaje X / 00:00:01:220 / interface1(02) / in /      0.00000 para ri1(04)
Mensaje D / 00:00:01:220 / ri1(04) / ... para interface1(02)
Mensaje D / 00:00:01:220 / interface1(02) / ... para top(01)
Mensaje D / 00:00:01:220 / top(01) / ... para Root(00)
Mensaje X / 00:00:01:220 / Root(00) / in1 /      0.00000 para top(01)
Mensaje X / 00:00:01:220 / top(01) / in_packet /      0.00000 para interface1(02)
Mensaje X / 00:00:01:220 / interface1(02) / in /      0.00000 para ri1(04)
Mensaje D / 00:00:01:220 / ri1(04) / 00:00:00:002 para interface1(02)
Mensaje D / 00:00:01:220 / interface1(02) / 00:00:00:002 para top(01)
Mensaje D / 00:00:01:220 / top(01) / 00:00:00:002 para Root(00)
Mensaje * / 00:00:01:222 / Root(00) para top(01)
Mensaje * / 00:00:01:222 / top(01) para interface1(02)
Mensaje * / 00:00:01:222 / interface1(02) para ri1(04)
Mensaje Y / 00:00:01:222 / ri1(04) / flag /      4.00000 para interface1(02)
Mensaje D / 00:00:01:222 / ri1(04) / ... para interface1(02)
Mensaje Y / 00:00:01:222 / interface1(02) / flag_rpu /      4.00000 para top(01)
Mensaje D / 00:00:01:222 / interface1(02) / ... para top(01)
Mensaje X / 00:00:01:222 / top(01) / flag /      4.00000 para rpu(08)
Mensaje X / 00:00:01:222 / rpu(08) / in /      4.00000 para q(10)
Mensaje D / 00:00:01:222 / q(10) / 00:00:00:001 para rpu(08)
Mensaje D / 00:00:01:222 / rpu(08) / 00:00:00:001 para top(01)
Mensaje D / 00:00:01:222 / top(01) / 00:00:00:001 para Root(00)
Mensaje * / 00:00:01:223 / Root(00) para top(01)
Mensaje * / 00:00:01:223 / top(01) para rpu(08)
Mensaje * / 00:00:01:223 / rpu(08) para q(10)
Mensaje Y / 00:00:01:223 / q(10) / out /      4.00000 para rpu(08)
Mensaje D / 00:00:01:223 / q(10) / ... para rpu(08)
Mensaje X / 00:00:01:223 / rpu(08) / in /      4.00000 para pp(09)
Mensaje Y / 00:00:01:223 / pp(09) / getpacket /      4.00000 para rpu(08)
Mensaje D / 00:00:01:223 / pp(09) / ... para rpu(08)
Mensaje Y / 00:00:01:223 / rpu(08) / get_packet /      4.00000 para top(01)
Mensaje D / 00:00:01:223 / rpu(08) / ... para top(01)
Mensaje X / 00:00:01:223 / top(01) / ready /      4.00000 para interface1(02)
Mensaje X / 00:00:01:223 / top(01) / ready /      4.00000 para interface2(05)
Mensaje X / 00:00:01:223 / interface1(02) / ready /      4.00000 para ri1(04)
Mensaje X / 00:00:01:223 / interface2(05) / ready /      4.00000 para ri2(07)
Mensaje D / 00:00:01:223 / ri1(04) / 00:00:00:002 para interface1(02)
Mensaje D / 00:00:01:223 / ri2(07) / ... para interface2(05)
Mensaje D / 00:00:01:223 / interface1(02) / 00:00:00:002 para top(01)
Mensaje D / 00:00:01:223 / interface2(05) / ... para top(01)
Mensaje D / 00:00:01:223 / top(01) / 00:00:00:002 para Root(00)
Mensaje * / 00:00:01:225 / Root(00) para top(01)
Mensaje * / 00:00:01:225 / top(01) para interface1(02)
Mensaje * / 00:00:01:225 / interface1(02) para ri1(04)
Mensaje Y / 00:00:01:225 / ri1(04) / to_rpu / 1000000.00000 para interface1(02)
Mensaje Y / 00:00:01:225 / ri1(04) / to_rpu /      0.00000 para interface1(02)
Mensaje Y / 00:00:01:225 / ri1(04) / to_rpu /      0.00000 para interface1(02)
Mensaje Y / 00:00:01:225 / ri1(04) / to_rpu /      0.00000 para interface1(02)
Mensaje D / 00:00:01:225 / ri1(04) / ... para interface1(02)
Mensaje Y / 00:00:01:225 / interface1(02) / packet_to_rpu / 1000000.00000 para top(01)
Mensaje Y / 00:00:01:225 / interface1(02) / packet_to_rpu /      0.00000 para top(01)
Mensaje Y / 00:00:01:225 / interface1(02) / packet_to_rpu /      0.00000 para top(01)
Mensaje Y / 00:00:01:225 / interface1(02) / packet_to_rpu /      0.00000 para top(01)
Mensaje D / 00:00:01:225 / interface1(02) / ... para top(01)
Mensaje X / 00:00:01:225 / top(01) / in_packet / 1000000.00000 para rpu(08)
Mensaje X / 00:00:01:225 / top(01) / in_packet /      0.00000 para rpu(08)
Mensaje X / 00:00:01:225 / top(01) / in_packet /      0.00000 para rpu(08)
Mensaje X / 00:00:01:225 / top(01) / in_packet /      0.00000 para rpu(08)
Mensaje X / 00:00:01:225 / rpu(08) / packet / 1000000.00000 para pp(09)
Mensaje X / 00:00:01:225 / rpu(08) / packet /      0.00000 para pp(09)
Mensaje X / 00:00:01:225 / rpu(08) / packet /      0.00000 para pp(09)
Mensaje X / 00:00:01:225 / rpu(08) / packet /      0.00000 para pp(09)
Mensaje D / 00:00:01:225 / pp(09) / ... para rpu(08)
Mensaje D / 00:00:01:225 / pp(09) / ... para rpu(08)
Mensaje D / 00:00:01:225 / pp(09) / ... para rpu(08)
Mensaje D / 00:00:01:225 / pp(09) / 00:00:00:001 para rpu(08)
Mensaje D / 00:00:01:225 / rpu(08) / 00:00:00:001 para top(01)
Mensaje D / 00:00:01:225 / rpu(08) / 00:00:00:001 para top(01)
Mensaje D / 00:00:01:225 / rpu(08) / 00:00:00:001 para top(01)
Mensaje D / 00:00:01:225 / rpu(08) / 00:00:00:001 para top(01)
Mensaje D / 00:00:01:225 / top(01) / 00:00:00:001 para Root(00)
Mensaje * / 00:00:01:226 / Root(00) para top(01)
Mensaje * / 00:00:01:226 / top(01) para rpu(08)
Mensaje * / 00:00:01:226 / rpu(08) para pp(09)
Mensaje Y / 00:00:01:226 / pp(09) / requ /      4.00000 para rpu(08)
Mensaje Y / 00:00:01:226 / pp(09) / requ /      0.00000 para rpu(08)
Mensaje D / 00:00:01:226 / pp(09) / ... para rpu(08)
Mensaje Y / 00:00:01:226 / rpu(08) / request /      4.00000 para top(01)
Mensaje Y / 00:00:01:226 / rpu(08) / request /      0.00000 para top(01)
Mensaje D / 00:00:01:226 / rpu(08) / ... para top(01)
Mensaje X / 00:00:01:226 / top(01) / request /      4.00000 para rip(11)
Mensaje X / 00:00:01:226 / top(01) / request /      0.00000 para rip(11)
Mensaje D / 00:00:01:226 / rip(11) / 00:00:00:001 para top(01)
Mensaje D / 00:00:01:226 / rip(11) / 00:00:00:001 para top(01)
Mensaje D / 00:00:01:226 / top(01) / 00:00:00:001 para Root(00)
Mensaje * / 00:00:01:227 / Root(00) para top(01)
Mensaje * / 00:00:01:227 / top(01) para rip(11)
Mensaje Y / 00:00:01:227 / rip(11) / respond / 200200.00000 para top(01)
Mensaje Y / 00:00:01:227 / rip(11) / respond / 111101104.00000 para top(01)
Mensaje Y / 00:00:01:227 / rip(11) / respond /      0.00000 para top(01)
Mensaje Y / 00:00:01:227 / rip(11) / respond /      0.00000 para top(01)
Mensaje Y / 00:00:01:227 / rip(11) / respond /      0.00000 para top(01)
Mensaje Y / 00:00:01:227 / rip(11) / respond / 200203.00000 para top(01)
Mensaje Y / 00:00:01:227 / rip(11) / respond / 133303304.00000 para top(01)
Mensaje Y / 00:00:01:227 / rip(11) / respond /      0.00000 para top(01)
Mensaje Y / 00:00:01:227 / rip(11) / respond /      0.00000 para top(01)
Mensaje Y / 00:00:01:227 / rip(11) / respond /      0.00000 para top(01)
Mensaje Y / 00:00:01:227 / rip(11) / respond / 200202.00000 para top(01)
Mensaje Y / 00:00:01:227 / rip(11) / respond / 122202200.00000 para top(01)
Mensaje Y / 00:00:01:227 / rip(11) / respond /      0.00000 para top(01)
Mensaje Y / 00:00:01:227 / rip(11) / respond /      0.00000 para top(01)
Mensaje Y / 00:00:01:227 / rip(11) / respond /      0.00000 para top(01)
Mensaje Y / 00:00:01:227 / rip(11) / respond / 200204.00000 para top(01)
Mensaje Y / 00:00:01:227 / rip(11) / respond / 145525056.00000 para top(01)
Mensaje Y / 00:00:01:227 / rip(11) / respond /      0.00000 para top(01)
Mensaje Y / 00:00:01:227 / rip(11) / respond /      0.00000 para top(01)
Mensaje Y / 00:00:01:227 / rip(11) / respond /      0.00000 para top(01)
Mensaje Y / 00:00:01:227 / rip(11) / respond / 200205.00000 para top(01)
Mensaje Y / 00:00:01:227 / rip(11) / respond / 115001152.00000 para top(01)
Mensaje Y / 00:00:01:227 / rip(11) / respond /      0.00000 para top(01)
Mensaje Y / 00:00:01:227 / rip(11) / respond /      0.00000 para top(01)
Mensaje Y / 00:00:01:227 / rip(11) / respond /      0.00000 para top(01)
Mensaje D / 00:00:01:227 / rip(11) / ... para top(01)
Mensaje D / 00:00:01:227 / top(01) / ... para Root(00)
Mensaje X / 00:00:02:000 / Root(00) / in1 / 3008011.00000 para top(01)
Mensaje X / 00:00:02:000 / top(01) / in_packet / 3008011.00000 para interface1(02)
Mensaje X / 00:00:02:000 / interface1(02) / in / 3008011.00000 para ri1(04)
Mensaje D / 00:00:02:000 / ri1(04) / ... para interface1(02)
Mensaje D / 00:00:02:000 / interface1(02) / ... para top(01)
Mensaje D / 00:00:02:000 / top(01) / ... para Root(00)
Mensaje X / 00:00:02:000 / Root(00) / in1 / 114124200.00000 para top(01)
Mensaje X / 00:00:02:000 / top(01) / in_packet / 114124200.00000 para interface1(02)
Mensaje X / 00:00:02:000 / interface1(02) / in / 114124200.00000 para ri1(04)
Mensaje D / 00:00:02:000 / ri1(04) / ... para interface1(02)
Mensaje D / 00:00:02:000 / interface1(02) / ... para top(01)
Mensaje D / 00:00:02:000 / top(01) / ... para Root(00)
Mensaje X / 00:00:02:000 / Root(00) / in1 / 123456792.00000 para top(01)
Mensaje X / 00:00:02:000 / top(01) / in_packet / 123456792.00000 para interface1(02)
Mensaje X / 00:00:02:000 / interface1(02) / in / 123456792.00000 para ri1(04)
Mensaje D / 00:00:02:000 / ri1(04) / ... para interface1(02)
Mensaje D / 00:00:02:000 / interface1(02) / ... para top(01)
Mensaje D / 00:00:02:000 / top(01) / ... para Root(00)
Mensaje X / 00:00:02:000 / Root(00) / in1 /      0.00000 para top(01)
Mensaje X / 00:00:02:000 / top(01) / in_packet /      0.00000 para interface1(02)
Mensaje X / 00:00:02:000 / interface1(02) / in /      0.00000 para ri1(04)
Mensaje D / 00:00:02:000 / ri1(04) / 00:00:00:002 para interface1(02)
Mensaje D / 00:00:02:000 / interface1(02) / 00:00:00:002 para top(01)
Mensaje D / 00:00:02:000 / top(01) / 00:00:00:002 para Root(00)
Mensaje * / 00:00:02:002 / Root(00) para top(01)
Mensaje * / 00:00:02:002 / top(01) para interface1(02)
Mensaje * / 00:00:02:002 / interface1(02) para ri1(04)
Mensaje Y / 00:00:02:002 / ri1(04) / flag /      4.00000 para interface1(02)
Mensaje D / 00:00:02:002 / ri1(04) / ... para interface1(02)
Mensaje Y / 00:00:02:002 / interface1(02) / flag_rpu /      4.00000 para top(01)
Mensaje D / 00:00:02:002 / interface1(02) / ... para top(01)
Mensaje X / 00:00:02:002 / top(01) / flag /      4.00000 para rpu(08)
Mensaje X / 00:00:02:002 / rpu(08) / in /      4.00000 para q(10)
Mensaje D / 00:00:02:002 / q(10) / ... para rpu(08)
Mensaje D / 00:00:02:002 / rpu(08) / ... para top(01)
Mensaje D / 00:00:02:002 / top(01) / ... para Root(00)
Mensaje X / 00:00:02:010 / Root(00) / in2 / 2000007.00000 para top(01)
Mensaje X / 00:00:02:010 / top(01) / in_packet / 2000007.00000 para interface2(05)
Mensaje X / 00:00:02:010 / interface2(05) / in / 2000007.00000 para ri2(07)
Mensaje D / 00:00:02:010 / ri2(07) / ... para interface2(05)
Mensaje D / 00:00:02:010 / interface2(05) / ... para top(01)
Mensaje D / 00:00:02:010 / top(01) / ... para Root(00)
Mensaje X / 00:00:02:010 / Root(00) / in2 / 122202200.00000 para top(01)
Mensaje X / 00:00:02:010 / top(01) / in_packet / 122202200.00000 para interface2(05)
Mensaje X / 00:00:02:010 / interface2(05) / in / 122202200.00000 para ri2(07)
Mensaje D / 00:00:02:010 / ri2(07) / ... para interface2(05)
Mensaje D / 00:00:02:010 / interface2(05) / ... para top(01)
Mensaje D / 00:00:02:010 / top(01) / ... para Root(00)
Mensaje X / 00:00:02:010 / Root(00) / in2 /      0.00000 para top(01)
Mensaje X / 00:00:02:010 / top(01) / in_packet /      0.00000 para interface2(05)
Mensaje X / 00:00:02:010 / interface2(05) / in /      0.00000 para ri2(07)
Mensaje D / 00:00:02:010 / ri2(07) / ... para interface2(05)
Mensaje D / 00:00:02:010 / interface2(05) / ... para top(01)
Mensaje D / 00:00:02:010 / top(01) / ... para Root(00)
Mensaje X / 00:00:02:010 / Root(00) / in2 /      0.00000 para top(01)
Mensaje X / 00:00:02:010 / top(01) / in_packet /      0.00000 para interface2(05)
Mensaje X / 00:00:02:010 / interface2(05) / in /      0.00000 para ri2(07)
Mensaje D / 00:00:02:010 / ri2(07) / 00:00:00:002 para interface2(05)
Mensaje D / 00:00:02:010 / interface2(05) / 00:00:00:002 para top(01)
Mensaje D / 00:00:02:010 / top(01) / 00:00:00:002 para Root(00)
Mensaje X / 00:00:02:010 / Root(00) / in1 / 3000007.00000 para top(01)
Mensaje X / 00:00:02:010 / top(01) / in_packet / 3000007.00000 para interface1(02)
Mensaje X / 00:00:02:010 / interface1(02) / in / 3000007.00000 para ri1(04)
Mensaje D / 00:00:02:010 / ri1(04) / ... para interface1(02)
Mensaje D / 00:00:02:010 / interface1(02) / ... para top(01)
Mensaje D / 00:00:02:010 / top(01) / 00:00:00:002 para Root(00)
Mensaje X / 00:00:02:010 / Root(00) / in1 / 122202200.00000 para top(01)
Mensaje X / 00:00:02:010 / top(01) / in_packet / 122202200.00000 para interface1(02)
Mensaje X / 00:00:02:010 / interface1(02) / in / 122202200.00000 para ri1(04)
Mensaje D / 00:00:02:010 / ri1(04) / ... para interface1(02)
Mensaje D / 00:00:02:010 / interface1(02) / ... para top(01)
Mensaje D / 00:00:02:010 / top(01) / 00:00:00:002 para Root(00)
Mensaje X / 00:00:02:010 / Root(00) / in1 /      0.00000 para top(01)
Mensaje X / 00:00:02:010 / top(01) / in_packet /      0.00000 para interface1(02)
Mensaje X / 00:00:02:010 / interface1(02) / in /      0.00000 para ri1(04)
Mensaje D / 00:00:02:010 / ri1(04) / ... para interface1(02)
Mensaje D / 00:00:02:010 / interface1(02) / ... para top(01)
Mensaje D / 00:00:02:010 / top(01) / 00:00:00:002 para Root(00)
Mensaje X / 00:00:02:010 / Root(00) / in1 /      0.00000 para top(01)
Mensaje X / 00:00:02:010 / top(01) / in_packet /      0.00000 para interface1(02)
Mensaje X / 00:00:02:010 / interface1(02) / in /      0.00000 para ri1(04)
Mensaje D / 00:00:02:010 / ri1(04) / 00:00:00:002 para interface1(02)
Mensaje D / 00:00:02:010 / interface1(02) / 00:00:00:002 para top(01)
Mensaje D / 00:00:02:010 / top(01) / 00:00:00:002 para Root(00)
Mensaje * / 00:00:02:012 / Root(00) para top(01)
Mensaje * / 00:00:02:012 / top(01) para interface1(02)
Mensaje * / 00:00:02:012 / interface1(02) para ri1(04)
Mensaje Y / 00:00:02:012 / ri1(04) / flag /      4.00000 para interface1(02)
Mensaje D / 00:00:02:012 / ri1(04) / ... para interface1(02)
Mensaje Y / 00:00:02:012 / interface1(02) / flag_rpu /      4.00000 para top(01)
Mensaje D / 00:00:02:012 / interface1(02) / ... para top(01)
Mensaje X / 00:00:02:012 / top(01) / flag /      4.00000 para rpu(08)
Mensaje X / 00:00:02:012 / rpu(08) / in /      4.00000 para q(10)
Mensaje D / 00:00:02:012 / q(10) / ... para rpu(08)
Mensaje D / 00:00:02:012 / rpu(08) / ... para top(01)
Mensaje D / 00:00:02:012 / top(01) / 00:00:00:000 para Root(00)
Mensaje * / 00:00:02:012 / Root(00) para top(01)
Mensaje * / 00:00:02:012 / top(01) para interface2(05)
Mensaje * / 00:00:02:012 / interface2(05) para ri2(07)
Mensaje Y / 00:00:02:012 / ri2(07) / flag /      7.00000 para interface2(05)
Mensaje D / 00:00:02:012 / ri2(07) / ... para interface2(05)
Mensaje Y / 00:00:02:012 / interface2(05) / flag_rpu /      7.00000 para top(01)
Mensaje D / 00:00:02:012 / interface2(05) / ... para top(01)
Mensaje X / 00:00:02:012 / top(01) / flag /      7.00000 para rpu(08)
Mensaje X / 00:00:02:012 / rpu(08) / in /      7.00000 para q(10)
Mensaje D / 00:00:02:012 / q(10) / ... para rpu(08)
Mensaje D / 00:00:02:012 / rpu(08) / ... para top(01)
Mensaje D / 00:00:02:012 / top(01) / ... para Root(00)
