Mensaje I / 00:00:00:000 / Root(00) para top(01)
Mensaje I / 00:00:00:000 / top(01) para ro(02)
Mensaje D / 00:00:00:000 / ro(02) / ... para top(01)
Mensaje D / 00:00:00:000 / top(01) / ... para Root(00)
Mensaje X / 00:00:03:000 / Root(00) / interfacenum /     32.00000 para top(01)
Mensaje X / 00:00:03:000 / top(01) / interfacenum /     32.00000 para ro(02)
Mensaje D / 00:00:03:000 / ro(02) / ... para top(01)
Mensaje D / 00:00:03:000 / top(01) / ... para Root(00)
Mensaje X / 00:00:05:000 / Root(00) / from_rpu /      1.10000 para top(01)
Mensaje X / 00:00:05:000 / top(01) / from_rpu /      1.10000 para ro(02)
Mensaje D / 00:00:05:000 / ro(02) / ... para top(01)
Mensaje D / 00:00:05:000 / top(01) / ... para Root(00)
Mensaje X / 00:00:05:001 / Root(00) / from_rpu /      1.20000 para top(01)
Mensaje X / 00:00:05:001 / top(01) / from_rpu /      1.20000 para ro(02)
Mensaje D / 00:00:05:001 / ro(02) / ... para top(01)
Mensaje D / 00:00:05:001 / top(01) / ... para Root(00)
Mensaje X / 00:00:05:002 / Root(00) / from_rpu /      1.30000 para top(01)
Mensaje X / 00:00:05:002 / top(01) / from_rpu /      1.30000 para ro(02)
Mensaje D / 00:00:05:002 / ro(02) / ... para top(01)
Mensaje D / 00:00:05:002 / top(01) / ... para Root(00)
Mensaje X / 00:00:05:003 / Root(00) / from_rpu /      1.40000 para top(01)
Mensaje X / 00:00:05:003 / top(01) / from_rpu /      1.40000 para ro(02)
Mensaje D / 00:00:05:003 / ro(02) / ... para top(01)
Mensaje D / 00:00:05:003 / top(01) / ... para Root(00)
Mensaje X / 00:00:05:004 / Root(00) / from_rpu /     30.00000 para top(01)
Mensaje X / 00:00:05:004 / top(01) / from_rpu /     30.00000 para ro(02)
Mensaje D / 00:00:05:004 / ro(02) / ... para top(01)
Mensaje D / 00:00:05:004 / top(01) / ... para Root(00)
Mensaje X / 00:00:06:000 / Root(00) / from_rpu /      2.10000 para top(01)
Mensaje X / 00:00:06:000 / top(01) / from_rpu /      2.10000 para ro(02)
Mensaje D / 00:00:06:000 / ro(02) / ... para top(01)
Mensaje D / 00:00:06:000 / top(01) / ... para Root(00)
Mensaje X / 00:00:06:001 / Root(00) / from_rpu /      2.20000 para top(01)
Mensaje X / 00:00:06:001 / top(01) / from_rpu /      2.20000 para ro(02)
Mensaje D / 00:00:06:001 / ro(02) / ... para top(01)
Mensaje D / 00:00:06:001 / top(01) / ... para Root(00)
Mensaje X / 00:00:06:002 / Root(00) / from_rpu /      2.30000 para top(01)
Mensaje X / 00:00:06:002 / top(01) / from_rpu /      2.30000 para ro(02)
Mensaje D / 00:00:06:002 / ro(02) / ... para top(01)
Mensaje D / 00:00:06:002 / top(01) / ... para Root(00)
Mensaje X / 00:00:06:003 / Root(00) / from_rpu /      2.40000 para top(01)
Mensaje X / 00:00:06:003 / top(01) / from_rpu /      2.40000 para ro(02)
Mensaje D / 00:00:06:003 / ro(02) / ... para top(01)
Mensaje D / 00:00:06:003 / top(01) / ... para Root(00)
Mensaje X / 00:00:06:004 / Root(00) / from_rpu /     32.00000 para top(01)
Mensaje X / 00:00:06:004 / top(01) / from_rpu /     32.00000 para ro(02)
Mensaje D / 00:00:06:004 / ro(02) / 00:00:00:050 para top(01)
Mensaje D / 00:00:06:004 / top(01) / 00:00:00:050 para Root(00)
Mensaje * / 00:00:06:054 / Root(00) para top(01)
Mensaje * / 00:00:06:054 / top(01) para ro(02)
Mensaje Y / 00:00:06:054 / ro(02) / out /      2.10000 para top(01)
Mensaje Y / 00:00:06:054 / ro(02) / out /      2.20000 para top(01)
Mensaje Y / 00:00:06:054 / ro(02) / out /      2.30000 para top(01)
Mensaje Y / 00:00:06:054 / ro(02) / out /      2.40000 para top(01)
Mensaje D / 00:00:06:054 / ro(02) / ... para top(01)
Mensaje Y / 00:00:06:054 / top(01) / out /      2.10000 para Root(00)
Mensaje Y / 00:00:06:054 / top(01) / out /      2.20000 para Root(00)
Mensaje Y / 00:00:06:054 / top(01) / out /      2.30000 para Root(00)
Mensaje Y / 00:00:06:054 / top(01) / out /      2.40000 para Root(00)
Mensaje D / 00:00:06:054 / top(01) / ... para Root(00)
