00:00:00:001 getpacket 1
00:00:00:030 next 0
00:00:00:070 out 0
00:00:00:070 out 0
00:00:00:070 out 0
00:00:00:070 out 0
00:00:00:070 out 2
00:00:00:070 next 0
00:00:01:001 getpacket 2
00:00:01:030 next 0
00:00:01:070 out 1e+06
00:00:01:070 out 0
00:00:01:070 out 0
00:00:01:070 out 0
00:00:01:070 out -0
00:00:01:070 next 0
00:00:02:001 getpacket 3
00:00:03:030 updatetable 3.2
00:00:03:030 updatetable 5
00:00:03:030 updatetable 3
00:00:03:050 next 0
00:00:04:001 getpacket 4
00:00:04:030 requ 4
00:00:04:030 requ 4.2
00:00:04:050 next 0
