Mensaje I / 00:00:00:000 / Root(00) para top(01)
Mensaje I / 00:00:00:000 / top(01) para pp(02)
Mensaje D / 00:00:00:000 / pp(02) / ... para top(01)
Mensaje D / 00:00:00:000 / top(01) / ... para Root(00)
Mensaje X / 00:00:00:001 / Root(00) / in /      1.00000 para top(01)
Mensaje X / 00:00:00:001 / top(01) / in /      1.00000 para pp(02)
Mensaje Y / 00:00:00:001 / pp(02) / getpacket /      1.00000 para top(01)
Mensaje D / 00:00:00:001 / pp(02) / ... para top(01)
Mensaje Y / 00:00:00:001 / top(01) / getpacket /      1.00000 para Root(00)
Mensaje D / 00:00:00:001 / top(01) / ... para Root(00)
Mensaje X / 00:00:00:010 / Root(00) / packet / 3000001.00000 para top(01)
Mensaje X / 00:00:00:010 / top(01) / packet / 3000001.00000 para pp(02)
Mensaje D / 00:00:00:010 / pp(02) / ... para top(01)
Mensaje D / 00:00:00:010 / top(01) / ... para Root(00)
Mensaje X / 00:00:00:010 / Root(00) / packet /      1.20000 para top(01)
Mensaje X / 00:00:00:010 / top(01) / packet /      1.20000 para pp(02)
Mensaje D / 00:00:00:010 / pp(02) / ... para top(01)
Mensaje D / 00:00:00:010 / top(01) / ... para Root(00)
Mensaje X / 00:00:00:010 / Root(00) / packet /      1.30000 para top(01)
Mensaje X / 00:00:00:010 / top(01) / packet /      1.30000 para pp(02)
Mensaje D / 00:00:00:010 / pp(02) / ... para top(01)
Mensaje D / 00:00:00:010 / top(01) / ... para Root(00)
Mensaje X / 00:00:00:010 / Root(00) / packet /      1.40000 para top(01)
Mensaje X / 00:00:00:010 / top(01) / packet /      1.40000 para pp(02)
Mensaje D / 00:00:00:010 / pp(02) / 00:00:00:020 para top(01)
Mensaje D / 00:00:00:010 / top(01) / 00:00:00:020 para Root(00)
Mensaje * / 00:00:00:030 / Root(00) para top(01)
Mensaje * / 00:00:00:030 / top(01) para pp(02)
Mensaje Y / 00:00:00:030 / pp(02) / next /      0.00000 para top(01)
Mensaje D / 00:00:00:030 / pp(02) / ... para top(01)
Mensaje Y / 00:00:00:030 / top(01) / next /      0.00000 para Root(00)
Mensaje D / 00:00:00:030 / top(01) / ... para Root(00)
Mensaje X / 00:00:00:050 / Root(00) / outinterface /      2.00000 para top(01)
Mensaje X / 00:00:00:050 / top(01) / outinterface /      2.00000 para pp(02)
Mensaje D / 00:00:00:050 / pp(02) / 00:00:00:020 para top(01)
Mensaje D / 00:00:00:050 / top(01) / 00:00:00:020 para Root(00)
Mensaje * / 00:00:00:070 / Root(00) para top(01)
Mensaje * / 00:00:00:070 / top(01) para pp(02)
Mensaje Y / 00:00:00:070 / pp(02) / out /      0.00000 para top(01)
Mensaje Y / 00:00:00:070 / pp(02) / out /      0.00000 para top(01)
Mensaje Y / 00:00:00:070 / pp(02) / out /      0.00000 para top(01)
Mensaje Y / 00:00:00:070 / pp(02) / out /      0.00000 para top(01)
Mensaje Y / 00:00:00:070 / pp(02) / out /      2.00000 para top(01)
Mensaje Y / 00:00:00:070 / pp(02) / next /      0.00000 para top(01)
Mensaje D / 00:00:00:070 / pp(02) / ... para top(01)
Mensaje Y / 00:00:00:070 / top(01) / out /      0.00000 para Root(00)
Mensaje Y / 00:00:00:070 / top(01) / out /      0.00000 para Root(00)
Mensaje Y / 00:00:00:070 / top(01) / out /      0.00000 para Root(00)
Mensaje Y / 00:00:00:070 / top(01) / out /      0.00000 para Root(00)
Mensaje Y / 00:00:00:070 / top(01) / out /      2.00000 para Root(00)
Mensaje Y / 00:00:00:070 / top(01) / next /      0.00000 para Root(00)
Mensaje D / 00:00:00:070 / top(01) / ... para Root(00)
Mensaje X / 00:00:01:001 / Root(00) / in /      2.00000 para top(01)
Mensaje X / 00:00:01:001 / top(01) / in /      2.00000 para pp(02)
Mensaje Y / 00:00:01:001 / pp(02) / getpacket /      2.00000 para top(01)
Mensaje D / 00:00:01:001 / pp(02) / ... para top(01)
Mensaje Y / 00:00:01:001 / top(01) / getpacket /      2.00000 para Root(00)
Mensaje D / 00:00:01:001 / top(01) / ... para Root(00)
Mensaje X / 00:00:01:010 / Root(00) / packet / 3000002.00000 para top(01)
Mensaje X / 00:00:01:010 / top(01) / packet / 3000002.00000 para pp(02)
Mensaje D / 00:00:01:010 / pp(02) / ... para top(01)
Mensaje D / 00:00:01:010 / top(01) / ... para Root(00)
Mensaje X / 00:00:01:010 / Root(00) / packet /      2.20000 para top(01)
Mensaje X / 00:00:01:010 / top(01) / packet /      2.20000 para pp(02)
Mensaje D / 00:00:01:010 / pp(02) / ... para top(01)
Mensaje D / 00:00:01:010 / top(01) / ... para Root(00)
Mensaje X / 00:00:01:010 / Root(00) / packet /      2.30000 para top(01)
Mensaje X / 00:00:01:010 / top(01) / packet /      2.30000 para pp(02)
Mensaje D / 00:00:01:010 / pp(02) / ... para top(01)
Mensaje D / 00:00:01:010 / top(01) / ... para Root(00)
Mensaje X / 00:00:01:010 / Root(00) / packet /      2.40000 para top(01)
Mensaje X / 00:00:01:010 / top(01) / packet /      2.40000 para pp(02)
Mensaje D / 00:00:01:010 / pp(02) / 00:00:00:020 para top(01)
Mensaje D / 00:00:01:010 / top(01) / 00:00:00:020 para Root(00)
Mensaje * / 00:00:01:030 / Root(00) para top(01)
Mensaje * / 00:00:01:030 / top(01) para pp(02)
Mensaje Y / 00:00:01:030 / pp(02) / next /      0.00000 para top(01)
Mensaje D / 00:00:01:030 / pp(02) / ... para top(01)
Mensaje Y / 00:00:01:030 / top(01) / next /      0.00000 para Root(00)
Mensaje D / 00:00:01:030 / top(01) / ... para Root(00)
Mensaje X / 00:00:01:050 / Root(00) / outinterface /      0.00000 para top(01)
Mensaje X / 00:00:01:050 / top(01) / outinterface /      0.00000 para pp(02)
Mensaje D / 00:00:01:050 / pp(02) / 00:00:00:020 para top(01)
Mensaje D / 00:00:01:050 / top(01) / 00:00:00:020 para Root(00)
Mensaje * / 00:00:01:070 / Root(00) para top(01)
Mensaje * / 00:00:01:070 / top(01) para pp(02)
Mensaje Y / 00:00:01:070 / pp(02) / out / 1000000.00000 para top(01)
Mensaje Y / 00:00:01:070 / pp(02) / out /      0.00000 para top(01)
Mensaje Y / 00:00:01:070 / pp(02) / out /      0.00000 para top(01)
Mensaje Y / 00:00:01:070 / pp(02) / out /      0.00000 para top(01)
Mensaje Y / 00:00:01:070 / pp(02) / out /     -0.00000 para top(01)
Mensaje Y / 00:00:01:070 / pp(02) / next /      0.00000 para top(01)
Mensaje D / 00:00:01:070 / pp(02) / ... para top(01)
Mensaje Y / 00:00:01:070 / top(01) / out / 1000000.00000 para Root(00)
Mensaje Y / 00:00:01:070 / top(01) / out /      0.00000 para Root(00)
Mensaje Y / 00:00:01:070 / top(01) / out /      0.00000 para Root(00)
Mensaje Y / 00:00:01:070 / top(01) / out /      0.00000 para Root(00)
Mensaje Y / 00:00:01:070 / top(01) / out /     -0.00000 para Root(00)
Mensaje Y / 00:00:01:070 / top(01) / next /      0.00000 para Root(00)
Mensaje D / 00:00:01:070 / top(01) / ... para Root(00)
Mensaje X / 00:00:02:001 / Root(00) / in /      3.00000 para top(01)
Mensaje X / 00:00:02:001 / top(01) / in /      3.00000 para pp(02)
Mensaje Y / 00:00:02:001 / pp(02) / getpacket /      3.00000 para top(01)
Mensaje D / 00:00:02:001 / pp(02) / ... para top(01)
Mensaje Y / 00:00:02:001 / top(01) / getpacket /      3.00000 para Root(00)
Mensaje D / 00:00:02:001 / top(01) / ... para Root(00)
Mensaje X / 00:00:03:010 / Root(00) / packet / 2000005.00000 para top(01)
Mensaje X / 00:00:03:010 / top(01) / packet / 2000005.00000 para pp(02)
Mensaje D / 00:00:03:010 / pp(02) / ... para top(01)
Mensaje D / 00:00:03:010 / top(01) / ... para Root(00)
Mensaje X / 00:00:03:010 / Root(00) / packet /      3.20000 para top(01)
Mensaje X / 00:00:03:010 / top(01) / packet /      3.20000 para pp(02)
Mensaje D / 00:00:03:010 / pp(02) / ... para top(01)
Mensaje D / 00:00:03:010 / top(01) / ... para Root(00)
Mensaje X / 00:00:03:010 / Root(00) / packet /      0.00000 para top(01)
Mensaje X / 00:00:03:010 / top(01) / packet /      0.00000 para pp(02)
Mensaje D / 00:00:03:010 / pp(02) / ... para top(01)
Mensaje D / 00:00:03:010 / top(01) / ... para Root(00)
Mensaje X / 00:00:03:010 / Root(00) / packet /      0.00000 para top(01)
Mensaje X / 00:00:03:010 / top(01) / packet /      0.00000 para pp(02)
Mensaje D / 00:00:03:010 / pp(02) / 00:00:00:020 para top(01)
Mensaje D / 00:00:03:010 / top(01) / 00:00:00:020 para Root(00)
Mensaje * / 00:00:03:030 / Root(00) para top(01)
Mensaje * / 00:00:03:030 / top(01) para pp(02)
Mensaje Y / 00:00:03:030 / pp(02) / updatetable /      3.20000 para top(01)
Mensaje Y / 00:00:03:030 / pp(02) / updatetable /      5.00000 para top(01)
Mensaje Y / 00:00:03:030 / pp(02) / updatetable /      3.00000 para top(01)
Mensaje D / 00:00:03:030 / pp(02) / ... para top(01)
Mensaje Y / 00:00:03:030 / top(01) / updatetable /      3.20000 para Root(00)
Mensaje Y / 00:00:03:030 / top(01) / updatetable /      5.00000 para Root(00)
Mensaje Y / 00:00:03:030 / top(01) / updatetable /      3.00000 para Root(00)
Mensaje D / 00:00:03:030 / top(01) / ... para Root(00)
Mensaje X / 00:00:03:050 / Root(00) / cont /      0.00000 para top(01)
Mensaje X / 00:00:03:050 / top(01) / cont /      0.00000 para pp(02)
Mensaje Y / 00:00:03:050 / pp(02) / next /      0.00000 para top(01)
Mensaje D / 00:00:03:050 / pp(02) / ... para top(01)
Mensaje Y / 00:00:03:050 / top(01) / next /      0.00000 para Root(00)
Mensaje D / 00:00:03:050 / top(01) / ... para Root(00)
Mensaje X / 00:00:04:001 / Root(00) / in /      4.00000 para top(01)
Mensaje X / 00:00:04:001 / top(01) / in /      4.00000 para pp(02)
Mensaje Y / 00:00:04:001 / pp(02) / getpacket /      4.00000 para top(01)
Mensaje D / 00:00:04:001 / pp(02) / ... para top(01)
Mensaje Y / 00:00:04:001 / top(01) / getpacket /      4.00000 para Root(00)
Mensaje D / 00:00:04:001 / top(01) / ... para Root(00)
Mensaje X / 00:00:04:010 / Root(00) / packet / 1000000.00000 para top(01)
Mensaje X / 00:00:04:010 / top(01) / packet / 1000000.00000 para pp(02)
Mensaje D / 00:00:04:010 / pp(02) / ... para top(01)
Mensaje D / 00:00:04:010 / top(01) / ... para Root(00)
Mensaje X / 00:00:04:010 / Root(00) / packet /      4.20000 para top(01)
Mensaje X / 00:00:04:010 / top(01) / packet /      4.20000 para pp(02)
Mensaje D / 00:00:04:010 / pp(02) / ... para top(01)
Mensaje D / 00:00:04:010 / top(01) / ... para Root(00)
Mensaje X / 00:00:04:010 / Root(00) / packet /      0.00000 para top(01)
Mensaje X / 00:00:04:010 / top(01) / packet /      0.00000 para pp(02)
Mensaje D / 00:00:04:010 / pp(02) / ... para top(01)
Mensaje D / 00:00:04:010 / top(01) / ... para Root(00)
Mensaje X / 00:00:04:010 / Root(00) / packet /      0.00000 para top(01)
Mensaje X / 00:00:04:010 / top(01) / packet /      0.00000 para pp(02)
Mensaje D / 00:00:04:010 / pp(02) / 00:00:00:020 para top(01)
Mensaje D / 00:00:04:010 / top(01) / 00:00:00:020 para Root(00)
Mensaje * / 00:00:04:030 / Root(00) para top(01)
Mensaje * / 00:00:04:030 / top(01) para pp(02)
Mensaje Y / 00:00:04:030 / pp(02) / requ /      4.00000 para top(01)
Mensaje Y / 00:00:04:030 / pp(02) / requ /      4.20000 para top(01)
Mensaje D / 00:00:04:030 / pp(02) / ... para top(01)
Mensaje Y / 00:00:04:030 / top(01) / requ /      4.00000 para Root(00)
Mensaje Y / 00:00:04:030 / top(01) / requ /      4.20000 para Root(00)
Mensaje D / 00:00:04:030 / top(01) / ... para Root(00)
Mensaje X / 00:00:04:050 / Root(00) / cont /      0.00000 para top(01)
Mensaje X / 00:00:04:050 / top(01) / cont /      0.00000 para pp(02)
Mensaje Y / 00:00:04:050 / pp(02) / next /      0.00000 para top(01)
Mensaje D / 00:00:04:050 / pp(02) / ... para top(01)
Mensaje Y / 00:00:04:050 / top(01) / next /      0.00000 para Root(00)
Mensaje D / 00:00:04:050 / top(01) / ... para Root(00)
