Mensaje I / 00:00:00:000 / Root(00) para top(01)
Mensaje I / 00:00:00:000 / top(01) para rip(02)
Mensaje D / 00:00:00:000 / rip(02) / ... para top(01)
Mensaje D / 00:00:00:000 / top(01) / ... para Root(00)
Mensaje X / 00:00:00:010 / Root(00) / update / 111255101440.00000 para top(01)
Mensaje X / 00:00:00:010 / top(01) / update / 111255101440.00000 para rip(02)
Mensaje D / 00:00:00:010 / rip(02) / ... para top(01)
Mensaje D / 00:00:00:010 / top(01) / ... para Root(00)
Mensaje X / 00:00:00:010 / Root(00) / update /      1.00000 para top(01)
Mensaje X / 00:00:00:010 / top(01) / update /      1.00000 para rip(02)
Mensaje D / 00:00:00:010 / rip(02) / ... para top(01)
Mensaje D / 00:00:00:010 / top(01) / ... para Root(00)
Mensaje X / 00:00:00:010 / Root(00) / update /      5.00000 para top(01)
Mensaje X / 00:00:00:010 / top(01) / update /      5.00000 para rip(02)
Mensaje D / 00:00:00:010 / rip(02) / 00:00:00:001 para top(01)
Mensaje D / 00:00:00:010 / top(01) / 00:00:00:001 para Root(00)
Mensaje * / 00:00:00:011 / Root(00) para top(01)
Mensaje * / 00:00:00:011 / top(01) para rip(02)
Mensaje Y / 00:00:00:011 / rip(02) / done /      0.00000 para top(01)
Mensaje D / 00:00:00:011 / rip(02) / ... para top(01)
Mensaje Y / 00:00:00:011 / top(01) / done /      0.00000 para Root(00)
Mensaje D / 00:00:00:011 / top(01) / ... para Root(00)
Mensaje X / 00:00:00:020 / Root(00) / update / 222255202304.00000 para top(01)
Mensaje X / 00:00:00:020 / top(01) / update / 222255202304.00000 para rip(02)
Mensaje D / 00:00:00:020 / rip(02) / ... para top(01)
Mensaje D / 00:00:00:020 / top(01) / ... para Root(00)
Mensaje X / 00:00:00:020 / Root(00) / update /      2.00000 para top(01)
Mensaje X / 00:00:00:020 / top(01) / update /      2.00000 para rip(02)
Mensaje D / 00:00:00:020 / rip(02) / ... para top(01)
Mensaje D / 00:00:00:020 / top(01) / ... para Root(00)
Mensaje X / 00:00:00:020 / Root(00) / update /      6.00000 para top(01)
Mensaje X / 00:00:00:020 / top(01) / update /      6.00000 para rip(02)
Mensaje D / 00:00:00:020 / rip(02) / 00:00:00:001 para top(01)
Mensaje D / 00:00:00:020 / top(01) / 00:00:00:001 para Root(00)
Mensaje * / 00:00:00:021 / Root(00) para top(01)
Mensaje * / 00:00:00:021 / top(01) para rip(02)
Mensaje Y / 00:00:00:021 / rip(02) / done /      0.00000 para top(01)
Mensaje D / 00:00:00:021 / rip(02) / ... para top(01)
Mensaje Y / 00:00:00:021 / top(01) / done /      0.00000 para Root(00)
Mensaje D / 00:00:00:021 / top(01) / ... para Root(00)
Mensaje X / 00:00:00:030 / Root(00) / update / 333255311360.00000 para top(01)
Mensaje X / 00:00:00:030 / top(01) / update / 333255311360.00000 para rip(02)
Mensaje D / 00:00:00:030 / rip(02) / ... para top(01)
Mensaje D / 00:00:00:030 / top(01) / ... para Root(00)
Mensaje X / 00:00:00:030 / Root(00) / update /      3.00000 para top(01)
Mensaje X / 00:00:00:030 / top(01) / update /      3.00000 para rip(02)
Mensaje D / 00:00:00:030 / rip(02) / ... para top(01)
Mensaje D / 00:00:00:030 / top(01) / ... para Root(00)
Mensaje X / 00:00:00:030 / Root(00) / update /      7.00000 para top(01)
Mensaje X / 00:00:00:030 / top(01) / update /      7.00000 para rip(02)
Mensaje D / 00:00:00:030 / rip(02) / 00:00:00:001 para top(01)
Mensaje D / 00:00:00:030 / top(01) / 00:00:00:001 para Root(00)
Mensaje * / 00:00:00:031 / Root(00) para top(01)
Mensaje * / 00:00:00:031 / top(01) para rip(02)
Mensaje Y / 00:00:00:031 / rip(02) / done /      0.00000 para top(01)
Mensaje D / 00:00:00:031 / rip(02) / ... para top(01)
Mensaje Y / 00:00:00:031 / top(01) / done /      0.00000 para Root(00)
Mensaje D / 00:00:00:031 / top(01) / ... para Root(00)
Mensaje X / 00:00:00:100 / Root(00) / address / 333255311360.00000 para top(01)
Mensaje X / 00:00:00:100 / top(01) / address / 333255311360.00000 para rip(02)
Mensaje D / 00:00:00:100 / rip(02) / 00:00:00:001 para top(01)
Mensaje D / 00:00:00:100 / top(01) / 00:00:00:001 para Root(00)
Mensaje * / 00:00:00:101 / Root(00) para top(01)
Mensaje * / 00:00:00:101 / top(01) para rip(02)
Mensaje Y / 00:00:00:101 / rip(02) / interfaceport /      7.00000 para top(01)
Mensaje D / 00:00:00:101 / rip(02) / ... para top(01)
Mensaje Y / 00:00:00:101 / top(01) / out_interface /      7.00000 para Root(00)
Mensaje D / 00:00:00:101 / top(01) / ... para Root(00)
Mensaje X / 00:00:00:110 / Root(00) / address /   1234.00000 para top(01)
Mensaje X / 00:00:00:110 / top(01) / address /   1234.00000 para rip(02)
Mensaje D / 00:00:00:110 / rip(02) / 00:00:00:001 para top(01)
Mensaje D / 00:00:00:110 / top(01) / 00:00:00:001 para Root(00)
Mensaje * / 00:00:00:111 / Root(00) para top(01)
Mensaje * / 00:00:00:111 / top(01) para rip(02)
Mensaje Y / 00:00:00:111 / rip(02) / interfaceport /      0.00000 para top(01)
Mensaje D / 00:00:00:111 / rip(02) / ... para top(01)
Mensaje Y / 00:00:00:111 / top(01) / out_interface /      0.00000 para Root(00)
Mensaje D / 00:00:00:111 / top(01) / ... para Root(00)
Mensaje X / 00:00:00:120 / Root(00) / request /      1.00000 para top(01)
Mensaje X / 00:00:00:120 / top(01) / request /      1.00000 para rip(02)
Mensaje D / 00:00:00:120 / rip(02) / 00:00:00:001 para top(01)
Mensaje D / 00:00:00:120 / top(01) / 00:00:00:001 para Root(00)
Mensaje X / 00:00:00:120 / Root(00) / request /      0.00000 para top(01)
Mensaje X / 00:00:00:120 / top(01) / request /      0.00000 para rip(02)
Mensaje D / 00:00:00:120 / rip(02) / 00:00:00:001 para top(01)
Mensaje D / 00:00:00:120 / top(01) / 00:00:00:001 para Root(00)
Mensaje * / 00:00:00:121 / Root(00) para top(01)
Mensaje * / 00:00:00:121 / top(01) para rip(02)
Mensaje Y / 00:00:00:121 / rip(02) / respond / 200201.00000 para top(01)
Mensaje Y / 00:00:00:121 / rip(02) / respond / 111255101440.00000 para top(01)
Mensaje Y / 00:00:00:121 / rip(02) / respond /      0.00000 para top(01)
Mensaje Y / 00:00:00:121 / rip(02) / respond /      0.00000 para top(01)
Mensaje Y / 00:00:00:121 / rip(02) / respond /      0.00000 para top(01)
Mensaje Y / 00:00:00:121 / rip(02) / respond / 200202.00000 para top(01)
Mensaje Y / 00:00:00:121 / rip(02) / respond / 222255202304.00000 para top(01)
Mensaje Y / 00:00:00:121 / rip(02) / respond /      0.00000 para top(01)
Mensaje Y / 00:00:00:121 / rip(02) / respond /      0.00000 para top(01)
Mensaje Y / 00:00:00:121 / rip(02) / respond /      0.00000 para top(01)
Mensaje Y / 00:00:00:121 / rip(02) / respond / 200203.00000 para top(01)
Mensaje Y / 00:00:00:121 / rip(02) / respond / 333255311360.00000 para top(01)
Mensaje Y / 00:00:00:121 / rip(02) / respond /      0.00000 para top(01)
Mensaje Y / 00:00:00:121 / rip(02) / respond /      0.00000 para top(01)
Mensaje Y / 00:00:00:121 / rip(02) / respond /      0.00000 para top(01)
Mensaje D / 00:00:00:121 / rip(02) / ... para top(01)
Mensaje Y / 00:00:00:121 / top(01) / out / 200201.00000 para Root(00)
Mensaje Y / 00:00:00:121 / top(01) / out / 111255101440.00000 para Root(00)
Mensaje Y / 00:00:00:121 / top(01) / out /      0.00000 para Root(00)
Mensaje Y / 00:00:00:121 / top(01) / out /      0.00000 para Root(00)
Mensaje Y / 00:00:00:121 / top(01) / out /      0.00000 para Root(00)
Mensaje Y / 00:00:00:121 / top(01) / out / 200202.00000 para Root(00)
Mensaje Y / 00:00:00:121 / top(01) / out / 222255202304.00000 para Root(00)
Mensaje Y / 00:00:00:121 / top(01) / out /      0.00000 para Root(00)
Mensaje Y / 00:00:00:121 / top(01) / out /      0.00000 para Root(00)
Mensaje Y / 00:00:00:121 / top(01) / out /      0.00000 para Root(00)
Mensaje Y / 00:00:00:121 / top(01) / out / 200203.00000 para Root(00)
Mensaje Y / 00:00:00:121 / top(01) / out / 333255311360.00000 para Root(00)
Mensaje Y / 00:00:00:121 / top(01) / out /      0.00000 para Root(00)
Mensaje Y / 00:00:00:121 / top(01) / out /      0.00000 para Root(00)
Mensaje Y / 00:00:00:121 / top(01) / out /      0.00000 para Root(00)
Mensaje D / 00:00:00:121 / top(01) / ... para Root(00)
Mensaje X / 00:00:01:010 / Root(00) / update / 333255311360.00000 para top(01)
Mensaje X / 00:00:01:010 / top(01) / update / 333255311360.00000 para rip(02)
Mensaje D / 00:00:01:010 / rip(02) / ... para top(01)
Mensaje D / 00:00:01:010 / top(01) / ... para Root(00)
Mensaje X / 00:00:01:010 / Root(00) / update /      1.00000 para top(01)
Mensaje X / 00:00:01:010 / top(01) / update /      1.00000 para rip(02)
Mensaje D / 00:00:01:010 / rip(02) / ... para top(01)
Mensaje D / 00:00:01:010 / top(01) / ... para Root(00)
Mensaje X / 00:00:01:010 / Root(00) / update /      3.00000 para top(01)
Mensaje X / 00:00:01:010 / top(01) / update /      3.00000 para rip(02)
Mensaje D / 00:00:01:010 / rip(02) / 00:00:00:001 para top(01)
Mensaje D / 00:00:01:010 / top(01) / 00:00:00:001 para Root(00)
Mensaje * / 00:00:01:011 / Root(00) para top(01)
Mensaje * / 00:00:01:011 / top(01) para rip(02)
Mensaje Y / 00:00:01:011 / rip(02) / done /      0.00000 para top(01)
Mensaje D / 00:00:01:011 / rip(02) / ... para top(01)
Mensaje Y / 00:00:01:011 / top(01) / done /      0.00000 para Root(00)
Mensaje D / 00:00:01:011 / top(01) / ... para Root(00)
Mensaje X / 00:00:01:100 / Root(00) / address / 333255311360.00000 para top(01)
Mensaje X / 00:00:01:100 / top(01) / address / 333255311360.00000 para rip(02)
Mensaje D / 00:00:01:100 / rip(02) / 00:00:00:001 para top(01)
Mensaje D / 00:00:01:100 / top(01) / 00:00:00:001 para Root(00)
Mensaje * / 00:00:01:101 / Root(00) para top(01)
Mensaje * / 00:00:01:101 / top(01) para rip(02)
Mensaje Y / 00:00:01:101 / rip(02) / interfaceport /      3.00000 para top(01)
Mensaje D / 00:00:01:101 / rip(02) / ... para top(01)
Mensaje Y / 00:00:01:101 / top(01) / out_interface /      3.00000 para Root(00)
Mensaje D / 00:00:01:101 / top(01) / ... para Root(00)
Mensaje X / 00:00:11:000 / Root(00) / request /      1.00000 para top(01)
Mensaje X / 00:00:11:000 / top(01) / request /      1.00000 para rip(02)
Mensaje D / 00:00:11:000 / rip(02) / 00:00:00:001 para top(01)
Mensaje D / 00:00:11:000 / top(01) / 00:00:00:001 para Root(00)
Mensaje X / 00:00:11:000 / Root(00) / request / 222255202304.00000 para top(01)
Mensaje X / 00:00:11:000 / top(01) / request / 222255202304.00000 para rip(02)
Mensaje D / 00:00:11:000 / rip(02) / 00:00:00:001 para top(01)
Mensaje D / 00:00:11:000 / top(01) / 00:00:00:001 para Root(00)
Mensaje * / 00:00:11:001 / Root(00) para top(01)
Mensaje * / 00:00:11:001 / top(01) para rip(02)
Mensaje Y / 00:00:11:001 / rip(02) / respond / 200201.00000 para top(01)
Mensaje Y / 00:00:11:001 / rip(02) / respond / 111255101440.00000 para top(01)
Mensaje Y / 00:00:11:001 / rip(02) / respond /      0.00000 para top(01)
Mensaje Y / 00:00:11:001 / rip(02) / respond /      0.00000 para top(01)
Mensaje Y / 00:00:11:001 / rip(02) / respond / 222255202304.00000 para top(01)
Mensaje Y / 00:00:11:001 / rip(02) / respond / 200202.00000 para top(01)
Mensaje Y / 00:00:11:001 / rip(02) / respond / 222255202304.00000 para top(01)
Mensaje Y / 00:00:11:001 / rip(02) / respond /      0.00000 para top(01)
Mensaje Y / 00:00:11:001 / rip(02) / respond /      0.00000 para top(01)
Mensaje Y / 00:00:11:001 / rip(02) / respond / 222255202304.00000 para top(01)
Mensaje Y / 00:00:11:001 / rip(02) / respond / 200203.00000 para top(01)
Mensaje Y / 00:00:11:001 / rip(02) / respond / 333255311360.00000 para top(01)
Mensaje Y / 00:00:11:001 / rip(02) / respond /      0.00000 para top(01)
Mensaje Y / 00:00:11:001 / rip(02) / respond /      0.00000 para top(01)
Mensaje Y / 00:00:11:001 / rip(02) / respond / 222255202304.00000 para top(01)
Mensaje Y / 00:00:11:001 / rip(02) / respond / 200201.00000 para top(01)
Mensaje Y / 00:00:11:001 / rip(02) / respond / 333255311360.00000 para top(01)
Mensaje Y / 00:00:11:001 / rip(02) / respond /      0.00000 para top(01)
Mensaje Y / 00:00:11:001 / rip(02) / respond /      0.00000 para top(01)
Mensaje Y / 00:00:11:001 / rip(02) / respond / 222255202304.00000 para top(01)
Mensaje D / 00:00:11:001 / rip(02) / ... para top(01)
Mensaje Y / 00:00:11:001 / top(01) / out / 200201.00000 para Root(00)
Mensaje Y / 00:00:11:001 / top(01) / out / 111255101440.00000 para Root(00)
Mensaje Y / 00:00:11:001 / top(01) / out /      0.00000 para Root(00)
Mensaje Y / 00:00:11:001 / top(01) / out /      0.00000 para Root(00)
Mensaje Y / 00:00:11:001 / top(01) / out / 222255202304.00000 para Root(00)
Mensaje Y / 00:00:11:001 / top(01) / out / 200202.00000 para Root(00)
Mensaje Y / 00:00:11:001 / top(01) / out / 222255202304.00000 para Root(00)
Mensaje Y / 00:00:11:001 / top(01) / out /      0.00000 para Root(00)
Mensaje Y / 00:00:11:001 / top(01) / out /      0.00000 para Root(00)
Mensaje Y / 00:00:11:001 / top(01) / out / 222255202304.00000 para Root(00)
Mensaje Y / 00:00:11:001 / top(01) / out / 200203.00000 para Root(00)
Mensaje Y / 00:00:11:001 / top(01) / out / 333255311360.00000 para Root(00)
Mensaje Y / 00:00:11:001 / top(01) / out /      0.00000 para Root(00)
Mensaje Y / 00:00:11:001 / top(01) / out /      0.00000 para Root(00)
Mensaje Y / 00:00:11:001 / top(01) / out / 222255202304.00000 para Root(00)
Mensaje Y / 00:00:11:001 / top(01) / out / 200201.00000 para Root(00)
Mensaje Y / 00:00:11:001 / top(01) / out / 333255311360.00000 para Root(00)
Mensaje Y / 00:00:11:001 / top(01) / out /      0.00000 para Root(00)
Mensaje Y / 00:00:11:001 / top(01) / out /      0.00000 para Root(00)
Mensaje Y / 00:00:11:001 / top(01) / out / 222255202304.00000 para Root(00)
Mensaje D / 00:00:11:001 / top(01) / ... para Root(00)
