Mensaje I / 00:00:00:000 / Root(00) para top(01)
Mensaje I / 00:00:00:000 / top(01) para ripupdate(02)
Mensaje I / 00:00:00:000 / top(01) para riptable3(03)
Mensaje D / 00:00:00:000 / ripupdate(02) / 00:00:00:020 para top(01)
Mensaje D / 00:00:00:000 / riptable3(03) / ... para top(01)
Mensaje D / 00:00:00:000 / top(01) / 00:00:00:020 para Root(00)
Mensaje * / 00:00:00:020 / Root(00) para top(01)
Mensaje * / 00:00:00:020 / top(01) para ripupdate(02)
Mensaje Y / 00:00:00:020 / ripupdate(02) / requestout / 100200.00000 para top(01)
Mensaje D / 00:00:00:020 / ripupdate(02) / 00:00:00:020 para top(01)
Mensaje X / 00:00:00:020 / top(01) / update / 100200.00000 para riptable3(03)
Mensaje D / 00:00:00:020 / riptable3(03) / 00:00:00:000 para top(01)
Mensaje D / 00:00:00:020 / top(01) / 00:00:00:000 para Root(00)
Mensaje * / 00:00:00:020 / Root(00) para top(01)
Mensaje * / 00:00:00:020 / top(01) para riptable3(03)
Mensaje Y / 00:00:00:020 / riptable3(03) / requestout / 100201.00000 para top(01)
Mensaje Y / 00:00:00:020 / riptable3(03) / requestout /    100.00000 para top(01)
Mensaje D / 00:00:00:020 / riptable3(03) / ... para top(01)
Mensaje Y / 00:00:00:020 / top(01) / requestout / 100201.00000 para Root(00)
Mensaje Y / 00:00:00:020 / top(01) / requestout /    100.00000 para Root(00)
Mensaje D / 00:00:00:020 / top(01) / 00:00:00:020 para Root(00)
Mensaje X / 00:00:00:021 / Root(00) / respondin / 200201.00000 para top(01)
Mensaje X / 00:00:00:021 / top(01) / respondin / 200201.00000 para riptable3(03)
Mensaje D / 00:00:00:021 / riptable3(03) / 00:00:00:000 para top(01)
Mensaje D / 00:00:00:021 / top(01) / 00:00:00:000 para Root(00)
Mensaje * / 00:00:00:021 / Root(00) para top(01)
Mensaje * / 00:00:00:021 / top(01) para riptable3(03)
Mensaje D / 00:00:00:021 / riptable3(03) / ... para top(01)
Mensaje D / 00:00:00:021 / top(01) / 00:00:00:019 para Root(00)
Mensaje X / 00:00:00:022 / Root(00) / respondin /    200.00000 para top(01)
Mensaje X / 00:00:00:022 / top(01) / respondin /    200.00000 para riptable3(03)
Mensaje D / 00:00:00:022 / riptable3(03) / 00:00:00:000 para top(01)
Mensaje D / 00:00:00:022 / top(01) / 00:00:00:000 para Root(00)
Mensaje * / 00:00:00:022 / Root(00) para top(01)
Mensaje * / 00:00:00:022 / top(01) para riptable3(03)
Mensaje D / 00:00:00:022 / riptable3(03) / ... para top(01)
Mensaje D / 00:00:00:022 / top(01) / 00:00:00:018 para Root(00)
Mensaje X / 00:00:00:023 / Root(00) / respondin /    100.00000 para top(01)
Mensaje X / 00:00:00:023 / top(01) / respondin /    100.00000 para riptable3(03)
Mensaje D / 00:00:00:023 / riptable3(03) / 00:00:00:000 para top(01)
Mensaje D / 00:00:00:023 / top(01) / 00:00:00:000 para Root(00)
Mensaje * / 00:00:00:023 / Root(00) para top(01)
Mensaje * / 00:00:00:023 / top(01) para riptable3(03)
Mensaje D / 00:00:00:023 / riptable3(03) / ... para top(01)
Mensaje D / 00:00:00:023 / top(01) / 00:00:00:017 para Root(00)
Mensaje X / 00:00:00:035 / Root(00) / respondin / 200205.00000 para top(01)
Mensaje X / 00:00:00:035 / top(01) / respondin / 200205.00000 para riptable3(03)
Mensaje D / 00:00:00:035 / riptable3(03) / 00:00:00:000 para top(01)
Mensaje D / 00:00:00:035 / top(01) / 00:00:00:000 para Root(00)
Mensaje * / 00:00:00:035 / Root(00) para top(01)
Mensaje * / 00:00:00:035 / top(01) para riptable3(03)
Mensaje D / 00:00:00:035 / riptable3(03) / ... para top(01)
Mensaje D / 00:00:00:035 / top(01) / 00:00:00:005 para Root(00)
Mensaje X / 00:00:00:036 / Root(00) / respondin /    300.00000 para top(01)
Mensaje X / 00:00:00:036 / top(01) / respondin /    300.00000 para riptable3(03)
Mensaje D / 00:00:00:036 / riptable3(03) / 00:00:00:000 para top(01)
Mensaje D / 00:00:00:036 / top(01) / 00:00:00:000 para Root(00)
Mensaje * / 00:00:00:036 / Root(00) para top(01)
Mensaje * / 00:00:00:036 / top(01) para riptable3(03)
Mensaje D / 00:00:00:036 / riptable3(03) / ... para top(01)
Mensaje D / 00:00:00:036 / top(01) / 00:00:00:004 para Root(00)
Mensaje X / 00:00:00:037 / Root(00) / respondin /    100.00000 para top(01)
Mensaje X / 00:00:00:037 / top(01) / respondin /    100.00000 para riptable3(03)
Mensaje D / 00:00:00:037 / riptable3(03) / 00:00:00:000 para top(01)
Mensaje D / 00:00:00:037 / top(01) / 00:00:00:000 para Root(00)
Mensaje * / 00:00:00:037 / Root(00) para top(01)
Mensaje * / 00:00:00:037 / top(01) para riptable3(03)
Mensaje D / 00:00:00:037 / riptable3(03) / ... para top(01)
Mensaje D / 00:00:00:037 / top(01) / 00:00:00:003 para Root(00)
Mensaje * / 00:00:00:040 / Root(00) para top(01)
Mensaje * / 00:00:00:040 / top(01) para ripupdate(02)
Mensaje Y / 00:00:00:040 / ripupdate(02) / requestout / 100200.00000 para top(01)
Mensaje D / 00:00:00:040 / ripupdate(02) / 00:00:00:020 para top(01)
Mensaje X / 00:00:00:040 / top(01) / update / 100200.00000 para riptable3(03)
Mensaje D / 00:00:00:040 / riptable3(03) / 00:00:00:000 para top(01)
Mensaje D / 00:00:00:040 / top(01) / 00:00:00:000 para Root(00)
Mensaje * / 00:00:00:040 / Root(00) para top(01)
Mensaje * / 00:00:00:040 / top(01) para riptable3(03)
Mensaje Y / 00:00:00:040 / riptable3(03) / requestout / 100201.00000 para top(01)
Mensaje Y / 00:00:00:040 / riptable3(03) / requestout /    100.00000 para top(01)
Mensaje D / 00:00:00:040 / riptable3(03) / ... para top(01)
Mensaje Y / 00:00:00:040 / top(01) / requestout / 100201.00000 para Root(00)
Mensaje Y / 00:00:00:040 / top(01) / requestout /    100.00000 para Root(00)
Mensaje D / 00:00:00:040 / top(01) / 00:00:00:020 para Root(00)
Mensaje X / 00:00:00:041 / Root(00) / requestin / 100201.00000 para top(01)
Mensaje D / 00:00:00:041 / top(01) / 00:00:00:019 para Root(00)
Mensaje X / 00:00:00:041 / Root(00) / requestin /    200.00000 para top(01)
Mensaje D / 00:00:00:041 / top(01) / 00:00:00:019 para Root(00)
Mensaje X / 00:00:00:042 / Root(00) / requestin / 100201.00000 para top(01)
Mensaje D / 00:00:00:042 / top(01) / 00:00:00:018 para Root(00)
Mensaje X / 00:00:00:042 / Root(00) / requestin /    300.00000 para top(01)
Mensaje D / 00:00:00:042 / top(01) / 00:00:00:018 para Root(00)
Mensaje X / 00:00:00:045 / Root(00) / respondin / 200201.00000 para top(01)
Mensaje X / 00:00:00:045 / top(01) / respondin / 200201.00000 para riptable3(03)
Mensaje D / 00:00:00:045 / riptable3(03) / 00:00:00:000 para top(01)
Mensaje D / 00:00:00:045 / top(01) / 00:00:00:000 para Root(00)
Mensaje * / 00:00:00:045 / Root(00) para top(01)
Mensaje * / 00:00:00:045 / top(01) para riptable3(03)
Mensaje D / 00:00:00:045 / riptable3(03) / ... para top(01)
Mensaje D / 00:00:00:045 / top(01) / 00:00:00:015 para Root(00)
Mensaje X / 00:00:00:046 / Root(00) / respondin /    200.00000 para top(01)
Mensaje X / 00:00:00:046 / top(01) / respondin /    200.00000 para riptable3(03)
Mensaje D / 00:00:00:046 / riptable3(03) / 00:00:00:000 para top(01)
Mensaje D / 00:00:00:046 / top(01) / 00:00:00:000 para Root(00)
Mensaje * / 00:00:00:046 / Root(00) para top(01)
Mensaje * / 00:00:00:046 / top(01) para riptable3(03)
Mensaje D / 00:00:00:046 / riptable3(03) / ... para top(01)
Mensaje D / 00:00:00:046 / top(01) / 00:00:00:014 para Root(00)
Mensaje X / 00:00:00:047 / Root(00) / respondin /    100.00000 para top(01)
Mensaje X / 00:00:00:047 / top(01) / respondin /    100.00000 para riptable3(03)
Mensaje D / 00:00:00:047 / riptable3(03) / 00:00:00:000 para top(01)
Mensaje D / 00:00:00:047 / top(01) / 00:00:00:000 para Root(00)
Mensaje * / 00:00:00:047 / Root(00) para top(01)
Mensaje * / 00:00:00:047 / top(01) para riptable3(03)
Mensaje D / 00:00:00:047 / riptable3(03) / ... para top(01)
Mensaje D / 00:00:00:047 / top(01) / 00:00:00:013 para Root(00)
Mensaje X / 00:00:00:048 / Root(00) / respondin / 200202.00000 para top(01)
Mensaje X / 00:00:00:048 / top(01) / respondin / 200202.00000 para riptable3(03)
Mensaje D / 00:00:00:048 / riptable3(03) / 00:00:00:000 para top(01)
Mensaje D / 00:00:00:048 / top(01) / 00:00:00:000 para Root(00)
Mensaje * / 00:00:00:048 / Root(00) para top(01)
Mensaje * / 00:00:00:048 / top(01) para riptable3(03)
Mensaje D / 00:00:00:048 / riptable3(03) / ... para top(01)
Mensaje D / 00:00:00:048 / top(01) / 00:00:00:012 para Root(00)
Mensaje X / 00:00:00:049 / Root(00) / respondin /    200.00000 para top(01)
Mensaje X / 00:00:00:049 / top(01) / respondin /    200.00000 para riptable3(03)
Mensaje D / 00:00:00:049 / riptable3(03) / 00:00:00:000 para top(01)
Mensaje D / 00:00:00:049 / top(01) / 00:00:00:000 para Root(00)
Mensaje * / 00:00:00:049 / Root(00) para top(01)
Mensaje * / 00:00:00:049 / top(01) para riptable3(03)
Mensaje D / 00:00:00:049 / riptable3(03) / ... para top(01)
Mensaje D / 00:00:00:049 / top(01) / 00:00:00:011 para Root(00)
Mensaje X / 00:00:00:050 / Root(00) / respondin /    300.00000 para top(01)
Mensaje X / 00:00:00:050 / top(01) / respondin /    300.00000 para riptable3(03)
Mensaje D / 00:00:00:050 / riptable3(03) / 00:00:00:000 para top(01)
Mensaje D / 00:00:00:050 / top(01) / 00:00:00:000 para Root(00)
Mensaje X / 00:00:00:050 / Root(00) / respondin / 200210.00000 para top(01)
Mensaje X / 00:00:00:050 / top(01) / respondin / 200210.00000 para riptable3(03)
Mensaje D / 00:00:00:050 / riptable3(03) / 00:00:00:000 para top(01)
Mensaje D / 00:00:00:050 / top(01) / 00:00:00:000 para Root(00)
Mensaje * / 00:00:00:050 / Root(00) para top(01)
Mensaje * / 00:00:00:050 / top(01) para riptable3(03)
Mensaje D / 00:00:00:050 / riptable3(03) / ... para top(01)
Mensaje D / 00:00:00:050 / top(01) / 00:00:00:010 para Root(00)
Mensaje X / 00:00:00:051 / Root(00) / respondin /    200.00000 para top(01)
Mensaje X / 00:00:00:051 / top(01) / respondin /    200.00000 para riptable3(03)
Mensaje D / 00:00:00:051 / riptable3(03) / 00:00:00:000 para top(01)
Mensaje D / 00:00:00:051 / top(01) / 00:00:00:000 para Root(00)
Mensaje * / 00:00:00:051 / Root(00) para top(01)
Mensaje * / 00:00:00:051 / top(01) para riptable3(03)
Mensaje D / 00:00:00:051 / riptable3(03) / ... para top(01)
Mensaje D / 00:00:00:051 / top(01) / 00:00:00:009 para Root(00)
Mensaje X / 00:00:00:052 / Root(00) / respondin /    400.00000 para top(01)
Mensaje X / 00:00:00:052 / top(01) / respondin /    400.00000 para riptable3(03)
Mensaje D / 00:00:00:052 / riptable3(03) / 00:00:00:000 para top(01)
Mensaje D / 00:00:00:052 / top(01) / 00:00:00:000 para Root(00)
Mensaje * / 00:00:00:052 / Root(00) para top(01)
Mensaje * / 00:00:00:052 / top(01) para riptable3(03)
Mensaje D / 00:00:00:052 / riptable3(03) / ... para top(01)
Mensaje D / 00:00:00:052 / top(01) / 00:00:00:008 para Root(00)
Mensaje X / 00:00:00:055 / Root(00) / respondin / 200205.00000 para top(01)
Mensaje X / 00:00:00:055 / top(01) / respondin / 200205.00000 para riptable3(03)
Mensaje D / 00:00:00:055 / riptable3(03) / 00:00:00:000 para top(01)
Mensaje D / 00:00:00:055 / top(01) / 00:00:00:000 para Root(00)
Mensaje * / 00:00:00:055 / Root(00) para top(01)
Mensaje * / 00:00:00:055 / top(01) para riptable3(03)
Mensaje D / 00:00:00:055 / riptable3(03) / ... para top(01)
Mensaje D / 00:00:00:055 / top(01) / 00:00:00:005 para Root(00)
Mensaje X / 00:00:00:056 / Root(00) / respondin /    300.00000 para top(01)
Mensaje X / 00:00:00:056 / top(01) / respondin /    300.00000 para riptable3(03)
Mensaje D / 00:00:00:056 / riptable3(03) / 00:00:00:000 para top(01)
Mensaje D / 00:00:00:056 / top(01) / 00:00:00:000 para Root(00)
Mensaje * / 00:00:00:056 / Root(00) para top(01)
Mensaje * / 00:00:00:056 / top(01) para riptable3(03)
Mensaje D / 00:00:00:056 / riptable3(03) / ... para top(01)
Mensaje D / 00:00:00:056 / top(01) / 00:00:00:004 para Root(00)
Mensaje X / 00:00:00:057 / Root(00) / respondin /    100.00000 para top(01)
Mensaje X / 00:00:00:057 / top(01) / respondin /    100.00000 para riptable3(03)
Mensaje D / 00:00:00:057 / riptable3(03) / 00:00:00:000 para top(01)
Mensaje D / 00:00:00:057 / top(01) / 00:00:00:000 para Root(00)
Mensaje * / 00:00:00:057 / Root(00) para top(01)
Mensaje * / 00:00:00:057 / top(01) para riptable3(03)
Mensaje D / 00:00:00:057 / riptable3(03) / ... para top(01)
Mensaje D / 00:00:00:057 / top(01) / 00:00:00:003 para Root(00)
Mensaje X / 00:00:00:058 / Root(00) / respondin / 200201.00000 para top(01)
Mensaje X / 00:00:00:058 / top(01) / respondin / 200201.00000 para riptable3(03)
Mensaje D / 00:00:00:058 / riptable3(03) / 00:00:00:000 para top(01)
Mensaje D / 00:00:00:058 / top(01) / 00:00:00:000 para Root(00)
Mensaje * / 00:00:00:058 / Root(00) para top(01)
Mensaje * / 00:00:00:058 / top(01) para riptable3(03)
Mensaje D / 00:00:00:058 / riptable3(03) / ... para top(01)
Mensaje D / 00:00:00:058 / top(01) / 00:00:00:002 para Root(00)
Mensaje X / 00:00:00:059 / Root(00) / respondin /    300.00000 para top(01)
Mensaje X / 00:00:00:059 / top(01) / respondin /    300.00000 para riptable3(03)
Mensaje D / 00:00:00:059 / riptable3(03) / 00:00:00:000 para top(01)
Mensaje D / 00:00:00:059 / top(01) / 00:00:00:000 para Root(00)
Mensaje * / 00:00:00:059 / Root(00) para top(01)
Mensaje * / 00:00:00:059 / top(01) para riptable3(03)
Mensaje D / 00:00:00:059 / riptable3(03) / ... para top(01)
Mensaje D / 00:00:00:059 / top(01) / 00:00:00:001 para Root(00)
Mensaje X / 00:00:00:060 / Root(00) / respondin /    200.00000 para top(01)
Mensaje X / 00:00:00:060 / top(01) / respondin /    200.00000 para riptable3(03)
Mensaje D / 00:00:00:060 / riptable3(03) / 00:00:00:000 para top(01)
Mensaje D / 00:00:00:060 / top(01) / 00:00:00:000 para Root(00)
Mensaje * / 00:00:00:060 / Root(00) para top(01)
Mensaje * / 00:00:00:060 / top(01) para ripupdate(02)
Mensaje Y / 00:00:00:060 / ripupdate(02) / requestout / 100200.00000 para top(01)
Mensaje D / 00:00:00:060 / ripupdate(02) / ... para top(01)
Mensaje X / 00:00:00:060 / top(01) / update / 100200.00000 para riptable3(03)
Mensaje D / 00:00:00:060 / riptable3(03) / 00:00:00:000 para top(01)
Mensaje D / 00:00:00:060 / top(01) / 00:00:00:000 para Root(00)
Mensaje * / 00:00:00:060 / Root(00) para top(01)
Mensaje * / 00:00:00:060 / top(01) para riptable3(03)
Mensaje Y / 00:00:00:060 / riptable3(03) / requestout / 100201.00000 para top(01)
Mensaje Y / 00:00:00:060 / riptable3(03) / requestout /    100.00000 para top(01)
Mensaje D / 00:00:00:060 / riptable3(03) / ... para top(01)
Mensaje Y / 00:00:00:060 / top(01) / requestout / 100201.00000 para Root(00)
Mensaje Y / 00:00:00:060 / top(01) / requestout /    100.00000 para Root(00)
Mensaje D / 00:00:00:060 / top(01) / ... para Root(00)
Mensaje X / 00:00:00:061 / Root(00) / respondin / 200206.00000 para top(01)
Mensaje X / 00:00:00:061 / top(01) / respondin / 200206.00000 para riptable3(03)
Mensaje D / 00:00:00:061 / riptable3(03) / 00:00:00:000 para top(01)
Mensaje D / 00:00:00:061 / top(01) / 00:00:00:000 para Root(00)
Mensaje * / 00:00:00:061 / Root(00) para top(01)
Mensaje * / 00:00:00:061 / top(01) para riptable3(03)
Mensaje D / 00:00:00:061 / riptable3(03) / ... para top(01)
Mensaje D / 00:00:00:061 / top(01) / ... para Root(00)
Mensaje X / 00:00:00:062 / Root(00) / respondin /    300.00000 para top(01)
Mensaje X / 00:00:00:062 / top(01) / respondin /    300.00000 para riptable3(03)
Mensaje D / 00:00:00:062 / riptable3(03) / 00:00:00:000 para top(01)
Mensaje D / 00:00:00:062 / top(01) / 00:00:00:000 para Root(00)
Mensaje * / 00:00:00:062 / Root(00) para top(01)
Mensaje * / 00:00:00:062 / top(01) para riptable3(03)
Mensaje D / 00:00:00:062 / riptable3(03) / ... para top(01)
Mensaje D / 00:00:00:062 / top(01) / ... para Root(00)
Mensaje X / 00:00:00:063 / Root(00) / respondin /    400.00000 para top(01)
Mensaje X / 00:00:00:063 / top(01) / respondin /    400.00000 para riptable3(03)
Mensaje D / 00:00:00:063 / riptable3(03) / 00:00:00:000 para top(01)
Mensaje D / 00:00:00:063 / top(01) / 00:00:00:000 para Root(00)
Mensaje * / 00:00:00:063 / Root(00) para top(01)
Mensaje * / 00:00:00:063 / top(01) para riptable3(03)
Mensaje D / 00:00:00:063 / riptable3(03) / ... para top(01)
Mensaje D / 00:00:00:063 / top(01) / ... para Root(00)
Mensaje X / 00:03:00:000 / Root(00) / address /    300.00000 para top(01)
Mensaje X / 00:03:00:000 / top(01) / address /    300.00000 para riptable3(03)
Mensaje D / 00:03:00:000 / riptable3(03) / 00:00:00:000 para top(01)
Mensaje D / 00:03:00:000 / top(01) / 00:00:00:000 para Root(00)
Mensaje * / 00:03:00:000 / Root(00) para top(01)
Mensaje * / 00:03:00:000 / top(01) para riptable3(03)
Mensaje Y / 00:03:00:000 / riptable3(03) / interfaceport /      2.00000 para top(01)
Mensaje D / 00:03:00:000 / riptable3(03) / ... para top(01)
Mensaje Y / 00:03:00:000 / top(01) / interface /      2.00000 para Root(00)
Mensaje D / 00:03:00:000 / top(01) / ... para Root(00)
Mensaje X / 00:04:00:000 / Root(00) / address /    400.00000 para top(01)
Mensaje X / 00:04:00:000 / top(01) / address /    400.00000 para riptable3(03)
Mensaje D / 00:04:00:000 / riptable3(03) / 00:00:00:000 para top(01)
Mensaje D / 00:04:00:000 / top(01) / 00:00:00:000 para Root(00)
Mensaje * / 00:04:00:000 / Root(00) para top(01)
Mensaje * / 00:04:00:000 / top(01) para riptable3(03)
Mensaje Y / 00:04:00:000 / riptable3(03) / interfaceport /      1.00000 para top(01)
Mensaje D / 00:04:00:000 / riptable3(03) / ... para top(01)
Mensaje Y / 00:04:00:000 / top(01) / interface /      1.00000 para Root(00)
Mensaje D / 00:04:00:000 / top(01) / ... para Root(00)
Mensaje X / 00:05:00:001 / Root(00) / address /    200.00000 para top(01)
Mensaje X / 00:05:00:001 / top(01) / address /    200.00000 para riptable3(03)
Mensaje D / 00:05:00:001 / riptable3(03) / 00:00:00:000 para top(01)
Mensaje D / 00:05:00:001 / top(01) / 00:00:00:000 para Root(00)
Mensaje * / 00:05:00:001 / Root(00) para top(01)
Mensaje * / 00:05:00:001 / top(01) para riptable3(03)
Mensaje Y / 00:05:00:001 / riptable3(03) / interfaceport /      1.00000 para top(01)
Mensaje D / 00:05:00:001 / riptable3(03) / ... para top(01)
Mensaje Y / 00:05:00:001 / top(01) / interface /      1.00000 para Root(00)
Mensaje D / 00:05:00:001 / top(01) / ... para Root(00)
