Mensaje I / 00:00:00:000 / Root(00) para top(01)
Mensaje I / 00:00:00:000 / top(01) para riptable2(02)
Mensaje D / 00:00:00:000 / riptable2(02) / ... para top(01)
Mensaje D / 00:00:00:000 / top(01) / ... para Root(00)
Mensaje X / 00:00:10:000 / Root(00) / update /    100.00000 para top(01)
Mensaje X / 00:00:10:000 / top(01) / update /    100.00000 para riptable2(02)
Mensaje D / 00:00:10:000 / riptable2(02) / ... para top(01)
Mensaje D / 00:00:10:000 / top(01) / ... para Root(00)
Mensaje X / 00:00:10:001 / Root(00) / update /      2.00000 para top(01)
Mensaje X / 00:00:10:001 / top(01) / update /      2.00000 para riptable2(02)
Mensaje D / 00:00:10:001 / riptable2(02) / ... para top(01)
Mensaje D / 00:00:10:001 / top(01) / ... para Root(00)
Mensaje X / 00:00:10:002 / Root(00) / update /    100.00000 para top(01)
Mensaje X / 00:00:10:002 / top(01) / update /    100.00000 para riptable2(02)
Mensaje D / 00:00:10:002 / riptable2(02) / 00:00:00:005 para top(01)
Mensaje D / 00:00:10:002 / top(01) / 00:00:00:005 para Root(00)
Mensaje * / 00:00:10:007 / Root(00) para top(01)
Mensaje * / 00:00:10:007 / top(01) para riptable2(02)
Mensaje Y / 00:00:10:007 / riptable2(02) / done /      0.00000 para top(01)
Mensaje D / 00:00:10:007 / riptable2(02) / ... para top(01)
Mensaje Y / 00:00:10:007 / top(01) / done /      0.00000 para Root(00)
Mensaje D / 00:00:10:007 / top(01) / ... para Root(00)
Mensaje X / 00:00:10:010 / Root(00) / update /    200.00000 para top(01)
Mensaje X / 00:00:10:010 / top(01) / update /    200.00000 para riptable2(02)
Mensaje D / 00:00:10:010 / riptable2(02) / ... para top(01)
Mensaje D / 00:00:10:010 / top(01) / ... para Root(00)
Mensaje X / 00:00:10:011 / Root(00) / update /      2.00000 para top(01)
Mensaje X / 00:00:10:011 / top(01) / update /      2.00000 para riptable2(02)
Mensaje D / 00:00:10:011 / riptable2(02) / ... para top(01)
Mensaje D / 00:00:10:011 / top(01) / ... para Root(00)
Mensaje X / 00:00:10:012 / Root(00) / update /    200.00000 para top(01)
Mensaje X / 00:00:10:012 / top(01) / update /    200.00000 para riptable2(02)
Mensaje D / 00:00:10:012 / riptable2(02) / 00:00:00:005 para top(01)
Mensaje D / 00:00:10:012 / top(01) / 00:00:00:005 para Root(00)
Mensaje * / 00:00:10:017 / Root(00) para top(01)
Mensaje * / 00:00:10:017 / top(01) para riptable2(02)
Mensaje Y / 00:00:10:017 / riptable2(02) / done /      0.00000 para top(01)
Mensaje D / 00:00:10:017 / riptable2(02) / ... para top(01)
Mensaje Y / 00:00:10:017 / top(01) / done /      0.00000 para Root(00)
Mensaje D / 00:00:10:017 / top(01) / ... para Root(00)
Mensaje X / 00:00:10:020 / Root(00) / update /    300.00000 para top(01)
Mensaje X / 00:00:10:020 / top(01) / update /    300.00000 para riptable2(02)
Mensaje D / 00:00:10:020 / riptable2(02) / ... para top(01)
Mensaje D / 00:00:10:020 / top(01) / ... para Root(00)
Mensaje X / 00:00:10:021 / Root(00) / update /      2.00000 para top(01)
Mensaje X / 00:00:10:021 / top(01) / update /      2.00000 para riptable2(02)
Mensaje D / 00:00:10:021 / riptable2(02) / ... para top(01)
Mensaje D / 00:00:10:021 / top(01) / ... para Root(00)
Mensaje X / 00:00:10:022 / Root(00) / update /    200.00000 para top(01)
Mensaje X / 00:00:10:022 / top(01) / update /    200.00000 para riptable2(02)
Mensaje D / 00:00:10:022 / riptable2(02) / 00:00:00:005 para top(01)
Mensaje D / 00:00:10:022 / top(01) / 00:00:00:005 para Root(00)
Mensaje * / 00:00:10:027 / Root(00) para top(01)
Mensaje * / 00:00:10:027 / top(01) para riptable2(02)
Mensaje Y / 00:00:10:027 / riptable2(02) / done /      0.00000 para top(01)
Mensaje D / 00:00:10:027 / riptable2(02) / ... para top(01)
Mensaje Y / 00:00:10:027 / top(01) / done /      0.00000 para Root(00)
Mensaje D / 00:00:10:027 / top(01) / ... para Root(00)
Mensaje X / 00:00:10:030 / Root(00) / update /    300.00000 para top(01)
Mensaje X / 00:00:10:030 / top(01) / update /    300.00000 para riptable2(02)
Mensaje D / 00:00:10:030 / riptable2(02) / ... para top(01)
Mensaje D / 00:00:10:030 / top(01) / ... para Root(00)
Mensaje X / 00:00:10:031 / Root(00) / update /      1.00000 para top(01)
Mensaje X / 00:00:10:031 / top(01) / update /      1.00000 para riptable2(02)
Mensaje D / 00:00:10:031 / riptable2(02) / ... para top(01)
Mensaje D / 00:00:10:031 / top(01) / ... para Root(00)
Mensaje X / 00:00:10:032 / Root(00) / update /    200.00000 para top(01)
Mensaje X / 00:00:10:032 / top(01) / update /    200.00000 para riptable2(02)
Mensaje D / 00:00:10:032 / riptable2(02) / 00:00:00:005 para top(01)
Mensaje D / 00:00:10:032 / top(01) / 00:00:00:005 para Root(00)
Mensaje * / 00:00:10:037 / Root(00) para top(01)
Mensaje * / 00:00:10:037 / top(01) para riptable2(02)
Mensaje Y / 00:00:10:037 / riptable2(02) / done /      0.00000 para top(01)
Mensaje D / 00:00:10:037 / riptable2(02) / ... para top(01)
Mensaje Y / 00:00:10:037 / top(01) / done /      0.00000 para Root(00)
Mensaje D / 00:00:10:037 / top(01) / ... para Root(00)
Mensaje X / 00:00:10:040 / Root(00) / update /    300.00000 para top(01)
Mensaje X / 00:00:10:040 / top(01) / update /    300.00000 para riptable2(02)
Mensaje D / 00:00:10:040 / riptable2(02) / ... para top(01)
Mensaje D / 00:00:10:040 / top(01) / ... para Root(00)
Mensaje X / 00:00:10:041 / Root(00) / update /      2.00000 para top(01)
Mensaje X / 00:00:10:041 / top(01) / update /      2.00000 para riptable2(02)
Mensaje D / 00:00:10:041 / riptable2(02) / ... para top(01)
Mensaje D / 00:00:10:041 / top(01) / ... para Root(00)
Mensaje X / 00:00:10:042 / Root(00) / update /    200.00000 para top(01)
Mensaje X / 00:00:10:042 / top(01) / update /    200.00000 para riptable2(02)
Mensaje D / 00:00:10:042 / riptable2(02) / 00:00:00:005 para top(01)
Mensaje D / 00:00:10:042 / top(01) / 00:00:00:005 para Root(00)
Mensaje * / 00:00:10:047 / Root(00) para top(01)
Mensaje * / 00:00:10:047 / top(01) para riptable2(02)
Mensaje Y / 00:00:10:047 / riptable2(02) / done /      0.00000 para top(01)
Mensaje D / 00:00:10:047 / riptable2(02) / ... para top(01)
Mensaje Y / 00:00:10:047 / top(01) / done /      0.00000 para Root(00)
Mensaje D / 00:00:10:047 / top(01) / ... para Root(00)
Mensaje X / 00:00:20:000 / Root(00) / address /    300.00000 para top(01)
Mensaje X / 00:00:20:000 / top(01) / address /    300.00000 para riptable2(02)
Mensaje D / 00:00:20:000 / riptable2(02) / 00:00:00:005 para top(01)
Mensaje D / 00:00:20:000 / top(01) / 00:00:00:005 para Root(00)
Mensaje * / 00:00:20:005 / Root(00) para top(01)
Mensaje * / 00:00:20:005 / top(01) para riptable2(02)
Mensaje Y / 00:00:20:005 / riptable2(02) / interfaceport /    200.00000 para top(01)
Mensaje D / 00:00:20:005 / riptable2(02) / ... para top(01)
Mensaje Y / 00:00:20:005 / top(01) / interfaceport /    200.00000 para Root(00)
Mensaje D / 00:00:20:005 / top(01) / ... para Root(00)
